Coverage Test Run Started: Sun Nov  9 19:33:22 EST 2025
Log file: coverage-logs/coverage_run_20251109_193322.log

----------------------------------------
Checking Dependencies
----------------------------------------
Dependencies already installed

----------------------------------------
Cleaning Previous Coverage Data
----------------------------------------
Previous coverage data cleaned

----------------------------------------
Running Tests with Coverage
----------------------------------------
Executing: npm run test:verbose

> hive-main-tests@1.0.0 test:verbose
> jest --config=jest.config.coverage.js --coverage --verbose --detectOpenHandles

FAIL ./FileHubService.test.ts
  ‚óè Test suite failed to run

    [96mFileHubService.test.ts[0m:[93m1[0m:[93m32[0m - [91merror[0m[90m TS2307: [0mCannot find module '@domains/filehub/FileHubService' or its corresponding type declarations.

    [7m1[0m import { FileHubService } from '@domains/filehub/FileHubService';
    [7m [0m [91m                               ~~~~~~~~~~~~~~~~~~~~~~~~~~~~~~~~~[0m
    [96mFileHubService.test.ts[0m:[93m2[0m:[93m20[0m - [91merror[0m[90m TS2307: [0mCannot find module '@infra/db/client' or its corresponding type declarations.

    [7m2[0m import { db } from '@infra/db/client';
    [7m [0m [91m                   ~~~~~~~~~~~~~~~~~~[0m
    [96mFileHubService.test.ts[0m:[93m3[0m:[93m27[0m - [91merror[0m[90m TS2307: [0mCannot find module '@core/ai/AIService' or its corresponding type declarations.

    [7m3[0m import { aiService } from '@core/ai/AIService';
    [7m [0m [91m                          ~~~~~~~~~~~~~~~~~~~~[0m
    [96mFileHubService.test.ts[0m:[93m4[0m:[93m33[0m - [91merror[0m[90m TS2307: [0mCannot find module '@shared/types/Result' or its corresponding type declarations.

    [7m4[0m import { Ok, Err, Issues } from '@shared/types/Result';
    [7m [0m [91m                                ~~~~~~~~~~~~~~~~~~~~~~[0m
    [96mFileHubService.test.ts[0m:[93m5[0m:[93m24[0m - [91merror[0m[90m TS2307: [0mCannot find module '@shared/utils/logger' or its corresponding type declarations.

    [7m5[0m import { logger } from '@shared/utils/logger';
    [7m [0m [91m                       ~~~~~~~~~~~~~~~~~~~~~~[0m

FAIL ./StructureService.test.ts
  ‚óè Test suite failed to run

    [96mStructureService.test.ts[0m:[93m1[0m:[93m34[0m - [91merror[0m[90m TS2307: [0mCannot find module '@domains/structure/StructureService' or its corresponding type declarations.

    [7m1[0m import { StructureService } from '@domains/structure/StructureService';
    [7m [0m [91m                                 ~~~~~~~~~~~~~~~~~~~~~~~~~~~~~~~~~~~~~[0m
    [96mStructureService.test.ts[0m:[93m2[0m:[93m51[0m - [91merror[0m[90m TS2307: [0mCannot find module '@domains/structure/StructureService' or its corresponding type declarations.

    [7m2[0m import type { IntakeFormData, StructureJob } from '@domains/structure/StructureService';
    [7m [0m [91m                                                  ~~~~~~~~~~~~~~~~~~~~~~~~~~~~~~~~~~~~~[0m
    [96mStructureService.test.ts[0m:[93m3[0m:[93m58[0m - [91merror[0m[90m TS2307: [0mCannot find module '@core/ai/prompts/structure-generation' or its corresponding type declarations.

    [7m3[0m import type { StructureProposal, StructureContext } from '@core/ai/prompts/structure-generation';
    [7m [0m [91m                                                         ~~~~~~~~~~~~~~~~~~~~~~~~~~~~~~~~~~~~~~~[0m
    [96mStructureService.test.ts[0m:[93m4[0m:[93m33[0m - [91merror[0m[90m TS2307: [0mCannot find module '@shared/types/Result' or its corresponding type declarations.

    [7m4[0m import { Ok, Err, Issues } from '@shared/types/Result';
    [7m [0m [91m                                ~~~~~~~~~~~~~~~~~~~~~~[0m
    [96mStructureService.test.ts[0m:[93m5[0m:[93m27[0m - [91merror[0m[90m TS2307: [0mCannot find module '@shared/types/common' or its corresponding type declarations.

    [7m5[0m import type { UUID } from '@shared/types/common';
    [7m [0m [91m                          ~~~~~~~~~~~~~~~~~~~~~~[0m
    [96mStructureService.test.ts[0m:[93m6[0m:[93m33[0m - [91merror[0m[90m TS2307: [0mCannot find module 'pg' or its corresponding type declarations.

    [7m6[0m import type { PoolClient } from 'pg';
    [7m [0m [91m                                ~~~~[0m
    [96mStructureService.test.ts[0m:[93m18[0m:[93m20[0m - [91merror[0m[90m TS2307: [0mCannot find module '@infra/db/client' or its corresponding type declarations.

    [7m18[0m import { db } from '@infra/db/client';
    [7m  [0m [91m                   ~~~~~~~~~~~~~~~~~~[0m
    [96mStructureService.test.ts[0m:[93m19[0m:[93m27[0m - [91merror[0m[90m TS2307: [0mCannot find module '@core/ai/AIService' or its corresponding type declarations.

    [7m19[0m import { aiService } from '@core/ai/AIService';
    [7m  [0m [91m                          ~~~~~~~~~~~~~~~~~~~~[0m

FAIL ./CommunityWizard.test.tsx
  ‚óè Test suite failed to run

    [96mCommunityWizard.test.tsx[0m:[93m142[0m:[93m47[0m - [91merror[0m[90m TS2339: [0mProperty 'toBeInTheDocument' does not exist on type 'JestMatchers<HTMLElement>'.

    [7m142[0m       expect(screen.getByText('Step 1 of 3')).toBeInTheDocument();
    [7m   [0m [91m                                              ~~~~~~~~~~~~~~~~~[0m
    [96mCommunityWizard.test.tsx[0m:[93m146[0m:[93m27[0m - [91merror[0m[90m TS2339: [0mProperty 'toHaveAttribute' does not exist on type 'JestMatchers<HTMLElement>'.

    [7m146[0m       expect(progressBar).toHaveAttribute('data-value', '33.33333333333333');
    [7m   [0m [91m                          ~~~~~~~~~~~~~~~[0m
    [96mCommunityWizard.test.tsx[0m:[93m150[0m:[93m30[0m - [91merror[0m[90m TS2339: [0mProperty 'toBeDisabled' does not exist on type 'JestMatchers<HTMLElement>'.

    [7m150[0m       expect(continueButton).toBeDisabled();
    [7m   [0m [91m                             ~~~~~~~~~~~~[0m
    [96mCommunityWizard.test.tsx[0m:[93m153[0m:[93m50[0m - [91merror[0m[90m TS2339: [0mProperty 'toBeInTheDocument' does not exist on type 'JestMatchers<HTMLElement>'.

    [7m153[0m       expect(screen.getByText('Community Size')).toBeInTheDocument();
    [7m   [0m [91m                                                 ~~~~~~~~~~~~~~~~~[0m
    [96mCommunityWizard.test.tsx[0m:[93m154[0m:[93m51[0m - [91merror[0m[90m TS2339: [0mProperty 'toBeInTheDocument' does not exist on type 'JestMatchers<HTMLElement>'.

    [7m154[0m       expect(screen.getByText('Core Activities')).toBeInTheDocument();
    [7m   [0m [91m                                                  ~~~~~~~~~~~~~~~~~[0m
    [96mCommunityWizard.test.tsx[0m:[93m155[0m:[93m55[0m - [91merror[0m[90m TS2339: [0mProperty 'toBeInTheDocument' does not exist on type 'JestMatchers<HTMLElement>'.

    [7m155[0m       expect(screen.getByText('Moderation Capacity')).toBeInTheDocument();
    [7m   [0m [91m                                                      ~~~~~~~~~~~~~~~~~[0m
    [96mCommunityWizard.test.tsx[0m:[93m166[0m:[93m36[0m - [91merror[0m[90m TS2339: [0mProperty 'toBeChecked' does not exist on type 'Matchers<void, HTMLElement>'.

    [7m166[0m       expect(projectsCheckbox).not.toBeChecked();
    [7m   [0m [91m                                   ~~~~~~~~~~~[0m
    [96mCommunityWizard.test.tsx[0m:[93m172[0m:[93m32[0m - [91merror[0m[90m TS2339: [0mProperty 'toBeChecked' does not exist on type 'JestMatchers<HTMLElement>'.

    [7m172[0m       expect(projectsCheckbox).toBeChecked();
    [7m   [0m [91m                               ~~~~~~~~~~~[0m
    [96mCommunityWizard.test.tsx[0m:[93m182[0m:[93m32[0m - [91merror[0m[90m TS2339: [0mProperty 'toBeChecked' does not exist on type 'JestMatchers<HTMLElement>'.

    [7m182[0m       expect(projectsCheckbox).toBeChecked();
    [7m   [0m [91m                               ~~~~~~~~~~~[0m
    [96mCommunityWizard.test.tsx[0m:[93m188[0m:[93m36[0m - [91merror[0m[90m TS2339: [0mProperty 'toBeChecked' does not exist on type 'Matchers<void, HTMLElement>'.

    [7m188[0m       expect(projectsCheckbox).not.toBeChecked();
    [7m   [0m [91m                                   ~~~~~~~~~~~[0m
    [96mCommunityWizard.test.tsx[0m:[93m199[0m:[93m30[0m - [91merror[0m[90m TS2339: [0mProperty 'toBeDisabled' does not exist on type 'JestMatchers<HTMLElement>'.

    [7m199[0m       expect(continueButton).toBeDisabled();
    [7m   [0m [91m                             ~~~~~~~~~~~~[0m
    [96mCommunityWizard.test.tsx[0m:[93m219[0m:[93m34[0m - [91merror[0m[90m TS2339: [0mProperty 'toBeDisabled' does not exist on type 'Matchers<void, HTMLElement>'.

    [7m219[0m       expect(continueButton).not.toBeDisabled();
    [7m   [0m [91m                                 ~~~~~~~~~~~~[0m
    [96mCommunityWizard.test.tsx[0m:[93m237[0m:[93m47[0m - [91merror[0m[90m TS2339: [0mProperty 'toBeInTheDocument' does not exist on type 'JestMatchers<HTMLElement>'.

    [7m237[0m       expect(screen.getByText('Step 2 of 3')).toBeInTheDocument();
    [7m   [0m [91m                                              ~~~~~~~~~~~~~~~~~[0m
    [96mCommunityWizard.test.tsx[0m:[93m238[0m:[93m60[0m - [91merror[0m[90m TS2339: [0mProperty 'toBeInTheDocument' does not exist on type 'JestMatchers<HTMLElement>'.

    [7m238[0m       expect(screen.getByText('Import Current Workspace')).toBeInTheDocument();
    [7m   [0m [91m                                                           ~~~~~~~~~~~~~~~~~[0m
    [96mCommunityWizard.test.tsx[0m:[93m259[0m:[93m43[0m - [91merror[0m[90m TS2339: [0mProperty 'toBeInTheDocument' does not exist on type 'JestMatchers<HTMLElement>'.

    [7m259[0m       expect(screen.getByText('100-300')).toBeInTheDocument();
    [7m   [0m [91m                                          ~~~~~~~~~~~~~~~~~[0m
    [96mCommunityWizard.test.tsx[0m:[93m277[0m:[93m40[0m - [91merror[0m[90m TS2339: [0mProperty 'toBeInTheDocument' does not exist on type 'JestMatchers<HTMLElement>'.

    [7m277[0m       expect(screen.getByText('high')).toBeInTheDocument();
    [7m   [0m [91m                                       ~~~~~~~~~~~~~~~~~[0m
    [96mCommunityWizard.test.tsx[0m:[93m286[0m:[93m54[0m - [91merror[0m[90m TS2339: [0mProperty 'toBeInTheDocument' does not exist on type 'JestMatchers<HTMLElement>'.

    [7m286[0m       expect(screen.getByText('Channel Budget: 10')).toBeInTheDocument();
    [7m   [0m [91m                                                     ~~~~~~~~~~~~~~~~~[0m
    [96mCommunityWizard.test.tsx[0m:[93m293[0m:[93m54[0m - [91merror[0m[90m TS2339: [0mProperty 'toBeInTheDocument' does not exist on type 'JestMatchers<HTMLElement>'.

    [7m293[0m       expect(screen.getByText('Channel Budget: 12')).toBeInTheDocument();
    [7m   [0m [91m                                                     ~~~~~~~~~~~~~~~~~[0m
    [96mCommunityWizard.test.tsx[0m:[93m302[0m:[93m47[0m - [91merror[0m[90m TS2339: [0mProperty 'toBeInTheDocument' does not exist on type 'JestMatchers<HTMLElement>'.

    [7m302[0m       expect(screen.getByText('12 channels')).toBeInTheDocument();
    [7m   [0m [91m                                              ~~~~~~~~~~~~~~~~~[0m
    [96mCommunityWizard.test.tsx[0m:[93m328[0m:[93m47[0m - [91merror[0m[90m TS2339: [0mProperty 'toBeInTheDocument' does not exist on type 'JestMatchers<HTMLElement>'.

    [7m328[0m       expect(screen.getByText('Import From')).toBeInTheDocument();
    [7m   [0m [91m                                              ~~~~~~~~~~~~~~~~~[0m
    [96mCommunityWizard.test.tsx[0m:[93m329[0m:[93m41[0m - [91merror[0m[90m TS2339: [0mProperty 'toBeInTheDocument' does not exist on type 'JestMatchers<HTMLElement>'.

    [7m329[0m       expect(screen.getByText('Slack')).toBeInTheDocument();
    [7m   [0m [91m                                        ~~~~~~~~~~~~~~~~~[0m
    [96mCommunityWizard.test.tsx[0m:[93m355[0m:[93m47[0m - [91merror[0m[90m TS2339: [0mProperty 'toBeInTheDocument' does not exist on type 'JestMatchers<HTMLElement>'.

    [7m355[0m       expect(screen.getByText('Step 2 of 3')).toBeInTheDocument();
    [7m   [0m [91m                                              ~~~~~~~~~~~~~~~~~[0m
    [96mCommunityWizard.test.tsx[0m:[93m362[0m:[93m47[0m - [91merror[0m[90m TS2339: [0mProperty 'toBeInTheDocument' does not exist on type 'JestMatchers<HTMLElement>'.

    [7m362[0m       expect(screen.getByText('Step 1 of 3')).toBeInTheDocument();
    [7m   [0m [91m                                              ~~~~~~~~~~~~~~~~~[0m
    [96mCommunityWizard.test.tsx[0m:[93m363[0m:[93m50[0m - [91merror[0m[90m TS2339: [0mProperty 'toBeInTheDocument' does not exist on type 'JestMatchers<HTMLElement>'.

    [7m363[0m       expect(screen.getByText('Community Size')).toBeInTheDocument();
    [7m   [0m [91m                                                 ~~~~~~~~~~~~~~~~~[0m
    [96mCommunityWizard.test.tsx[0m:[93m412[0m:[93m67[0m - [91merror[0m[90m TS2339: [0mProperty 'toBeInTheDocument' does not exist on type 'Matchers<void, HTMLElement | null>'.

    [7m412[0m       expect(screen.queryByRole('button', { name: /back/i })).not.toBeInTheDocument();
    [7m   [0m [91m                                                                  ~~~~~~~~~~~~~~~~~[0m
    [96mCommunityWizard.test.tsx[0m:[93m425[0m:[93m55[0m - [91merror[0m[90m TS2339: [0mProperty 'toBeInTheDocument' does not exist on type 'Matchers<void, HTMLElement | null>'.

    [7m425[0m       expect(screen.queryByTestId('badge-Slack')).not.toBeInTheDocument();
    [7m   [0m [91m                                                      ~~~~~~~~~~~~~~~~~[0m
    [96mCommunityWizard.test.tsx[0m:[93m426[0m:[93m57[0m - [91merror[0m[90m TS2339: [0mProperty 'toBeInTheDocument' does not exist on type 'Matchers<void, HTMLElement | null>'.

    [7m426[0m       expect(screen.queryByTestId('badge-Discord')).not.toBeInTheDocument();
    [7m   [0m [91m                                                        ~~~~~~~~~~~~~~~~~[0m
    [96mCommunityWizard.test.tsx[0m:[93m432[0m:[93m49[0m - [91merror[0m[90m TS2339: [0mProperty 'toBeInTheDocument' does not exist on type 'JestMatchers<HTMLElement>'.

    [7m432[0m       expect(screen.getByTestId('badge-Slack')).toBeInTheDocument();
    [7m   [0m [91m                                                ~~~~~~~~~~~~~~~~~[0m
    [96mCommunityWizard.test.tsx[0m:[93m433[0m:[93m51[0m - [91merror[0m[90m TS2339: [0mProperty 'toBeInTheDocument' does not exist on type 'JestMatchers<HTMLElement>'.

    [7m433[0m       expect(screen.getByTestId('badge-Discord')).toBeInTheDocument();
    [7m   [0m [91m                                                  ~~~~~~~~~~~~~~~~~[0m
    [96mCommunityWizard.test.tsx[0m:[93m453[0m:[93m44[0m - [91merror[0m[90m TS2339: [0mProperty 'toBeInTheDocument' does not exist on type 'JestMatchers<HTMLElement>'.

    [7m453[0m       expect(screen.getByText('Projects')).toBeInTheDocument();
    [7m   [0m [91m                                           ~~~~~~~~~~~~~~~~~[0m
    [96mCommunityWizard.test.tsx[0m:[93m454[0m:[93m42[0m - [91merror[0m[90m TS2339: [0mProperty 'toBeInTheDocument' does not exist on type 'JestMatchers<HTMLElement>'.

    [7m454[0m       expect(screen.getByText('Events')).toBeInTheDocument();
    [7m   [0m [91m                                         ~~~~~~~~~~~~~~~~~[0m
    [96mCommunityWizard.test.tsx[0m:[93m455[0m:[93m43[0m - [91merror[0m[90m TS2339: [0mProperty 'toBeInTheDocument' does not exist on type 'JestMatchers<HTMLElement>'.

    [7m455[0m       expect(screen.getByText('Support')).toBeInTheDocument();
    [7m   [0m [91m                                          ~~~~~~~~~~~~~~~~~[0m
    [96mCommunityWizard.test.tsx[0m:[93m469[0m:[93m36[0m - [91merror[0m[90m TS2339: [0mProperty 'toHaveClass' does not exist on type 'JestMatchers<ChildNode | null>'.

    [7m469[0m       expect(container.firstChild).toHaveClass('flex', 'flex-col', 'h-full');
    [7m   [0m [91m                                   ~~~~~~~~~~~[0m

FAIL ./HubDashboard.test.tsx
  ‚óè Test suite failed to run

    [96mHubDashboard.test.tsx[0m:[93m3[0m:[93m23[0m - [91merror[0m[90m TS2307: [0mCannot find module 'sonner' or its corresponding type declarations.

    [7m3[0m import { toast } from 'sonner';
    [7m [0m [91m                      ~~~~~~~~[0m
    [96mHubDashboard.test.tsx[0m:[93m5[0m:[93m39[0m - [91merror[0m[90m TS2307: [0mCannot find module 'lucide-react' or its corresponding type declarations.

    [7m5[0m import { FileText, AlertCircle } from 'lucide-react';
    [7m [0m [91m                                      ~~~~~~~~~~~~~~[0m
    [96mHubDashboard.test.tsx[0m:[93m19[0m:[93m43[0m - [91merror[0m[90m TS2686: [0m'React' refers to a UMD global, but the current file is a module. Consider adding an import instead.

    [7m19[0m     FileText: jest.fn(({ className }) => <div data-testid="file-text-icon" className={className} />),
    [7m  [0m [91m                                          ~~~[0m
    [96mHubDashboard.test.tsx[0m:[93m20[0m:[93m46[0m - [91merror[0m[90m TS2686: [0m'React' refers to a UMD global, but the current file is a module. Consider adding an import instead.

    [7m20[0m     AlertCircle: jest.fn(({ className }) => <div data-testid="alert-circle-icon" className={className} />),
    [7m  [0m [91m                                             ~~~[0m
    [96mHubDashboard.test.tsx[0m:[93m39[0m:[93m15[0m - [91merror[0m[90m TS2686: [0m'React' refers to a UMD global, but the current file is a module. Consider adding an import instead.

    [7m39[0m       render(<HubDashboard onBack={mockOnBack} />);
    [7m  [0m [91m              ~~~~~~~~~~~~[0m
    [96mHubDashboard.test.tsx[0m:[93m47[0m:[93m23[0m - [91merror[0m[90m TS2339: [0mProperty 'toBeInTheDocument' does not exist on type 'JestMatchers<HTMLElement>'.

    [7m47[0m       expect(pdfCard).toBeInTheDocument();
    [7m  [0m [91m                      ~~~~~~~~~~~~~~~~~[0m
    [96mHubDashboard.test.tsx[0m:[93m64[0m:[93m15[0m - [91merror[0m[90m TS2686: [0m'React' refers to a UMD global, but the current file is a module. Consider adding an import instead.

    [7m64[0m       render(<HubDashboard onBack={mockOnBack} />);
    [7m  [0m [91m              ~~~~~~~~~~~~[0m
    [96mHubDashboard.test.tsx[0m:[93m72[0m:[93m28[0m - [91merror[0m[90m TS2339: [0mProperty 'toBeInTheDocument' does not exist on type 'JestMatchers<HTMLElement>'.

    [7m72[0m       expect(githubSource).toBeInTheDocument();
    [7m  [0m [91m                           ~~~~~~~~~~~~~~~~~[0m
    [96mHubDashboard.test.tsx[0m:[93m88[0m:[93m15[0m - [91merror[0m[90m TS2686: [0m'React' refers to a UMD global, but the current file is a module. Consider adding an import instead.

    [7m88[0m       render(<HubDashboard onBack={mockOnBack} />);
    [7m  [0m [91m              ~~~~~~~~~~~~[0m
    [96mHubDashboard.test.tsx[0m:[93m92[0m:[93m27[0m - [91merror[0m[90m TS2339: [0mProperty 'toHaveAttribute' does not exist on type 'JestMatchers<HTMLElement>'.

    [7m92[0m       expect(overviewTab).toHaveAttribute('data-state', 'active');
    [7m  [0m [91m                          ~~~~~~~~~~~~~~~[0m
    [96mHubDashboard.test.tsx[0m:[93m95[0m:[93m62[0m - [91merror[0m[90m TS2339: [0mProperty 'toBeInTheDocument' does not exist on type 'JestMatchers<HTMLElement>'.

    [7m95[0m       expect(screen.getByRole('tab', { name: /overview/i })).toBeInTheDocument();
    [7m  [0m [91m                                                             ~~~~~~~~~~~~~~~~~[0m
    [96mHubDashboard.test.tsx[0m:[93m96[0m:[93m59[0m - [91merror[0m[90m TS2339: [0mProperty 'toBeInTheDocument' does not exist on type 'JestMatchers<HTMLElement>'.

    [7m96[0m       expect(screen.getByRole('tab', { name: /files/i })).toBeInTheDocument();
    [7m  [0m [91m                                                          ~~~~~~~~~~~~~~~~~[0m
    [96mHubDashboard.test.tsx[0m:[93m97[0m:[93m61[0m - [91merror[0m[90m TS2339: [0mProperty 'toBeInTheDocument' does not exist on type 'JestMatchers<HTMLElement>'.

    [7m97[0m       expect(screen.getByRole('tab', { name: /sources/i })).toBeInTheDocument();
    [7m  [0m [91m                                                            ~~~~~~~~~~~~~~~~~[0m
    [96mHubDashboard.test.tsx[0m:[93m98[0m:[93m59[0m - [91merror[0m[90m TS2339: [0mProperty 'toBeInTheDocument' does not exist on type 'JestMatchers<HTMLElement>'.

    [7m98[0m       expect(screen.getByRole('tab', { name: /rules/i })).toBeInTheDocument();
    [7m  [0m [91m                                                          ~~~~~~~~~~~~~~~~~[0m
    [96mHubDashboard.test.tsx[0m:[93m99[0m:[93m60[0m - [91merror[0m[90m TS2339: [0mProperty 'toBeInTheDocument' does not exist on type 'JestMatchers<HTMLElement>'.

    [7m99[0m       expect(screen.getByRole('tab', { name: /audits/i })).toBeInTheDocument();
    [7m  [0m [91m                                                           ~~~~~~~~~~~~~~~~~[0m
    [96mHubDashboard.test.tsx[0m:[93m103[0m:[93m24[0m - [91merror[0m[90m TS2339: [0mProperty 'toBeInTheDocument' does not exist on type 'JestMatchers<HTMLElement>'.

    [7m103[0m       expect(tabsList).toBeInTheDocument();
    [7m   [0m [91m                       ~~~~~~~~~~~~~~~~~[0m
    [96mHubDashboard.test.tsx[0m:[93m112[0m:[93m15[0m - [91merror[0m[90m TS2686: [0m'React' refers to a UMD global, but the current file is a module. Consider adding an import instead.

    [7m112[0m       render(<HubDashboard onBack={mockOnBack} />);
    [7m   [0m [91m              ~~~~~~~~~~~~[0m
    [96mHubDashboard.test.tsx[0m:[93m122[0m:[93m74[0m - [91merror[0m[90m TS2531: [0mObject is possibly 'null'.

    [7m122[0m       const oneDriveCard = oneDriveText.closest('[data-slot="card"]') || oneDriveText.closest('div').closest('div').closest('div');
    [7m   [0m [91m                                                                         ~~~~~~~~~~~~~~~~~~~~~~~~~~~[0m
    [96mHubDashboard.test.tsx[0m:[93m122[0m:[93m74[0m - [91merror[0m[90m TS2531: [0mObject is possibly 'null'.

    [7m122[0m       const oneDriveCard = oneDriveText.closest('[data-slot="card"]') || oneDriveText.closest('div').closest('div').closest('div');
    [7m   [0m [91m                                                                         ~~~~~~~~~~~~~~~~~~~~~~~~~~~~~~~~~~~~~~~~~~[0m
    [96mHubDashboard.test.tsx[0m:[93m147[0m:[93m15[0m - [91merror[0m[90m TS2686: [0m'React' refers to a UMD global, but the current file is a module. Consider adding an import instead.

    [7m147[0m       render(<HubDashboard onBack={mockOnBack} />);
    [7m   [0m [91m              ~~~~~~~~~~~~[0m
    [96mHubDashboard.test.tsx[0m:[93m180[0m:[93m71[0m - [91merror[0m[90m TS2339: [0mProperty 'toBeInTheDocument' does not exist on type 'JestMatchers<HTMLElement>'.

    [7m180[0m         expect(screen.getByText(/Design System Components\.sketch/i)).toBeInTheDocument();
    [7m   [0m [91m                                                                      ~~~~~~~~~~~~~~~~~[0m
    [96mHubDashboard.test.tsx[0m:[93m184[0m:[93m73[0m - [91merror[0m[90m TS2339: [0mProperty 'toBeInTheDocument' does not exist on type 'Matchers<void, HTMLElement | null>'.

    [7m184[0m       expect(screen.queryByText(/Mobile App Redesign Brief\.pdf/i)).not.toBeInTheDocument();
    [7m   [0m [91m                                                                        ~~~~~~~~~~~~~~~~~[0m
    [96mHubDashboard.test.tsx[0m:[93m185[0m:[93m67[0m - [91merror[0m[90m TS2339: [0mProperty 'toBeInTheDocument' does not exist on type 'Matchers<void, HTMLElement | null>'.

    [7m185[0m       expect(screen.queryByText(/Homepage wireframes\.fig/i)).not.toBeInTheDocument();
    [7m   [0m [91m                                                                  ~~~~~~~~~~~~~~~~~[0m
    [96mHubDashboard.test.tsx[0m:[93m186[0m:[93m59[0m - [91merror[0m[90m TS2339: [0mProperty 'toBeInTheDocument' does not exist on type 'Matchers<void, HTMLElement | null>'.

    [7m186[0m       expect(screen.queryByText(/client-pitch\.md/i)).not.toBeInTheDocument();
    [7m   [0m [91m                                                          ~~~~~~~~~~~~~~~~~[0m
    [96mHubDashboard.test.tsx[0m:[93m193[0m:[93m15[0m - [91merror[0m[90m TS2686: [0m'React' refers to a UMD global, but the current file is a module. Consider adding an import instead.

    [7m193[0m       render(<HubDashboard onBack={mockOnBack} />);
    [7m   [0m [91m              ~~~~~~~~~~~~[0m
    [96mHubDashboard.test.tsx[0m:[93m208[0m:[93m69[0m - [91merror[0m[90m TS2339: [0mProperty 'toBeInTheDocument' does not exist on type 'JestMatchers<HTMLElement>'.

    [7m208[0m         expect(screen.getByText(/Mobile App Redesign Brief\.pdf/i)).toBeInTheDocument();
    [7m   [0m [91m                                                                    ~~~~~~~~~~~~~~~~~[0m
    [96mHubDashboard.test.tsx[0m:[93m209[0m:[93m71[0m - [91merror[0m[90m TS2339: [0mProperty 'toBeInTheDocument' does not exist on type 'JestMatchers<HTMLElement>'.

    [7m209[0m         expect(screen.getByText(/Design System Components\.sketch/i)).toBeInTheDocument();
    [7m   [0m [91m                                                                      ~~~~~~~~~~~~~~~~~[0m
    [96mHubDashboard.test.tsx[0m:[93m213[0m:[93m67[0m - [91merror[0m[90m TS2339: [0mProperty 'toBeInTheDocument' does not exist on type 'Matchers<void, HTMLElement | null>'.

    [7m213[0m       expect(screen.queryByText(/Homepage wireframes\.fig/i)).not.toBeInTheDocument();
    [7m   [0m [91m                                                                  ~~~~~~~~~~~~~~~~~[0m
    [96mHubDashboard.test.tsx[0m:[93m214[0m:[93m59[0m - [91merror[0m[90m TS2339: [0mProperty 'toBeInTheDocument' does not exist on type 'Matchers<void, HTMLElement | null>'.

    [7m214[0m       expect(screen.queryByText(/client-pitch\.md/i)).not.toBeInTheDocument();
    [7m   [0m [91m                                                          ~~~~~~~~~~~~~~~~~[0m
    [96mHubDashboard.test.tsx[0m:[93m215[0m:[93m56[0m - [91merror[0m[90m TS2339: [0mProperty 'toBeInTheDocument' does not exist on type 'Matchers<void, HTMLElement | null>'.

    [7m215[0m       expect(screen.queryByText(/Meeting Notes/i)).not.toBeInTheDocument();
    [7m   [0m [91m                                                       ~~~~~~~~~~~~~~~~~[0m
    [96mHubDashboard.test.tsx[0m:[93m222[0m:[93m15[0m - [91merror[0m[90m TS2686: [0m'React' refers to a UMD global, but the current file is a module. Consider adding an import instead.

    [7m222[0m       render(<HubDashboard onBack={mockOnBack} />);
    [7m   [0m [91m              ~~~~~~~~~~~~[0m
    [96mHubDashboard.test.tsx[0m:[93m240[0m:[93m69[0m - [91merror[0m[90m TS2339: [0mProperty 'toBeInTheDocument' does not exist on type 'JestMatchers<HTMLElement>'.

    [7m240[0m         expect(screen.getByText(/Mobile App Redesign Brief\.pdf/i)).toBeInTheDocument();
    [7m   [0m [91m                                                                    ~~~~~~~~~~~~~~~~~[0m
    [96mHubDashboard.test.tsx[0m:[93m241[0m:[93m71[0m - [91merror[0m[90m TS2339: [0mProperty 'toBeInTheDocument' does not exist on type 'JestMatchers<HTMLElement>'.

    [7m241[0m         expect(screen.getByText(/Design System Components\.sketch/i)).toBeInTheDocument();
    [7m   [0m [91m                                                                      ~~~~~~~~~~~~~~~~~[0m
    [96mHubDashboard.test.tsx[0m:[93m245[0m:[93m67[0m - [91merror[0m[90m TS2339: [0mProperty 'toBeInTheDocument' does not exist on type 'Matchers<void, HTMLElement | null>'.

    [7m245[0m       expect(screen.queryByText(/Homepage wireframes\.fig/i)).not.toBeInTheDocument();
    [7m   [0m [91m                                                                  ~~~~~~~~~~~~~~~~~[0m
    [96mHubDashboard.test.tsx[0m:[93m246[0m:[93m59[0m - [91merror[0m[90m TS2339: [0mProperty 'toBeInTheDocument' does not exist on type 'Matchers<void, HTMLElement | null>'.

    [7m246[0m       expect(screen.queryByText(/client-pitch\.md/i)).not.toBeInTheDocument();
    [7m   [0m [91m                                                          ~~~~~~~~~~~~~~~~~[0m
    [96mHubDashboard.test.tsx[0m:[93m247[0m:[93m56[0m - [91merror[0m[90m TS2339: [0mProperty 'toBeInTheDocument' does not exist on type 'Matchers<void, HTMLElement | null>'.

    [7m247[0m       expect(screen.queryByText(/Meeting Notes/i)).not.toBeInTheDocument();
    [7m   [0m [91m                                                       ~~~~~~~~~~~~~~~~~[0m
    [96mHubDashboard.test.tsx[0m:[93m248[0m:[93m65[0m - [91merror[0m[90m TS2339: [0mProperty 'toBeInTheDocument' does not exist on type 'Matchers<void, HTMLElement | null>'.

    [7m248[0m       expect(screen.queryByText(/API Documentation\.pdf/i)).not.toBeInTheDocument();
    [7m   [0m [91m                                                                ~~~~~~~~~~~~~~~~~[0m
    [96mHubDashboard.test.tsx[0m:[93m255[0m:[93m15[0m - [91merror[0m[90m TS2686: [0m'React' refers to a UMD global, but the current file is a module. Consider adding an import instead.

    [7m255[0m       render(<HubDashboard onBack={mockOnBack} />);
    [7m   [0m [91m              ~~~~~~~~~~~~[0m
    [96mHubDashboard.test.tsx[0m:[93m273[0m:[93m55[0m - [91merror[0m[90m TS2339: [0mProperty 'toBeInTheDocument' does not exist on type 'JestMatchers<HTMLElement>'.

    [7m273[0m         expect(screen.getByText(/client-pitch\.md/i)).toBeInTheDocument();
    [7m   [0m [91m                                                      ~~~~~~~~~~~~~~~~~[0m
    [96mHubDashboard.test.tsx[0m:[93m274[0m:[93m71[0m - [91merror[0m[90m TS2339: [0mProperty 'toBeInTheDocument' does not exist on type 'JestMatchers<HTMLElement>'.

    [7m274[0m         expect(screen.getByText(/Design System Components\.sketch/i)).toBeInTheDocument();
    [7m   [0m [91m                                                                      ~~~~~~~~~~~~~~~~~[0m
    [96mHubDashboard.test.tsx[0m:[93m275[0m:[93m61[0m - [91merror[0m[90m TS2339: [0mProperty 'toBeInTheDocument' does not exist on type 'JestMatchers<HTMLElement>'.

    [7m275[0m         expect(screen.getByText(/API Documentation\.pdf/i)).toBeInTheDocument();
    [7m   [0m [91m                                                            ~~~~~~~~~~~~~~~~~[0m
    [96mHubDashboard.test.tsx[0m:[93m279[0m:[93m73[0m - [91merror[0m[90m TS2339: [0mProperty 'toBeInTheDocument' does not exist on type 'Matchers<void, HTMLElement | null>'.

    [7m279[0m       expect(screen.queryByText(/Mobile App Redesign Brief\.pdf/i)).not.toBeInTheDocument();
    [7m   [0m [91m                                                                        ~~~~~~~~~~~~~~~~~[0m
    [96mHubDashboard.test.tsx[0m:[93m280[0m:[93m67[0m - [91merror[0m[90m TS2339: [0mProperty 'toBeInTheDocument' does not exist on type 'Matchers<void, HTMLElement | null>'.

    [7m280[0m       expect(screen.queryByText(/Homepage wireframes\.fig/i)).not.toBeInTheDocument();
    [7m   [0m [91m                                                                  ~~~~~~~~~~~~~~~~~[0m
    [96mHubDashboard.test.tsx[0m:[93m281[0m:[93m56[0m - [91merror[0m[90m TS2339: [0mProperty 'toBeInTheDocument' does not exist on type 'Matchers<void, HTMLElement | null>'.

    [7m281[0m       expect(screen.queryByText(/Meeting Notes/i)).not.toBeInTheDocument();
    [7m   [0m [91m                                                       ~~~~~~~~~~~~~~~~~[0m
    [96mHubDashboard.test.tsx[0m:[93m288[0m:[93m15[0m - [91merror[0m[90m TS2686: [0m'React' refers to a UMD global, but the current file is a module. Consider adding an import instead.

    [7m288[0m       render(<HubDashboard onBack={mockOnBack} />);
    [7m   [0m [91m              ~~~~~~~~~~~~[0m
    [96mHubDashboard.test.tsx[0m:[93m299[0m:[93m29[0m - [91merror[0m[90m TS2339: [0mProperty 'toBeInTheDocument' does not exist on type 'JestMatchers<Element | null>'.

    [7m299[0m       expect(firstFileCard).toBeInTheDocument();
    [7m   [0m [91m                            ~~~~~~~~~~~~~~~~~[0m
    [96mHubDashboard.test.tsx[0m:[93m304[0m:[93m50[0m - [91merror[0m[90m TS2339: [0mProperty 'toBeInTheDocument' does not exist on type 'JestMatchers<HTMLElement>'.

    [7m304[0m         expect(screen.getByText('File Details')).toBeInTheDocument();
    [7m   [0m [91m                                                 ~~~~~~~~~~~~~~~~~[0m
    [96mHubDashboard.test.tsx[0m:[93m308[0m:[93m52[0m - [91merror[0m[90m TS2339: [0mProperty 'toBeInTheDocument' does not exist on type 'JestMatchers<HTMLElement>'.

    [7m308[0m       expect(screen.getByText(/Recent Activity/i)).toBeInTheDocument();
    [7m   [0m [91m                                                   ~~~~~~~~~~~~~~~~~[0m
    [96mHubDashboard.test.tsx[0m:[93m315[0m:[93m15[0m - [91merror[0m[90m TS2686: [0m'React' refers to a UMD global, but the current file is a module. Consider adding an import instead.

    [7m315[0m       render(<HubDashboard onBack={mockOnBack} />);
    [7m   [0m [91m              ~~~~~~~~~~~~[0m
    [96mHubDashboard.test.tsx[0m:[93m330[0m:[93m50[0m - [91merror[0m[90m TS2339: [0mProperty 'toBeInTheDocument' does not exist on type 'JestMatchers<HTMLElement>'.

    [7m330[0m         expect(screen.getByText('File Details')).toBeInTheDocument();
    [7m   [0m [91m                                                 ~~~~~~~~~~~~~~~~~[0m
    [96mHubDashboard.test.tsx[0m:[93m339[0m:[93m56[0m - [91merror[0m[90m TS2339: [0mProperty 'toBeInTheDocument' does not exist on type 'Matchers<void, HTMLElement | null>'.

    [7m339[0m         expect(screen.queryByText('File Details')).not.toBeInTheDocument();
    [7m   [0m [91m                                                       ~~~~~~~~~~~~~~~~~[0m
    [96mHubDashboard.test.tsx[0m:[93m346[0m:[93m15[0m - [91merror[0m[90m TS2686: [0m'React' refers to a UMD global, but the current file is a module. Consider adding an import instead.

    [7m346[0m       render(<HubDashboard onBack={mockOnBack} />);
    [7m   [0m [91m              ~~~~~~~~~~~~[0m
    [96mHubDashboard.test.tsx[0m:[93m360[0m:[93m15[0m - [91merror[0m[90m TS2686: [0m'React' refers to a UMD global, but the current file is a module. Consider adding an import instead.

    [7m360[0m       render(<HubDashboard onBack={mockOnBack} />);
    [7m   [0m [91m              ~~~~~~~~~~~~[0m
    [96mHubDashboard.test.tsx[0m:[93m370[0m:[93m32[0m - [91merror[0m[90m TS2339: [0mProperty 'toBeChecked' does not exist on type 'JestMatchers<HTMLElement>'.

    [7m370[0m       expect(hashDedupeSwitch).toBeChecked();
    [7m   [0m [91m                               ~~~~~~~~~~~[0m
    [96mHubDashboard.test.tsx[0m:[93m377[0m:[93m38[0m - [91merror[0m[90m TS2339: [0mProperty 'toBeChecked' does not exist on type 'Matchers<void, HTMLElement>'.

    [7m377[0m         expect(hashDedupeSwitch).not.toBeChecked();
    [7m   [0m [91m                                     ~~~~~~~~~~~[0m
    [96mHubDashboard.test.tsx[0m:[93m385[0m:[93m34[0m - [91merror[0m[90m TS2339: [0mProperty 'toBeChecked' does not exist on type 'JestMatchers<HTMLElement>'.

    [7m385[0m         expect(hashDedupeSwitch).toBeChecked();
    [7m   [0m [91m                                 ~~~~~~~~~~~[0m
    [96mHubDashboard.test.tsx[0m:[93m393[0m:[93m15[0m - [91merror[0m[90m TS2686: [0m'React' refers to a UMD global, but the current file is a module. Consider adding an import instead.

    [7m393[0m       render(<HubDashboard onBack={mockOnBack} />);
    [7m   [0m [91m              ~~~~~~~~~~~~[0m
    [96mHubDashboard.test.tsx[0m:[93m403[0m:[93m36[0m - [91merror[0m[90m TS2339: [0mProperty 'toBeChecked' does not exist on type 'Matchers<void, HTMLElement>'.

    [7m403[0m       expect(similaritySwitch).not.toBeChecked();
    [7m   [0m [91m                                   ~~~~~~~~~~~[0m
    [96mHubDashboard.test.tsx[0m:[93m406[0m:[93m32[0m - [91merror[0m[90m TS2339: [0mProperty 'toBeDisabled' does not exist on type 'JestMatchers<HTMLElement>'.

    [7m406[0m       expect(similaritySwitch).toBeDisabled();
    [7m   [0m [91m                               ~~~~~~~~~~~~[0m
    [96mHubDashboard.test.tsx[0m:[93m412[0m:[93m36[0m - [91merror[0m[90m TS2339: [0mProperty 'toBeChecked' does not exist on type 'Matchers<void, HTMLElement>'.

    [7m412[0m       expect(similaritySwitch).not.toBeChecked();
    [7m   [0m [91m                                   ~~~~~~~~~~~[0m
    [96mHubDashboard.test.tsx[0m:[93m415[0m:[93m32[0m - [91merror[0m[90m TS2339: [0mProperty 'toBeDisabled' does not exist on type 'JestMatchers<HTMLElement>'.

    [7m415[0m       expect(similaritySwitch).toBeDisabled();
    [7m   [0m [91m                               ~~~~~~~~~~~~[0m
    [96mHubDashboard.test.tsx[0m:[93m422[0m:[93m15[0m - [91merror[0m[90m TS2686: [0m'React' refers to a UMD global, but the current file is a module. Consider adding an import instead.

    [7m422[0m       render(<HubDashboard onBack={mockOnBack} />);
    [7m   [0m [91m              ~~~~~~~~~~~~[0m
    [96mHubDashboard.test.tsx[0m:[93m437[0m:[93m59[0m - [91merror[0m[90m TS2339: [0mProperty 'toBeInTheDocument' does not exist on type 'JestMatchers<HTMLElement>'.

    [7m437[0m       expect(screen.getByRole('tab', { name: /files/i })).toBeInTheDocument();
    [7m   [0m [91m                                                          ~~~~~~~~~~~~~~~~~[0m

FAIL ./StructureService.coverage.test.ts
  ‚óè Test suite failed to run

    [96mStructureService.coverage.test.ts[0m:[93m1[0m:[93m34[0m - [91merror[0m[90m TS2307: [0mCannot find module '@domains/structure/StructureService' or its corresponding type declarations.

    [7m1[0m import { StructureService } from '@domains/structure/StructureService';
    [7m [0m [91m                                 ~~~~~~~~~~~~~~~~~~~~~~~~~~~~~~~~~~~~~[0m
    [96mStructureService.coverage.test.ts[0m:[93m2[0m:[93m51[0m - [91merror[0m[90m TS2307: [0mCannot find module '@domains/structure/StructureService' or its corresponding type declarations.

    [7m2[0m import type { IntakeFormData, StructureJob } from '@domains/structure/StructureService';
    [7m [0m [91m                                                  ~~~~~~~~~~~~~~~~~~~~~~~~~~~~~~~~~~~~~[0m
    [96mStructureService.coverage.test.ts[0m:[93m3[0m:[93m58[0m - [91merror[0m[90m TS2307: [0mCannot find module '@core/ai/prompts/structure-generation' or its corresponding type declarations.

    [7m3[0m import type { StructureProposal, StructureContext } from '@core/ai/prompts/structure-generation';
    [7m [0m [91m                                                         ~~~~~~~~~~~~~~~~~~~~~~~~~~~~~~~~~~~~~~~[0m
    [96mStructureService.coverage.test.ts[0m:[93m4[0m:[93m33[0m - [91merror[0m[90m TS2307: [0mCannot find module '@shared/types/Result' or its corresponding type declarations.

    [7m4[0m import { Ok, Err, Issues } from '@shared/types/Result';
    [7m [0m [91m                                ~~~~~~~~~~~~~~~~~~~~~~[0m
    [96mStructureService.coverage.test.ts[0m:[93m5[0m:[93m27[0m - [91merror[0m[90m TS2307: [0mCannot find module '@shared/types/common' or its corresponding type declarations.

    [7m5[0m import type { UUID } from '@shared/types/common';
    [7m [0m [91m                          ~~~~~~~~~~~~~~~~~~~~~~[0m
    [96mStructureService.coverage.test.ts[0m:[93m6[0m:[93m33[0m - [91merror[0m[90m TS2307: [0mCannot find module 'pg' or its corresponding type declarations.

    [7m6[0m import type { PoolClient } from 'pg';
    [7m [0m [91m                                ~~~~[0m
    [96mStructureService.coverage.test.ts[0m:[93m21[0m:[93m20[0m - [91merror[0m[90m TS2307: [0mCannot find module '@infra/db/client' or its corresponding type declarations.

    [7m21[0m import { db } from '@infra/db/client';
    [7m  [0m [91m                   ~~~~~~~~~~~~~~~~~~[0m
    [96mStructureService.coverage.test.ts[0m:[93m22[0m:[93m27[0m - [91merror[0m[90m TS2307: [0mCannot find module '@core/ai/AIService' or its corresponding type declarations.

    [7m22[0m import { aiService } from '@core/ai/AIService';
    [7m  [0m [91m                          ~~~~~~~~~~~~~~~~~~~~[0m
    [96mStructureService.coverage.test.ts[0m:[93m134[0m:[93m54[0m - [91merror[0m[90m TS7006: [0mParameter 'callback' implicitly has an 'any' type.

    [7m134[0m         mockDb.transaction.mockImplementation(async (callback) => {
    [7m   [0m [91m                                                     ~~~~~~~~[0m
    [96mStructureService.coverage.test.ts[0m:[93m212[0m:[93m54[0m - [91merror[0m[90m TS7006: [0mParameter 'callback' implicitly has an 'any' type.

    [7m212[0m         mockDb.transaction.mockImplementation(async (callback) => {
    [7m   [0m [91m                                                     ~~~~~~~~[0m
    [96mStructureService.coverage.test.ts[0m:[93m261[0m:[93m54[0m - [91merror[0m[90m TS7006: [0mParameter 'callback' implicitly has an 'any' type.

    [7m261[0m         mockDb.transaction.mockImplementation(async (callback) => {
    [7m   [0m [91m                                                     ~~~~~~~~[0m
    [96mStructureService.coverage.test.ts[0m:[93m357[0m:[93m54[0m - [91merror[0m[90m TS7006: [0mParameter 'callback' implicitly has an 'any' type.

    [7m357[0m         mockDb.transaction.mockImplementation(async (callback) => {
    [7m   [0m [91m                                                     ~~~~~~~~[0m
    [96mStructureService.coverage.test.ts[0m:[93m402[0m:[93m54[0m - [91merror[0m[90m TS7006: [0mParameter 'callback' implicitly has an 'any' type.

    [7m402[0m         mockDb.transaction.mockImplementation(async (callback) => {
    [7m   [0m [91m                                                     ~~~~~~~~[0m
    [96mStructureService.coverage.test.ts[0m:[93m425[0m:[93m24[0m - [91merror[0m[90m TS2683: [0m'this' implicitly has type 'any' because it does not have a type annotation.

    [7m425[0m     const testState = (this as any).currentTest?.state;
    [7m   [0m [91m                       ~~~~[0m

      [96mStructureService.coverage.test.ts[0m:[93m424[0m:[93m13[0m
        [7m424[0m   afterEach(function() {
        [7m   [0m [96m            ~~~~~~~~[0m
        An outer value of 'this' is shadowed by this container.

üì¶ report is created on: /Users/akeilsmith/hive-2/main-tests/coverage/html-report/test-report.html
--------------------|---------|----------|---------|---------|-------------------
File                | % Stmts | % Branch | % Funcs | % Lines | Uncovered Line #s 
--------------------|---------|----------|---------|---------|-------------------
All files           |       0 |        0 |       0 |       0 |                   
 coverage-logger.ts |       0 |        0 |       0 |       0 | 6-271             
--------------------|---------|----------|---------|---------|-------------------

=============================== Coverage summary ===============================
Statements   : 0% ( 0/73 )
Branches     : 0% ( 0/11 )
Functions    : 0% ( 0/20 )
Lines        : 0% ( 0/73 )
================================================================================
Jest: "global" coverage threshold for statements (80%) not met: 0%
Jest: "global" coverage threshold for branches (80%) not met: 0%
Jest: "global" coverage threshold for lines (80%) not met: 0%
Jest: "global" coverage threshold for functions (80%) not met: 0%
Test Suites: 5 failed, 5 total
Tests:       0 total
Snapshots:   0 total
Time:        2.285 s
Ran all test suites.
‚ùå Some tests failed. Exit code: 1

----------------------------------------
Generating Coverage Analysis
----------------------------------------
[36m[1m=== Coverage Analysis Report ===[0m
Generated: 2025-11-10T00:33:25.475Z

[31mError: Coverage summary not found. Run tests with coverage first.[0m

----------------------------------------
Coverage Summary
----------------------------------------

----------------------------------------
Test Run Complete
----------------------------------------
Summary saved to: coverage-logs/coverage_summary_20251109_193322.txt
Full log saved to: coverage-logs/coverage_run_20251109_193322.log
Coverage reports available in: coverage/

Opening HTML coverage report in browser...
