{"/Users/akeilsmith/hive-2/backend/src/app.ts": {"path":"/Users/akeilsmith/hive-2/backend/src/app.ts","statementMap":{"0":{"start":{"line":18,"column":0},"end":{"line":18,"column":7}},"1":{"start":{"line":1,"column":0},"end":{"line":1,"column":30}},"2":{"start":{"line":2,"column":0},"end":{"line":2,"column":33}},"3":{"start":{"line":3,"column":0},"end":{"line":3,"column":36}},"4":{"start":{"line":4,"column":0},"end":{"line":4,"column":30}},"5":{"start":{"line":5,"column":0},"end":{"line":5,"column":63}},"6":{"start":{"line":6,"column":0},"end":{"line":6,"column":48}},"7":{"start":{"line":7,"column":0},"end":{"line":7,"column":52}},"8":{"start":{"line":8,"column":0},"end":{"line":8,"column":59}},"9":{"start":{"line":9,"column":0},"end":{"line":9,"column":58}},"10":{"start":{"line":10,"column":0},"end":{"line":10,"column":58}},"11":{"start":{"line":11,"column":0},"end":{"line":11,"column":54}},"12":{"start":{"line":12,"column":0},"end":{"line":12,"column":50}},"13":{"start":{"line":13,"column":0},"end":{"line":13,"column":47}},"14":{"start":{"line":19,"column":14},"end":{"line":23,"column":4}},"15":{"start":{"line":21,"column":20},"end":{"line":21,"column":32}},"16":{"start":{"line":26,"column":2},"end":{"line":29,"column":5}},"17":{"start":{"line":32,"column":2},"end":{"line":39,"column":5}},"18":{"start":{"line":33,"column":4},"end":{"line":38,"column":7}},"19":{"start":{"line":42,"column":2},"end":{"line":50,"column":5}},"20":{"start":{"line":43,"column":4},"end":{"line":49,"column":7}},"21":{"start":{"line":53,"column":2},"end":{"line":53,"column":36}},"22":{"start":{"line":56,"column":2},"end":{"line":56,"column":35}},"23":{"start":{"line":57,"column":2},"end":{"line":57,"column":33}},"24":{"start":{"line":58,"column":2},"end":{"line":58,"column":38}},"25":{"start":{"line":59,"column":2},"end":{"line":59,"column":38}},"26":{"start":{"line":60,"column":2},"end":{"line":60,"column":38}},"27":{"start":{"line":61,"column":2},"end":{"line":61,"column":36}},"28":{"start":{"line":64,"column":2},"end":{"line":64,"column":28}},"29":{"start":{"line":67,"column":2},"end":{"line":78,"column":5}},"30":{"start":{"line":68,"column":4},"end":{"line":77,"column":7}},"31":{"start":{"line":80,"column":2},"end":{"line":80,"column":13}}},"fnMap":{"0":{"name":"createApp","decl":{"start":{"line":18,"column":22},"end":{"line":18,"column":31}},"loc":{"start":{"line":18,"column":31},"end":{"line":81,"column":1}}},"1":{"name":"(anonymous_2)","decl":{"start":{"line":21,"column":14},"end":{"line":21,"column":17}},"loc":{"start":{"line":21,"column":20},"end":{"line":21,"column":32}}},"2":{"name":"(anonymous_3)","decl":{"start":{"line":32,"column":27},"end":{"line":32,"column":32}},"loc":{"start":{"line":32,"column":53},"end":{"line":39,"column":3}}},"3":{"name":"(anonymous_4)","decl":{"start":{"line":42,"column":28},"end":{"line":42,"column":33}},"loc":{"start":{"line":42,"column":53},"end":{"line":50,"column":3}}},"4":{"name":"(anonymous_5)","decl":{"start":{"line":67,"column":25},"end":{"line":67,"column":26}},"loc":{"start":{"line":67,"column":44},"end":{"line":78,"column":3}}}},"branchMap":{},"s":{"0":4,"1":4,"2":4,"3":4,"4":4,"5":4,"6":4,"7":4,"8":4,"9":4,"10":4,"11":4,"12":4,"13":4,"14":0,"15":0,"16":0,"17":0,"18":0,"19":0,"20":0,"21":0,"22":0,"23":0,"24":0,"25":0,"26":0,"27":0,"28":0,"29":0,"30":0,"31":0},"f":{"0":0,"1":0,"2":0,"3":0,"4":0},"b":{}}
,"/Users/akeilsmith/hive-2/backend/src/core/ai/AIService.ts": {"path":"/Users/akeilsmith/hive-2/backend/src/core/ai/AIService.ts","statementMap":{"0":{"start":{"line":1,"column":0},"end":{"line":1,"column":60}},"1":{"start":{"line":2,"column":0},"end":{"line":2,"column":50}},"2":{"start":{"line":3,"column":0},"end":{"line":3,"column":124}},"3":{"start":{"line":4,"column":0},"end":{"line":4,"column":111}},"4":{"start":{"line":5,"column":0},"end":{"line":5,"column":63}},"5":{"start":{"line":6,"column":0},"end":{"line":6,"column":46}},"6":{"start":{"line":7,"column":0},"end":{"line":7,"column":35}},"7":{"start":{"line":29,"column":4},"end":{"line":32,"column":5}},"8":{"start":{"line":30,"column":6},"end":{"line":30,"column":55}},"9":{"start":{"line":31,"column":6},"end":{"line":31,"column":51}},"10":{"start":{"line":34,"column":4},"end":{"line":81,"column":5}},"11":{"start":{"line":35,"column":21},"end":{"line":35,"column":50}},"12":{"start":{"line":37,"column":6},"end":{"line":40,"column":9}},"13":{"start":{"line":43,"column":21},"end":{"line":49,"column":null}},"14":{"start":{"line":52,"column":6},"end":{"line":54,"column":7}},"15":{"start":{"line":53,"column":8},"end":{"line":53,"column":22}},"16":{"start":{"line":57,"column":24},"end":{"line":60,"column":null}},"17":{"start":{"line":63,"column":6},"end":{"line":68,"column":7}},"18":{"start":{"line":64,"column":8},"end":{"line":66,"column":11}},"19":{"start":{"line":67,"column":8},"end":{"line":67,"column":25}},"20":{"start":{"line":70,"column":6},"end":{"line":75,"column":9}},"21":{"start":{"line":77,"column":6},"end":{"line":77,"column":33}},"22":{"start":{"line":79,"column":6},"end":{"line":79,"column":61}},"23":{"start":{"line":80,"column":6},"end":{"line":80,"column":68}},"24":{"start":{"line":91,"column":4},"end":{"line":94,"column":5}},"25":{"start":{"line":92,"column":6},"end":{"line":92,"column":55}},"26":{"start":{"line":93,"column":6},"end":{"line":93,"column":43}},"27":{"start":{"line":96,"column":4},"end":{"line":142,"column":5}},"28":{"start":{"line":97,"column":21},"end":{"line":97,"column":52}},"29":{"start":{"line":99,"column":6},"end":{"line":101,"column":9}},"30":{"start":{"line":104,"column":21},"end":{"line":110,"column":null}},"31":{"start":{"line":113,"column":6},"end":{"line":115,"column":7}},"32":{"start":{"line":114,"column":8},"end":{"line":114,"column":22}},"33":{"start":{"line":118,"column":24},"end":{"line":121,"column":null}},"34":{"start":{"line":124,"column":6},"end":{"line":129,"column":7}},"35":{"start":{"line":125,"column":8},"end":{"line":127,"column":11}},"36":{"start":{"line":128,"column":8},"end":{"line":128,"column":25}},"37":{"start":{"line":131,"column":6},"end":{"line":136,"column":9}},"38":{"start":{"line":138,"column":6},"end":{"line":138,"column":33}},"39":{"start":{"line":140,"column":6},"end":{"line":140,"column":53}},"40":{"start":{"line":141,"column":6},"end":{"line":141,"column":68}},"41":{"start":{"line":151,"column":4},"end":{"line":154,"column":5}},"42":{"start":{"line":152,"column":6},"end":{"line":152,"column":70}},"43":{"start":{"line":153,"column":6},"end":{"line":153,"column":40}},"44":{"start":{"line":156,"column":4},"end":{"line":175,"column":5}},"45":{"start":{"line":157,"column":6},"end":{"line":157,"column":68}},"46":{"start":{"line":159,"column":21},"end":{"line":159,"column":54}},"47":{"start":{"line":161,"column":6},"end":{"line":163,"column":7}},"48":{"start":{"line":162,"column":8},"end":{"line":162,"column":22}},"49":{"start":{"line":165,"column":6},"end":{"line":169,"column":9}},"50":{"start":{"line":171,"column":6},"end":{"line":171,"column":41}},"51":{"start":{"line":173,"column":6},"end":{"line":173,"column":61}},"52":{"start":{"line":174,"column":6},"end":{"line":174,"column":69}},"53":{"start":{"line":184,"column":40},"end":{"line":208,"column":6}},"54":{"start":{"line":210,"column":4},"end":{"line":210,"column":24}},"55":{"start":{"line":217,"column":39},"end":{"line":222,"column":6}},"56":{"start":{"line":224,"column":4},"end":{"line":224,"column":24}},"57":{"start":{"line":232,"column":23},"end":{"line":234,"column":6}},"58":{"start":{"line":233,"column":6},"end":{"line":233,"column":70}},"59":{"start":{"line":233,"column":47},"end":{"line":233,"column":68}},"60":{"start":{"line":236,"column":4},"end":{"line":236,"column":26}},"61":{"start":{"line":21,"column":0},"end":{"line":21,"column":13}},"62":{"start":{"line":240,"column":13},"end":{"line":240,"column":41}}},"fnMap":{"0":{"name":"(anonymous_1)","decl":{"start":{"line":26,"column":2},"end":{"line":26,"column":7}},"loc":{"start":{"line":27,"column":29},"end":{"line":82,"column":3}}},"1":{"name":"(anonymous_2)","decl":{"start":{"line":88,"column":2},"end":{"line":88,"column":7}},"loc":{"start":{"line":89,"column":24},"end":{"line":143,"column":3}}},"2":{"name":"(anonymous_3)","decl":{"start":{"line":148,"column":2},"end":{"line":148,"column":7}},"loc":{"start":{"line":149,"column":19},"end":{"line":176,"column":3}}},"3":{"name":"(anonymous_4)","decl":{"start":{"line":181,"column":10},"end":{"line":181,"column":33}},"loc":{"start":{"line":182,"column":30},"end":{"line":211,"column":3}}},"4":{"name":"(anonymous_5)","decl":{"start":{"line":216,"column":10},"end":{"line":216,"column":25}},"loc":{"start":{"line":216,"column":46},"end":{"line":225,"column":3}}},"5":{"name":"(anonymous_6)","decl":{"start":{"line":230,"column":10},"end":{"line":230,"column":24}},"loc":{"start":{"line":230,"column":40},"end":{"line":237,"column":3}}},"6":{"name":"(anonymous_7)","decl":{"start":{"line":232,"column":33},"end":{"line":232,"column":36}},"loc":{"start":{"line":232,"column":38},"end":{"line":234,"column":5}}},"7":{"name":"(anonymous_8)","decl":{"start":{"line":233,"column":41},"end":{"line":233,"column":44}},"loc":{"start":{"line":233,"column":47},"end":{"line":233,"column":68}}}},"branchMap":{"0":{"loc":{"start":{"line":29,"column":4},"end":{"line":32,"column":5}},"type":"if","locations":[{"start":{"line":29,"column":4},"end":{"line":32,"column":5}}]},"1":{"loc":{"start":{"line":52,"column":6},"end":{"line":54,"column":7}},"type":"if","locations":[{"start":{"line":52,"column":6},"end":{"line":54,"column":7}}]},"2":{"loc":{"start":{"line":63,"column":6},"end":{"line":68,"column":7}},"type":"if","locations":[{"start":{"line":63,"column":6},"end":{"line":68,"column":7}}]},"3":{"loc":{"start":{"line":91,"column":4},"end":{"line":94,"column":5}},"type":"if","locations":[{"start":{"line":91,"column":4},"end":{"line":94,"column":5}}]},"4":{"loc":{"start":{"line":113,"column":6},"end":{"line":115,"column":7}},"type":"if","locations":[{"start":{"line":113,"column":6},"end":{"line":115,"column":7}}]},"5":{"loc":{"start":{"line":124,"column":6},"end":{"line":129,"column":7}},"type":"if","locations":[{"start":{"line":124,"column":6},"end":{"line":129,"column":7}}]},"6":{"loc":{"start":{"line":151,"column":4},"end":{"line":154,"column":5}},"type":"if","locations":[{"start":{"line":151,"column":4},"end":{"line":154,"column":5}}]},"7":{"loc":{"start":{"line":161,"column":6},"end":{"line":163,"column":7}},"type":"if","locations":[{"start":{"line":161,"column":6},"end":{"line":163,"column":7}}]}},"s":{"0":7,"1":7,"2":7,"3":7,"4":7,"5":7,"6":7,"7":2,"8":2,"9":2,"10":0,"11":0,"12":0,"13":0,"14":0,"15":0,"16":0,"17":0,"18":0,"19":0,"20":0,"21":0,"22":0,"23":0,"24":2,"25":2,"26":2,"27":0,"28":0,"29":0,"30":0,"31":0,"32":0,"33":0,"34":0,"35":0,"36":0,"37":0,"38":0,"39":0,"40":0,"41":1,"42":1,"43":1,"44":0,"45":0,"46":0,"47":0,"48":0,"49":0,"50":0,"51":0,"52":0,"53":2,"54":2,"55":2,"56":2,"57":1,"58":3,"59":2304,"60":1,"61":7,"62":7},"f":{"0":2,"1":2,"2":1,"3":2,"4":2,"5":1,"6":3,"7":2304},"b":{"0":[2],"1":[0],"2":[0],"3":[2],"4":[0],"5":[0],"6":[1],"7":[0]}}
,"/Users/akeilsmith/hive-2/backend/src/core/ai/SchemaEnforcer.ts": {"path":"/Users/akeilsmith/hive-2/backend/src/core/ai/SchemaEnforcer.ts","statementMap":{"0":{"start":{"line":1,"column":0},"end":{"line":1,"column":44}},"1":{"start":{"line":2,"column":0},"end":{"line":2,"column":70}},"2":{"start":{"line":3,"column":0},"end":{"line":3,"column":46}},"3":{"start":{"line":16,"column":12},"end":{"line":19,"column":2}},"4":{"start":{"line":22,"column":54},"end":{"line":22,"column":63}},"5":{"start":{"line":32,"column":4},"end":{"line":68,"column":5}},"6":{"start":{"line":34,"column":22},"end":{"line":34,"column":51}},"7":{"start":{"line":36,"column":6},"end":{"line":39,"column":7}},"8":{"start":{"line":37,"column":8},"end":{"line":37,"column":40}},"9":{"start":{"line":38,"column":8},"end":{"line":38,"column":49}},"10":{"start":{"line":42,"column":20},"end":{"line":42,"column":35}},"11":{"start":{"line":44,"column":6},"end":{"line":62,"column":7}},"12":{"start":{"line":45,"column":32},"end":{"line":54,"column":11}},"13":{"start":{"line":45,"column":73},"end":{"line":54,"column":10}},"14":{"start":{"line":56,"column":8},"end":{"line":59,"column":11}},"15":{"start":{"line":61,"column":8},"end":{"line":61,"column":27}},"16":{"start":{"line":64,"column":6},"end":{"line":64,"column":27}},"17":{"start":{"line":66,"column":6},"end":{"line":66,"column":67}},"18":{"start":{"line":67,"column":6},"end":{"line":67,"column":64}},"19":{"start":{"line":89,"column":4},"end":{"line":89,"column":42}},"20":{"start":{"line":96,"column":4},"end":{"line":96,"column":28}},"21":{"start":{"line":21,"column":0},"end":{"line":21,"column":13}},"22":{"start":{"line":100,"column":13},"end":{"line":100,"column":51}}},"fnMap":{"0":{"name":"(anonymous_1)","decl":{"start":{"line":27,"column":2},"end":{"line":27,"column":10}},"loc":{"start":{"line":30,"column":34},"end":{"line":69,"column":3}}},"1":{"name":"(anonymous_2)","decl":{"start":{"line":45,"column":61},"end":{"line":45,"column":62}},"loc":{"start":{"line":45,"column":73},"end":{"line":54,"column":10}}},"2":{"name":"(anonymous_3)","decl":{"start":{"line":75,"column":2},"end":{"line":75,"column":7}},"loc":{"start":{"line":79,"column":28},"end":{"line":90,"column":3}}},"3":{"name":"(anonymous_4)","decl":{"start":{"line":95,"column":2},"end":{"line":95,"column":12}},"loc":{"start":{"line":95,"column":12},"end":{"line":97,"column":3}}}},"branchMap":{"0":{"loc":{"start":{"line":30,"column":4},"end":{"line":30,"column":34}},"type":"default-arg","locations":[{"start":{"line":30,"column":23},"end":{"line":30,"column":34}}]},"1":{"loc":{"start":{"line":36,"column":6},"end":{"line":39,"column":7}},"type":"if","locations":[{"start":{"line":36,"column":6},"end":{"line":39,"column":7}}]},"2":{"loc":{"start":{"line":44,"column":6},"end":{"line":62,"column":7}},"type":"if","locations":[{"start":{"line":44,"column":6},"end":{"line":62,"column":7}}]},"3":{"loc":{"start":{"line":45,"column":33},"end":{"line":45,"column":55}},"type":"binary-expr","locations":[{"start":{"line":45,"column":33},"end":{"line":45,"column":49}},{"start":{"line":45,"column":53},"end":{"line":45,"column":55}}]},"4":{"loc":{"start":{"line":47,"column":22},"end":{"line":47,"column":50}},"type":"binary-expr","locations":[{"start":{"line":47,"column":22},"end":{"line":47,"column":40}},{"start":{"line":47,"column":44},"end":{"line":47,"column":50}}]},"5":{"loc":{"start":{"line":79,"column":4},"end":{"line":79,"column":28}},"type":"default-arg","locations":[{"start":{"line":79,"column":27},"end":{"line":79,"column":28}}]}},"s":{"0":7,"1":7,"2":7,"3":7,"4":7,"5":0,"6":0,"7":0,"8":0,"9":0,"10":0,"11":0,"12":0,"13":0,"14":0,"15":0,"16":0,"17":0,"18":0,"19":0,"20":0,"21":7,"22":7},"f":{"0":0,"1":0,"2":0,"3":0},"b":{"0":[0],"1":[0],"2":[0],"3":[0,0],"4":[0,0],"5":[0]}}
,"/Users/akeilsmith/hive-2/backend/src/core/ai/prompts/file-tagging.ts": {"path":"/Users/akeilsmith/hive-2/backend/src/core/ai/prompts/file-tagging.ts","statementMap":{"0":{"start":{"line":22,"column":0},"end":{"line":22,"column":16}},"1":{"start":{"line":23,"column":2},"end":{"line":80,"column":39}},"2":{"start":{"line":83,"column":13},"end":{"line":97,"column":2}}},"fnMap":{"0":{"name":"buildFileTaggingPrompt","decl":{"start":{"line":22,"column":16},"end":{"line":22,"column":38}},"loc":{"start":{"line":22,"column":59},"end":{"line":81,"column":1}}}},"branchMap":{"0":{"loc":{"start":{"line":28,"column":2},"end":{"line":28,"column":57}},"type":"cond-expr","locations":[{"start":{"line":28,"column":21},"end":{"line":28,"column":52}},{"start":{"line":28,"column":55},"end":{"line":28,"column":57}}]},"1":{"loc":{"start":{"line":29,"column":2},"end":{"line":29,"column":71}},"type":"cond-expr","locations":[{"start":{"line":29,"column":17},"end":{"line":29,"column":66}},{"start":{"line":29,"column":69},"end":{"line":29,"column":71}}]},"2":{"loc":{"start":{"line":30,"column":2},"end":{"line":30,"column":66}},"type":"cond-expr","locations":[{"start":{"line":30,"column":24},"end":{"line":30,"column":61}},{"start":{"line":30,"column":64},"end":{"line":30,"column":66}}]},"3":{"loc":{"start":{"line":31,"column":2},"end":{"line":31,"column":72}},"type":"cond-expr","locations":[{"start":{"line":31,"column":25},"end":{"line":31,"column":67}},{"start":{"line":31,"column":70},"end":{"line":31,"column":72}}]},"4":{"loc":{"start":{"line":32,"column":2},"end":{"line":32,"column":93}},"type":"cond-expr","locations":[{"start":{"line":32,"column":33},"end":{"line":32,"column":88}},{"start":{"line":32,"column":91},"end":{"line":32,"column":93}}]}},"s":{"0":7,"1":0,"2":7},"f":{"0":0},"b":{"0":[0,0],"1":[0,0],"2":[0,0],"3":[0,0],"4":[0,0]}}
,"/Users/akeilsmith/hive-2/backend/src/core/ai/prompts/structure-generation.ts": {"path":"/Users/akeilsmith/hive-2/backend/src/core/ai/prompts/structure-generation.ts","statementMap":{"0":{"start":{"line":32,"column":0},"end":{"line":32,"column":16}},"1":{"start":{"line":33,"column":2},"end":{"line":100,"column":56}},"2":{"start":{"line":103,"column":13},"end":{"line":142,"column":2}}},"fnMap":{"0":{"name":"buildStructurePrompt","decl":{"start":{"line":32,"column":16},"end":{"line":32,"column":36}},"loc":{"start":{"line":32,"column":62},"end":{"line":101,"column":1}}}},"branchMap":{"0":{"loc":{"start":{"line":42,"column":2},"end":{"line":42,"column":89}},"type":"cond-expr","locations":[{"start":{"line":42,"column":30},"end":{"line":42,"column":84}},{"start":{"line":42,"column":87},"end":{"line":42,"column":89}}]}},"s":{"0":7,"1":0,"2":7},"f":{"0":0},"b":{"0":[0,0]}}
,"/Users/akeilsmith/hive-2/backend/src/core/ai/providers/OpenAIProvider.ts": {"path":"/Users/akeilsmith/hive-2/backend/src/core/ai/providers/OpenAIProvider.ts","statementMap":{"0":{"start":{"line":1,"column":0},"end":{"line":1,"column":28}},"1":{"start":{"line":2,"column":0},"end":{"line":2,"column":35}},"2":{"start":{"line":3,"column":0},"end":{"line":3,"column":46}},"3":{"start":{"line":4,"column":0},"end":{"line":4,"column":63}},"4":{"start":{"line":50,"column":33},"end":{"line":50,"column":34}},"5":{"start":{"line":53,"column":4},"end":{"line":55,"column":5}},"6":{"start":{"line":54,"column":6},"end":{"line":54,"column":58}},"7":{"start":{"line":57,"column":4},"end":{"line":60,"column":7}},"8":{"start":{"line":62,"column":4},"end":{"line":62,"column":20}},"9":{"start":{"line":72,"column":22},"end":{"line":72,"column":32}},"10":{"start":{"line":74,"column":4},"end":{"line":109,"column":5}},"11":{"start":{"line":75,"column":23},"end":{"line":81,"column":8}},"12":{"start":{"line":83,"column":21},"end":{"line":83,"column":40}},"13":{"start":{"line":84,"column":6},"end":{"line":86,"column":7}},"14":{"start":{"line":85,"column":8},"end":{"line":85,"column":74}},"15":{"start":{"line":88,"column":39},"end":{"line":97,"column":8}},"16":{"start":{"line":99,"column":23},"end":{"line":99,"column":45}},"17":{"start":{"line":100,"column":6},"end":{"line":104,"column":9}},"18":{"start":{"line":106,"column":6},"end":{"line":106,"column":24}},"19":{"start":{"line":108,"column":6},"end":{"line":108,"column":49}},"20":{"start":{"line":120,"column":4},"end":{"line":144,"column":5}},"21":{"start":{"line":122,"column":25},"end":{"line":122,"column":130}},"22":{"start":{"line":124,"column":21},"end":{"line":127,"column":8}},"23":{"start":{"line":129,"column":6},"end":{"line":131,"column":7}},"24":{"start":{"line":130,"column":8},"end":{"line":130,"column":22}},"25":{"start":{"line":134,"column":6},"end":{"line":141,"column":7}},"26":{"start":{"line":135,"column":21},"end":{"line":135,"column":58}},"27":{"start":{"line":136,"column":8},"end":{"line":136,"column":52}},"28":{"start":{"line":138,"column":8},"end":{"line":140,"column":11}},"29":{"start":{"line":143,"column":6},"end":{"line":143,"column":53}},"30":{"start":{"line":154,"column":22},"end":{"line":154,"column":32}},"31":{"start":{"line":156,"column":4},"end":{"line":182,"column":5}},"32":{"start":{"line":157,"column":23},"end":{"line":161,"column":8}},"33":{"start":{"line":163,"column":25},"end":{"line":163,"column":68}},"34":{"start":{"line":163,"column":53},"end":{"line":163,"column":67}},"35":{"start":{"line":165,"column":40},"end":{"line":169,"column":8}},"36":{"start":{"line":171,"column":23},"end":{"line":171,"column":45}},"37":{"start":{"line":172,"column":6},"end":{"line":177,"column":9}},"38":{"start":{"line":179,"column":6},"end":{"line":179,"column":24}},"39":{"start":{"line":181,"column":6},"end":{"line":181,"column":46}},"40":{"start":{"line":189,"column":4},"end":{"line":216,"column":5}},"41":{"start":{"line":190,"column":6},"end":{"line":194,"column":9}},"42":{"start":{"line":197,"column":6},"end":{"line":201,"column":7}},"43":{"start":{"line":198,"column":8},"end":{"line":200,"column":11}},"44":{"start":{"line":203,"column":6},"end":{"line":205,"column":7}},"45":{"start":{"line":204,"column":8},"end":{"line":204,"column":67}},"46":{"start":{"line":207,"column":6},"end":{"line":211,"column":7}},"47":{"start":{"line":208,"column":8},"end":{"line":210,"column":11}},"48":{"start":{"line":213,"column":6},"end":{"line":215,"column":9}},"49":{"start":{"line":218,"column":4},"end":{"line":218,"column":68}},"50":{"start":{"line":219,"column":4},"end":{"line":219,"column":73}},"51":{"start":{"line":226,"column":4},"end":{"line":230,"column":5}},"52":{"start":{"line":227,"column":6},"end":{"line":229,"column":7}},"53":{"start":{"line":228,"column":8},"end":{"line":228,"column":63}},"54":{"start":{"line":48,"column":0},"end":{"line":48,"column":13}},"55":{"start":{"line":234,"column":13},"end":{"line":234,"column":51}}},"fnMap":{"0":{"name":"(anonymous_1)","decl":{"start":{"line":52,"column":2},"end":{"line":52,"column":null}},"loc":{"start":{"line":52,"column":2},"end":{"line":63,"column":3}}},"1":{"name":"(anonymous_2)","decl":{"start":{"line":68,"column":2},"end":{"line":68,"column":7}},"loc":{"start":{"line":70,"column":33},"end":{"line":110,"column":3}}},"2":{"name":"(anonymous_3)","decl":{"start":{"line":115,"column":2},"end":{"line":115,"column":7}},"loc":{"start":{"line":118,"column":33},"end":{"line":145,"column":3}}},"3":{"name":"(anonymous_4)","decl":{"start":{"line":150,"column":2},"end":{"line":150,"column":7}},"loc":{"start":{"line":152,"column":34},"end":{"line":183,"column":3}}},"4":{"name":"(anonymous_5)","decl":{"start":{"line":163,"column":43},"end":{"line":163,"column":44}},"loc":{"start":{"line":163,"column":53},"end":{"line":163,"column":67}}},"5":{"name":"(anonymous_6)","decl":{"start":{"line":188,"column":10},"end":{"line":188,"column":21}},"loc":{"start":{"line":188,"column":55},"end":{"line":220,"column":3}}},"6":{"name":"(anonymous_7)","decl":{"start":{"line":225,"column":10},"end":{"line":225,"column":18}},"loc":{"start":{"line":225,"column":18},"end":{"line":231,"column":3}}}},"branchMap":{"0":{"loc":{"start":{"line":53,"column":4},"end":{"line":55,"column":5}},"type":"if","locations":[{"start":{"line":53,"column":4},"end":{"line":55,"column":5}}]},"1":{"loc":{"start":{"line":70,"column":4},"end":{"line":70,"column":33}},"type":"default-arg","locations":[{"start":{"line":70,"column":31},"end":{"line":70,"column":33}}]},"2":{"loc":{"start":{"line":76,"column":15},"end":{"line":76,"column":50}},"type":"binary-expr","locations":[{"start":{"line":76,"column":15},"end":{"line":76,"column":28}},{"start":{"line":76,"column":32},"end":{"line":76,"column":50}}]},"3":{"loc":{"start":{"line":78,"column":21},"end":{"line":78,"column":47}},"type":"binary-expr","locations":[{"start":{"line":78,"column":21},"end":{"line":78,"column":40}},{"start":{"line":78,"column":44},"end":{"line":78,"column":47}}]},"4":{"loc":{"start":{"line":84,"column":6},"end":{"line":86,"column":7}},"type":"if","locations":[{"start":{"line":84,"column":6},"end":{"line":86,"column":7}}]},"5":{"loc":{"start":{"line":84,"column":10},"end":{"line":84,"column":44}},"type":"binary-expr","locations":[{"start":{"line":84,"column":10},"end":{"line":84,"column":17}},{"start":{"line":84,"column":21},"end":{"line":84,"column":44}}]},"6":{"loc":{"start":{"line":92,"column":18},"end":{"line":92,"column":52}},"type":"binary-expr","locations":[{"start":{"line":92,"column":18},"end":{"line":92,"column":47}},{"start":{"line":92,"column":51},"end":{"line":92,"column":52}}]},"7":{"loc":{"start":{"line":93,"column":22},"end":{"line":93,"column":60}},"type":"binary-expr","locations":[{"start":{"line":93,"column":22},"end":{"line":93,"column":55}},{"start":{"line":93,"column":59},"end":{"line":93,"column":60}}]},"8":{"loc":{"start":{"line":94,"column":17},"end":{"line":94,"column":50}},"type":"binary-expr","locations":[{"start":{"line":94,"column":17},"end":{"line":94,"column":45}},{"start":{"line":94,"column":49},"end":{"line":94,"column":50}}]},"9":{"loc":{"start":{"line":118,"column":4},"end":{"line":118,"column":33}},"type":"default-arg","locations":[{"start":{"line":118,"column":31},"end":{"line":118,"column":33}}]},"10":{"loc":{"start":{"line":129,"column":6},"end":{"line":131,"column":7}},"type":"if","locations":[{"start":{"line":129,"column":6},"end":{"line":131,"column":7}}]},"11":{"loc":{"start":{"line":152,"column":4},"end":{"line":152,"column":34}},"type":"default-arg","locations":[{"start":{"line":152,"column":32},"end":{"line":152,"column":34}}]},"12":{"loc":{"start":{"line":158,"column":15},"end":{"line":158,"column":59}},"type":"binary-expr","locations":[{"start":{"line":158,"column":15},"end":{"line":158,"column":28}},{"start":{"line":158,"column":32},"end":{"line":158,"column":59}}]},"13":{"loc":{"start":{"line":189,"column":4},"end":{"line":216,"column":5}},"type":"if","locations":[{"start":{"line":189,"column":4},"end":{"line":216,"column":5}}]},"14":{"loc":{"start":{"line":197,"column":6},"end":{"line":201,"column":7}},"type":"if","locations":[{"start":{"line":197,"column":6},"end":{"line":201,"column":7}}]},"15":{"loc":{"start":{"line":203,"column":6},"end":{"line":205,"column":7}},"type":"if","locations":[{"start":{"line":203,"column":6},"end":{"line":205,"column":7}}]},"16":{"loc":{"start":{"line":207,"column":6},"end":{"line":211,"column":7}},"type":"if","locations":[{"start":{"line":207,"column":6},"end":{"line":211,"column":7}}]},"17":{"loc":{"start":{"line":214,"column":34},"end":{"line":214,"column":70}},"type":"binary-expr","locations":[{"start":{"line":214,"column":34},"end":{"line":214,"column":47}},{"start":{"line":214,"column":51},"end":{"line":214,"column":70}}]},"18":{"loc":{"start":{"line":226,"column":4},"end":{"line":230,"column":5}},"type":"if","locations":[{"start":{"line":226,"column":4},"end":{"line":230,"column":5}}]},"19":{"loc":{"start":{"line":227,"column":6},"end":{"line":229,"column":7}},"type":"if","locations":[{"start":{"line":227,"column":6},"end":{"line":229,"column":7}}]}},"s":{"0":7,"1":7,"2":7,"3":7,"4":7,"5":7,"6":0,"7":7,"8":7,"9":0,"10":0,"11":0,"12":0,"13":0,"14":0,"15":0,"16":0,"17":0,"18":0,"19":0,"20":0,"21":0,"22":0,"23":0,"24":0,"25":0,"26":0,"27":0,"28":0,"29":0,"30":0,"31":0,"32":0,"33":0,"34":0,"35":0,"36":0,"37":0,"38":0,"39":0,"40":0,"41":0,"42":0,"43":0,"44":0,"45":0,"46":0,"47":0,"48":0,"49":0,"50":0,"51":7,"52":0,"53":0,"54":7,"55":7},"f":{"0":7,"1":0,"2":0,"3":0,"4":0,"5":0,"6":7},"b":{"0":[0],"1":[0],"2":[0,0],"3":[0,0],"4":[0],"5":[0,0],"6":[0,0],"7":[0,0],"8":[0,0],"9":[0],"10":[0],"11":[0],"12":[0,0],"13":[0],"14":[0],"15":[0],"16":[0],"17":[0,0],"18":[0],"19":[0]}}
,"/Users/akeilsmith/hive-2/backend/src/domains/filehub/FileHubService.ts": {"path":"/Users/akeilsmith/hive-2/backend/src/domains/filehub/FileHubService.ts","statementMap":{"0":{"start":{"line":1,"column":0},"end":{"line":1,"column":38}},"1":{"start":{"line":2,"column":0},"end":{"line":2,"column":47}},"2":{"start":{"line":4,"column":0},"end":{"line":4,"column":70}},"3":{"start":{"line":6,"column":0},"end":{"line":6,"column":46}},"4":{"start":{"line":7,"column":0},"end":{"line":7,"column":36}},"5":{"start":{"line":66,"column":4},"end":{"line":82,"column":5}},"6":{"start":{"line":67,"column":21},"end":{"line":71,"column":null}},"7":{"start":{"line":74,"column":6},"end":{"line":77,"column":9}},"8":{"start":{"line":79,"column":6},"end":{"line":79,"column":47}},"9":{"start":{"line":81,"column":6},"end":{"line":81,"column":65}},"10":{"start":{"line":101,"column":4},"end":{"line":144,"column":5}},"11":{"start":{"line":103,"column":39},"end":{"line":103,"column":43}},"12":{"start":{"line":104,"column":6},"end":{"line":106,"column":7}},"13":{"start":{"line":105,"column":8},"end":{"line":105,"column":82}},"14":{"start":{"line":109,"column":6},"end":{"line":119,"column":7}},"15":{"start":{"line":110,"column":26},"end":{"line":112,"column":null}},"16":{"start":{"line":115,"column":8},"end":{"line":118,"column":9}},"17":{"start":{"line":116,"column":10},"end":{"line":116,"column":66}},"18":{"start":{"line":121,"column":21},"end":{"line":137,"column":null}},"19":{"start":{"line":140,"column":6},"end":{"line":140,"column":48}},"20":{"start":{"line":142,"column":6},"end":{"line":142,"column":52}},"21":{"start":{"line":143,"column":6},"end":{"line":143,"column":58}},"22":{"start":{"line":151,"column":4},"end":{"line":194,"column":5}},"23":{"start":{"line":153,"column":25},"end":{"line":153,"column":91}},"24":{"start":{"line":155,"column":6},"end":{"line":157,"column":7}},"25":{"start":{"line":156,"column":8},"end":{"line":156,"column":54}},"26":{"start":{"line":159,"column":19},"end":{"line":159,"column":37}},"27":{"start":{"line":162,"column":35},"end":{"line":166,"column":8}},"28":{"start":{"line":169,"column":25},"end":{"line":169,"column":66}},"29":{"start":{"line":171,"column":6},"end":{"line":173,"column":7}},"30":{"start":{"line":172,"column":8},"end":{"line":172,"column":26}},"31":{"start":{"line":176,"column":27},"end":{"line":181,"column":null}},"32":{"start":{"line":184,"column":6},"end":{"line":188,"column":9}},"33":{"start":{"line":190,"column":6},"end":{"line":190,"column":54}},"34":{"start":{"line":192,"column":6},"end":{"line":192,"column":60}},"35":{"start":{"line":193,"column":6},"end":{"line":193,"column":58}},"36":{"start":{"line":201,"column":4},"end":{"line":242,"column":5}},"37":{"start":{"line":203,"column":25},"end":{"line":203,"column":91}},"38":{"start":{"line":205,"column":6},"end":{"line":207,"column":7}},"39":{"start":{"line":206,"column":8},"end":{"line":206,"column":54}},"40":{"start":{"line":209,"column":19},"end":{"line":209,"column":37}},"41":{"start":{"line":212,"column":19},"end":{"line":212,"column":64}},"42":{"start":{"line":213,"column":30},"end":{"line":213,"column":72}},"43":{"start":{"line":215,"column":6},"end":{"line":217,"column":7}},"44":{"start":{"line":216,"column":8},"end":{"line":216,"column":31}},"45":{"start":{"line":219,"column":24},"end":{"line":219,"column":48}},"46":{"start":{"line":222,"column":6},"end":{"line":228,"column":8}},"47":{"start":{"line":231,"column":6},"end":{"line":234,"column":8}},"48":{"start":{"line":236,"column":6},"end":{"line":236,"column":46}},"49":{"start":{"line":238,"column":6},"end":{"line":238,"column":27}},"50":{"start":{"line":240,"column":6},"end":{"line":240,"column":62}},"51":{"start":{"line":241,"column":6},"end":{"line":241,"column":60}},"52":{"start":{"line":252,"column":4},"end":{"line":299,"column":5}},"53":{"start":{"line":253,"column":16},"end":{"line":257,"column":8}},"54":{"start":{"line":258,"column":28},"end":{"line":258,"column":41}},"55":{"start":{"line":259,"column":23},"end":{"line":259,"column":24}},"56":{"start":{"line":262,"column":6},"end":{"line":266,"column":7}},"57":{"start":{"line":263,"column":8},"end":{"line":263,"column":47}},"58":{"start":{"line":264,"column":8},"end":{"line":264,"column":40}},"59":{"start":{"line":265,"column":8},"end":{"line":265,"column":21}},"60":{"start":{"line":269,"column":6},"end":{"line":273,"column":7}},"61":{"start":{"line":270,"column":8},"end":{"line":270,"column":51}},"62":{"start":{"line":271,"column":8},"end":{"line":271,"column":44}},"63":{"start":{"line":272,"column":8},"end":{"line":272,"column":21}},"64":{"start":{"line":276,"column":6},"end":{"line":280,"column":7}},"65":{"start":{"line":277,"column":8},"end":{"line":277,"column":52}},"66":{"start":{"line":278,"column":8},"end":{"line":278,"column":45}},"67":{"start":{"line":279,"column":8},"end":{"line":279,"column":21}},"68":{"start":{"line":283,"column":6},"end":{"line":287,"column":7}},"69":{"start":{"line":284,"column":8},"end":{"line":284,"column":50}},"70":{"start":{"line":285,"column":8},"end":{"line":285,"column":40}},"71":{"start":{"line":286,"column":8},"end":{"line":286,"column":21}},"72":{"start":{"line":289,"column":6},"end":{"line":289,"column":64}},"73":{"start":{"line":290,"column":6},"end":{"line":290,"column":37}},"74":{"start":{"line":292,"column":21},"end":{"line":292,"column":48}},"75":{"start":{"line":294,"column":20},"end":{"line":294,"column":65}},"76":{"start":{"line":294,"column":45},"end":{"line":294,"column":64}},"77":{"start":{"line":295,"column":6},"end":{"line":295,"column":23}},"78":{"start":{"line":297,"column":6},"end":{"line":297,"column":54}},"79":{"start":{"line":298,"column":6},"end":{"line":298,"column":53}},"80":{"start":{"line":306,"column":4},"end":{"line":316,"column":5}},"81":{"start":{"line":307,"column":21},"end":{"line":307,"column":89}},"82":{"start":{"line":309,"column":6},"end":{"line":311,"column":7}},"83":{"start":{"line":310,"column":8},"end":{"line":310,"column":57}},"84":{"start":{"line":313,"column":6},"end":{"line":313,"column":47}},"85":{"start":{"line":315,"column":6},"end":{"line":315,"column":62}},"86":{"start":{"line":323,"column":4},"end":{"line":331,"column":6}},"87":{"start":{"line":338,"column":4},"end":{"line":355,"column":6}},"88":{"start":{"line":61,"column":0},"end":{"line":61,"column":13}},"89":{"start":{"line":359,"column":13},"end":{"line":359,"column":51}}},"fnMap":{"0":{"name":"(anonymous_0)","decl":{"start":{"line":65,"column":2},"end":{"line":65,"column":7}},"loc":{"start":{"line":65,"column":49},"end":{"line":83,"column":3}}},"1":{"name":"(anonymous_1)","decl":{"start":{"line":88,"column":2},"end":{"line":88,"column":7}},"loc":{"start":{"line":99,"column":5},"end":{"line":145,"column":3}}},"2":{"name":"(anonymous_2)","decl":{"start":{"line":150,"column":2},"end":{"line":150,"column":7}},"loc":{"start":{"line":150,"column":28},"end":{"line":195,"column":3}}},"3":{"name":"(anonymous_3)","decl":{"start":{"line":200,"column":2},"end":{"line":200,"column":7}},"loc":{"start":{"line":200,"column":30},"end":{"line":243,"column":3}}},"4":{"name":"(anonymous_4)","decl":{"start":{"line":248,"column":2},"end":{"line":248,"column":7}},"loc":{"start":{"line":250,"column":22},"end":{"line":300,"column":3}}},"5":{"name":"(anonymous_5)","decl":{"start":{"line":294,"column":36},"end":{"line":294,"column":37}},"loc":{"start":{"line":294,"column":45},"end":{"line":294,"column":64}}},"6":{"name":"(anonymous_6)","decl":{"start":{"line":305,"column":2},"end":{"line":305,"column":7}},"loc":{"start":{"line":305,"column":26},"end":{"line":317,"column":3}}},"7":{"name":"(anonymous_7)","decl":{"start":{"line":322,"column":10},"end":{"line":322,"column":18}},"loc":{"start":{"line":322,"column":27},"end":{"line":332,"column":3}}},"8":{"name":"(anonymous_8)","decl":{"start":{"line":337,"column":10},"end":{"line":337,"column":19}},"loc":{"start":{"line":337,"column":28},"end":{"line":356,"column":3}}}},"branchMap":{"0":{"loc":{"start":{"line":104,"column":6},"end":{"line":106,"column":7}},"type":"if","locations":[{"start":{"line":104,"column":6},"end":{"line":106,"column":7}}]},"1":{"loc":{"start":{"line":109,"column":6},"end":{"line":119,"column":7}},"type":"if","locations":[{"start":{"line":109,"column":6},"end":{"line":119,"column":7}}]},"2":{"loc":{"start":{"line":115,"column":8},"end":{"line":118,"column":9}},"type":"if","locations":[{"start":{"line":115,"column":8},"end":{"line":118,"column":9}}]},"3":{"loc":{"start":{"line":132,"column":10},"end":{"line":132,"column":35}},"type":"binary-expr","locations":[{"start":{"line":132,"column":10},"end":{"line":132,"column":27}},{"start":{"line":132,"column":31},"end":{"line":132,"column":35}}]},"4":{"loc":{"start":{"line":133,"column":10},"end":{"line":133,"column":36}},"type":"binary-expr","locations":[{"start":{"line":133,"column":10},"end":{"line":133,"column":28}},{"start":{"line":133,"column":32},"end":{"line":133,"column":36}}]},"5":{"loc":{"start":{"line":134,"column":10},"end":{"line":134,"column":30}},"type":"binary-expr","locations":[{"start":{"line":134,"column":10},"end":{"line":134,"column":22}},{"start":{"line":134,"column":26},"end":{"line":134,"column":30}}]},"6":{"loc":{"start":{"line":136,"column":10},"end":{"line":136,"column":37}},"type":"binary-expr","locations":[{"start":{"line":136,"column":10},"end":{"line":136,"column":29}},{"start":{"line":136,"column":33},"end":{"line":136,"column":37}}]},"7":{"loc":{"start":{"line":155,"column":6},"end":{"line":157,"column":7}},"type":"if","locations":[{"start":{"line":155,"column":6},"end":{"line":157,"column":7}}]},"8":{"loc":{"start":{"line":171,"column":6},"end":{"line":173,"column":7}},"type":"if","locations":[{"start":{"line":171,"column":6},"end":{"line":173,"column":7}}]},"9":{"loc":{"start":{"line":205,"column":6},"end":{"line":207,"column":7}},"type":"if","locations":[{"start":{"line":205,"column":6},"end":{"line":207,"column":7}}]},"10":{"loc":{"start":{"line":212,"column":36},"end":{"line":212,"column":51}},"type":"binary-expr","locations":[{"start":{"line":212,"column":36},"end":{"line":212,"column":45}},{"start":{"line":212,"column":49},"end":{"line":212,"column":51}}]},"11":{"loc":{"start":{"line":215,"column":6},"end":{"line":217,"column":7}},"type":"if","locations":[{"start":{"line":215,"column":6},"end":{"line":217,"column":7}}]},"12":{"loc":{"start":{"line":262,"column":6},"end":{"line":266,"column":7}},"type":"if","locations":[{"start":{"line":262,"column":6},"end":{"line":266,"column":7}}]},"13":{"loc":{"start":{"line":262,"column":10},"end":{"line":262,"column":62}},"type":"binary-expr","locations":[{"start":{"line":262,"column":10},"end":{"line":262,"column":29}},{"start":{"line":262,"column":33},"end":{"line":262,"column":62}}]},"14":{"loc":{"start":{"line":269,"column":6},"end":{"line":273,"column":7}},"type":"if","locations":[{"start":{"line":269,"column":6},"end":{"line":273,"column":7}}]},"15":{"loc":{"start":{"line":276,"column":6},"end":{"line":280,"column":7}},"type":"if","locations":[{"start":{"line":276,"column":6},"end":{"line":280,"column":7}}]},"16":{"loc":{"start":{"line":283,"column":6},"end":{"line":287,"column":7}},"type":"if","locations":[{"start":{"line":283,"column":6},"end":{"line":287,"column":7}}]},"17":{"loc":{"start":{"line":290,"column":18},"end":{"line":290,"column":35}},"type":"binary-expr","locations":[{"start":{"line":290,"column":18},"end":{"line":290,"column":29}},{"start":{"line":290,"column":33},"end":{"line":290,"column":35}}]},"18":{"loc":{"start":{"line":309,"column":6},"end":{"line":311,"column":7}},"type":"if","locations":[{"start":{"line":309,"column":6},"end":{"line":311,"column":7}}]},"19":{"loc":{"start":{"line":349,"column":12},"end":{"line":349,"column":26}},"type":"binary-expr","locations":[{"start":{"line":349,"column":12},"end":{"line":349,"column":20}},{"start":{"line":349,"column":24},"end":{"line":349,"column":26}}]}},"s":{"0":5,"1":5,"2":5,"3":5,"4":5,"5":2,"6":2,"7":1,"8":1,"9":1,"10":4,"11":4,"12":4,"13":3,"14":4,"15":3,"16":2,"17":1,"18":3,"19":3,"20":1,"21":1,"22":3,"23":3,"24":3,"25":1,"26":2,"27":2,"28":2,"29":2,"30":1,"31":1,"32":1,"33":1,"34":0,"35":0,"36":3,"37":3,"38":3,"39":1,"40":2,"41":2,"42":2,"43":2,"44":1,"45":1,"46":1,"47":1,"48":1,"49":1,"50":0,"51":0,"52":4,"53":4,"54":4,"55":4,"56":4,"57":1,"58":1,"59":1,"60":4,"61":1,"62":1,"63":1,"64":4,"65":1,"66":1,"67":1,"68":4,"69":4,"70":4,"71":4,"72":4,"73":4,"74":4,"75":3,"76":2,"77":3,"78":1,"79":1,"80":2,"81":2,"82":2,"83":1,"84":1,"85":0,"86":4,"87":8,"88":5,"89":5},"f":{"0":2,"1":4,"2":3,"3":3,"4":4,"5":2,"6":2,"7":4,"8":8},"b":{"0":[3],"1":[3],"2":[1],"3":[3,2],"4":[3,2],"5":[3,2],"6":[3,2],"7":[1],"8":[1],"9":[1],"10":[2,0],"11":[1],"12":[1],"13":[4,1],"14":[1],"15":[1],"16":[4],"17":[4,3],"18":[1],"19":[8,4]}}
,"/Users/akeilsmith/hive-2/backend/src/domains/messaging/ChannelService.ts": {"path":"/Users/akeilsmith/hive-2/backend/src/domains/messaging/ChannelService.ts","statementMap":{"0":{"start":{"line":1,"column":0},"end":{"line":1,"column":38}},"1":{"start":{"line":2,"column":0},"end":{"line":2,"column":70}},"2":{"start":{"line":38,"column":4},"end":{"line":73,"column":5}},"3":{"start":{"line":40,"column":23},"end":{"line":42,"column":null}},"4":{"start":{"line":45,"column":6},"end":{"line":47,"column":7}},"5":{"start":{"line":46,"column":8},"end":{"line":46,"column":87}},"6":{"start":{"line":49,"column":21},"end":{"line":60,"column":null}},"7":{"start":{"line":63,"column":22},"end":{"line":63,"column":55}},"8":{"start":{"line":66,"column":6},"end":{"line":68,"column":7}},"9":{"start":{"line":67,"column":8},"end":{"line":67,"column":58}},"10":{"start":{"line":70,"column":6},"end":{"line":70,"column":25}},"11":{"start":{"line":72,"column":6},"end":{"line":72,"column":64}},"12":{"start":{"line":80,"column":4},"end":{"line":90,"column":5}},"13":{"start":{"line":81,"column":21},"end":{"line":81,"column":81}},"14":{"start":{"line":83,"column":6},"end":{"line":85,"column":7}},"15":{"start":{"line":84,"column":8},"end":{"line":84,"column":53}},"16":{"start":{"line":87,"column":6},"end":{"line":87,"column":51}},"17":{"start":{"line":89,"column":6},"end":{"line":89,"column":61}},"18":{"start":{"line":97,"column":4},"end":{"line":109,"column":5}},"19":{"start":{"line":98,"column":21},"end":{"line":102,"column":null}},"20":{"start":{"line":105,"column":23},"end":{"line":105,"column":71}},"21":{"start":{"line":105,"column":48},"end":{"line":105,"column":70}},"22":{"start":{"line":106,"column":6},"end":{"line":106,"column":26}},"23":{"start":{"line":108,"column":6},"end":{"line":108,"column":63}},"24":{"start":{"line":119,"column":4},"end":{"line":133,"column":5}},"25":{"start":{"line":120,"column":21},"end":{"line":126,"column":null}},"26":{"start":{"line":129,"column":23},"end":{"line":129,"column":71}},"27":{"start":{"line":129,"column":48},"end":{"line":129,"column":70}},"28":{"start":{"line":130,"column":6},"end":{"line":130,"column":26}},"29":{"start":{"line":132,"column":6},"end":{"line":132,"column":68}},"30":{"start":{"line":143,"column":4},"end":{"line":179,"column":5}},"31":{"start":{"line":144,"column":35},"end":{"line":144,"column":37}},"32":{"start":{"line":145,"column":28},"end":{"line":145,"column":30}},"33":{"start":{"line":146,"column":23},"end":{"line":146,"column":24}},"34":{"start":{"line":148,"column":6},"end":{"line":151,"column":7}},"35":{"start":{"line":149,"column":8},"end":{"line":149,"column":51}},"36":{"start":{"line":150,"column":8},"end":{"line":150,"column":34}},"37":{"start":{"line":152,"column":6},"end":{"line":155,"column":7}},"38":{"start":{"line":153,"column":8},"end":{"line":153,"column":58}},"39":{"start":{"line":154,"column":8},"end":{"line":154,"column":41}},"40":{"start":{"line":157,"column":6},"end":{"line":159,"column":7}},"41":{"start":{"line":158,"column":8},"end":{"line":158,"column":32}},"42":{"start":{"line":161,"column":6},"end":{"line":161,"column":44}},"43":{"start":{"line":162,"column":6},"end":{"line":162,"column":22}},"44":{"start":{"line":164,"column":21},"end":{"line":169,"column":null}},"45":{"start":{"line":172,"column":6},"end":{"line":174,"column":7}},"46":{"start":{"line":173,"column":8},"end":{"line":173,"column":53}},"47":{"start":{"line":176,"column":6},"end":{"line":176,"column":51}},"48":{"start":{"line":178,"column":6},"end":{"line":178,"column":64}},"49":{"start":{"line":186,"column":4},"end":{"line":196,"column":5}},"50":{"start":{"line":187,"column":21},"end":{"line":187,"column":79}},"51":{"start":{"line":189,"column":6},"end":{"line":191,"column":7}},"52":{"start":{"line":190,"column":8},"end":{"line":190,"column":53}},"53":{"start":{"line":193,"column":6},"end":{"line":193,"column":27}},"54":{"start":{"line":195,"column":6},"end":{"line":195,"column":64}},"55":{"start":{"line":203,"column":4},"end":{"line":214,"column":5}},"56":{"start":{"line":204,"column":6},"end":{"line":209,"column":8}},"57":{"start":{"line":211,"column":6},"end":{"line":211,"column":27}},"58":{"start":{"line":213,"column":6},"end":{"line":213,"column":71}},"59":{"start":{"line":221,"column":4},"end":{"line":234,"column":5}},"60":{"start":{"line":222,"column":21},"end":{"line":224,"column":null}},"61":{"start":{"line":227,"column":6},"end":{"line":229,"column":7}},"62":{"start":{"line":228,"column":8},"end":{"line":228,"column":71}},"63":{"start":{"line":231,"column":6},"end":{"line":231,"column":27}},"64":{"start":{"line":233,"column":6},"end":{"line":233,"column":76}},"65":{"start":{"line":241,"column":4},"end":{"line":252,"column":6}},"66":{"start":{"line":31,"column":0},"end":{"line":31,"column":13}},"67":{"start":{"line":256,"column":13},"end":{"line":256,"column":51}}},"fnMap":{"0":{"name":"(anonymous_0)","decl":{"start":{"line":37,"column":2},"end":{"line":37,"column":7}},"loc":{"start":{"line":37,"column":40},"end":{"line":74,"column":3}}},"1":{"name":"(anonymous_1)","decl":{"start":{"line":79,"column":2},"end":{"line":79,"column":7}},"loc":{"start":{"line":79,"column":24},"end":{"line":91,"column":3}}},"2":{"name":"(anonymous_2)","decl":{"start":{"line":96,"column":2},"end":{"line":96,"column":7}},"loc":{"start":{"line":96,"column":41},"end":{"line":110,"column":3}}},"3":{"name":"(anonymous_3)","decl":{"start":{"line":105,"column":39},"end":{"line":105,"column":40}},"loc":{"start":{"line":105,"column":48},"end":{"line":105,"column":70}}},"4":{"name":"(anonymous_4)","decl":{"start":{"line":115,"column":2},"end":{"line":115,"column":7}},"loc":{"start":{"line":117,"column":16},"end":{"line":134,"column":3}}},"5":{"name":"(anonymous_5)","decl":{"start":{"line":129,"column":39},"end":{"line":129,"column":40}},"loc":{"start":{"line":129,"column":48},"end":{"line":129,"column":70}}},"6":{"name":"(anonymous_6)","decl":{"start":{"line":139,"column":2},"end":{"line":139,"column":7}},"loc":{"start":{"line":141,"column":52},"end":{"line":180,"column":3}}},"7":{"name":"(anonymous_7)","decl":{"start":{"line":185,"column":2},"end":{"line":185,"column":7}},"loc":{"start":{"line":185,"column":23},"end":{"line":197,"column":3}}},"8":{"name":"(anonymous_8)","decl":{"start":{"line":202,"column":2},"end":{"line":202,"column":7}},"loc":{"start":{"line":202,"column":47},"end":{"line":215,"column":3}}},"9":{"name":"(anonymous_9)","decl":{"start":{"line":220,"column":2},"end":{"line":220,"column":7}},"loc":{"start":{"line":220,"column":50},"end":{"line":235,"column":3}}},"10":{"name":"(anonymous_10)","decl":{"start":{"line":240,"column":10},"end":{"line":240,"column":22}},"loc":{"start":{"line":240,"column":31},"end":{"line":253,"column":3}}}},"branchMap":{"0":{"loc":{"start":{"line":45,"column":6},"end":{"line":47,"column":7}},"type":"if","locations":[{"start":{"line":45,"column":6},"end":{"line":47,"column":7}}]},"1":{"loc":{"start":{"line":56,"column":10},"end":{"line":56,"column":35}},"type":"binary-expr","locations":[{"start":{"line":56,"column":10},"end":{"line":56,"column":27}},{"start":{"line":56,"column":31},"end":{"line":56,"column":35}}]},"2":{"loc":{"start":{"line":57,"column":10},"end":{"line":57,"column":30}},"type":"binary-expr","locations":[{"start":{"line":57,"column":10},"end":{"line":57,"column":20}},{"start":{"line":57,"column":24},"end":{"line":57,"column":30}}]},"3":{"loc":{"start":{"line":58,"column":10},"end":{"line":58,"column":34}},"type":"binary-expr","locations":[{"start":{"line":58,"column":10},"end":{"line":58,"column":25}},{"start":{"line":58,"column":29},"end":{"line":58,"column":34}}]},"4":{"loc":{"start":{"line":66,"column":6},"end":{"line":68,"column":7}},"type":"if","locations":[{"start":{"line":66,"column":6},"end":{"line":68,"column":7}}]},"5":{"loc":{"start":{"line":83,"column":6},"end":{"line":85,"column":7}},"type":"if","locations":[{"start":{"line":83,"column":6},"end":{"line":85,"column":7}}]},"6":{"loc":{"start":{"line":148,"column":6},"end":{"line":151,"column":7}},"type":"if","locations":[{"start":{"line":148,"column":6},"end":{"line":151,"column":7}}]},"7":{"loc":{"start":{"line":152,"column":6},"end":{"line":155,"column":7}},"type":"if","locations":[{"start":{"line":152,"column":6},"end":{"line":155,"column":7}}]},"8":{"loc":{"start":{"line":157,"column":6},"end":{"line":159,"column":7}},"type":"if","locations":[{"start":{"line":157,"column":6},"end":{"line":159,"column":7}}]},"9":{"loc":{"start":{"line":172,"column":6},"end":{"line":174,"column":7}},"type":"if","locations":[{"start":{"line":172,"column":6},"end":{"line":174,"column":7}}]},"10":{"loc":{"start":{"line":189,"column":6},"end":{"line":191,"column":7}},"type":"if","locations":[{"start":{"line":189,"column":6},"end":{"line":191,"column":7}}]},"11":{"loc":{"start":{"line":227,"column":6},"end":{"line":229,"column":7}},"type":"if","locations":[{"start":{"line":227,"column":6},"end":{"line":229,"column":7}}]}},"s":{"0":4,"1":4,"2":0,"3":0,"4":0,"5":0,"6":0,"7":0,"8":0,"9":0,"10":0,"11":0,"12":0,"13":0,"14":0,"15":0,"16":0,"17":0,"18":0,"19":0,"20":0,"21":0,"22":0,"23":0,"24":0,"25":0,"26":0,"27":0,"28":0,"29":0,"30":0,"31":0,"32":0,"33":0,"34":0,"35":0,"36":0,"37":0,"38":0,"39":0,"40":0,"41":0,"42":0,"43":0,"44":0,"45":0,"46":0,"47":0,"48":0,"49":0,"50":0,"51":0,"52":0,"53":0,"54":0,"55":0,"56":0,"57":0,"58":0,"59":0,"60":0,"61":0,"62":0,"63":0,"64":0,"65":0,"66":4,"67":4},"f":{"0":0,"1":0,"2":0,"3":0,"4":0,"5":0,"6":0,"7":0,"8":0,"9":0,"10":0},"b":{"0":[0],"1":[0,0],"2":[0,0],"3":[0,0],"4":[0],"5":[0],"6":[0],"7":[0],"8":[0],"9":[0],"10":[0],"11":[0]}}
,"/Users/akeilsmith/hive-2/backend/src/domains/messaging/MessageService.ts": {"path":"/Users/akeilsmith/hive-2/backend/src/domains/messaging/MessageService.ts","statementMap":{"0":{"start":{"line":1,"column":0},"end":{"line":1,"column":38}},"1":{"start":{"line":2,"column":0},"end":{"line":2,"column":70}},"2":{"start":{"line":36,"column":4},"end":{"line":63,"column":5}},"3":{"start":{"line":38,"column":27},"end":{"line":42,"column":null}},"4":{"start":{"line":45,"column":24},"end":{"line":45,"column":47}},"5":{"start":{"line":48,"column":21},"end":{"line":57,"column":null}},"6":{"start":{"line":60,"column":6},"end":{"line":60,"column":51}},"7":{"start":{"line":62,"column":6},"end":{"line":62,"column":62}},"8":{"start":{"line":70,"column":4},"end":{"line":80,"column":5}},"9":{"start":{"line":71,"column":21},"end":{"line":71,"column":81}},"10":{"start":{"line":73,"column":6},"end":{"line":75,"column":7}},"11":{"start":{"line":74,"column":8},"end":{"line":74,"column":53}},"12":{"start":{"line":77,"column":6},"end":{"line":77,"column":51}},"13":{"start":{"line":79,"column":6},"end":{"line":79,"column":61}},"14":{"start":{"line":91,"column":4},"end":{"line":118,"column":5}},"15":{"start":{"line":92,"column":18},"end":{"line":101,"column":8}},"16":{"start":{"line":102,"column":28},"end":{"line":102,"column":39}},"17":{"start":{"line":104,"column":6},"end":{"line":107,"column":7}},"18":{"start":{"line":105,"column":8},"end":{"line":105,"column":42}},"19":{"start":{"line":106,"column":8},"end":{"line":106,"column":28}},"20":{"start":{"line":109,"column":6},"end":{"line":109,"column":73}},"21":{"start":{"line":110,"column":6},"end":{"line":110,"column":25}},"22":{"start":{"line":112,"column":21},"end":{"line":112,"column":50}},"23":{"start":{"line":114,"column":23},"end":{"line":114,"column":71}},"24":{"start":{"line":114,"column":48},"end":{"line":114,"column":70}},"25":{"start":{"line":115,"column":6},"end":{"line":115,"column":36}},"26":{"start":{"line":117,"column":6},"end":{"line":117,"column":63}},"27":{"start":{"line":125,"column":4},"end":{"line":137,"column":5}},"28":{"start":{"line":126,"column":21},"end":{"line":130,"column":null}},"29":{"start":{"line":133,"column":23},"end":{"line":133,"column":71}},"30":{"start":{"line":133,"column":48},"end":{"line":133,"column":70}},"31":{"start":{"line":134,"column":6},"end":{"line":134,"column":26}},"32":{"start":{"line":136,"column":6},"end":{"line":136,"column":61}},"33":{"start":{"line":148,"column":4},"end":{"line":170,"column":5}},"34":{"start":{"line":150,"column":22},"end":{"line":150,"column":44}},"35":{"start":{"line":151,"column":6},"end":{"line":153,"column":7}},"36":{"start":{"line":152,"column":8},"end":{"line":152,"column":23}},"37":{"start":{"line":155,"column":6},"end":{"line":157,"column":7}},"38":{"start":{"line":156,"column":8},"end":{"line":156,"column":74}},"39":{"start":{"line":159,"column":21},"end":{"line":164,"column":null}},"40":{"start":{"line":167,"column":6},"end":{"line":167,"column":51}},"41":{"start":{"line":169,"column":6},"end":{"line":169,"column":62}},"42":{"start":{"line":177,"column":4},"end":{"line":193,"column":5}},"43":{"start":{"line":179,"column":22},"end":{"line":179,"column":44}},"44":{"start":{"line":180,"column":6},"end":{"line":182,"column":7}},"45":{"start":{"line":181,"column":8},"end":{"line":181,"column":23}},"46":{"start":{"line":184,"column":6},"end":{"line":186,"column":7}},"47":{"start":{"line":185,"column":8},"end":{"line":185,"column":76}},"48":{"start":{"line":188,"column":6},"end":{"line":188,"column":65}},"49":{"start":{"line":190,"column":6},"end":{"line":190,"column":27}},"50":{"start":{"line":192,"column":6},"end":{"line":192,"column":64}},"51":{"start":{"line":200,"column":4},"end":{"line":213,"column":6}},"52":{"start":{"line":31,"column":0},"end":{"line":31,"column":13}},"53":{"start":{"line":217,"column":13},"end":{"line":217,"column":51}}},"fnMap":{"0":{"name":"(anonymous_0)","decl":{"start":{"line":35,"column":2},"end":{"line":35,"column":7}},"loc":{"start":{"line":35,"column":36},"end":{"line":64,"column":3}}},"1":{"name":"(anonymous_1)","decl":{"start":{"line":69,"column":2},"end":{"line":69,"column":7}},"loc":{"start":{"line":69,"column":24},"end":{"line":81,"column":3}}},"2":{"name":"(anonymous_2)","decl":{"start":{"line":86,"column":2},"end":{"line":86,"column":7}},"loc":{"start":{"line":89,"column":17},"end":{"line":119,"column":3}}},"3":{"name":"(anonymous_3)","decl":{"start":{"line":114,"column":39},"end":{"line":114,"column":40}},"loc":{"start":{"line":114,"column":48},"end":{"line":114,"column":70}}},"4":{"name":"(anonymous_4)","decl":{"start":{"line":124,"column":2},"end":{"line":124,"column":7}},"loc":{"start":{"line":124,"column":33},"end":{"line":138,"column":3}}},"5":{"name":"(anonymous_5)","decl":{"start":{"line":133,"column":39},"end":{"line":133,"column":40}},"loc":{"start":{"line":133,"column":48},"end":{"line":133,"column":70}}},"6":{"name":"(anonymous_6)","decl":{"start":{"line":143,"column":2},"end":{"line":143,"column":7}},"loc":{"start":{"line":146,"column":22},"end":{"line":171,"column":3}}},"7":{"name":"(anonymous_7)","decl":{"start":{"line":176,"column":2},"end":{"line":176,"column":7}},"loc":{"start":{"line":176,"column":37},"end":{"line":194,"column":3}}},"8":{"name":"(anonymous_8)","decl":{"start":{"line":199,"column":10},"end":{"line":199,"column":22}},"loc":{"start":{"line":199,"column":31},"end":{"line":214,"column":3}}}},"branchMap":{"0":{"loc":{"start":{"line":42,"column":55},"end":{"line":42,"column":77}},"type":"binary-expr","locations":[{"start":{"line":42,"column":55},"end":{"line":42,"column":69}},{"start":{"line":42,"column":73},"end":{"line":42,"column":77}}]},"1":{"loc":{"start":{"line":73,"column":6},"end":{"line":75,"column":7}},"type":"if","locations":[{"start":{"line":73,"column":6},"end":{"line":75,"column":7}}]},"2":{"loc":{"start":{"line":88,"column":4},"end":{"line":88,"column":22}},"type":"default-arg","locations":[{"start":{"line":88,"column":20},"end":{"line":88,"column":22}}]},"3":{"loc":{"start":{"line":104,"column":6},"end":{"line":107,"column":7}},"type":"if","locations":[{"start":{"line":104,"column":6},"end":{"line":107,"column":7}}]},"4":{"loc":{"start":{"line":151,"column":6},"end":{"line":153,"column":7}},"type":"if","locations":[{"start":{"line":151,"column":6},"end":{"line":153,"column":7}}]},"5":{"loc":{"start":{"line":155,"column":6},"end":{"line":157,"column":7}},"type":"if","locations":[{"start":{"line":155,"column":6},"end":{"line":157,"column":7}}]},"6":{"loc":{"start":{"line":180,"column":6},"end":{"line":182,"column":7}},"type":"if","locations":[{"start":{"line":180,"column":6},"end":{"line":182,"column":7}}]},"7":{"loc":{"start":{"line":184,"column":6},"end":{"line":186,"column":7}},"type":"if","locations":[{"start":{"line":184,"column":6},"end":{"line":186,"column":7}}]},"8":{"loc":{"start":{"line":206,"column":16},"end":{"line":206,"column":62}},"type":"cond-expr","locations":[{"start":{"line":206,"column":32},"end":{"line":206,"column":55}},{"start":{"line":206,"column":58},"end":{"line":206,"column":62}}]},"9":{"loc":{"start":{"line":208,"column":12},"end":{"line":212,"column":19}},"type":"cond-expr","locations":[{"start":{"line":208,"column":28},"end":{"line":212,"column":8}},{"start":{"line":212,"column":10},"end":{"line":212,"column":19}}]}},"s":{"0":4,"1":4,"2":0,"3":0,"4":0,"5":0,"6":0,"7":0,"8":0,"9":0,"10":0,"11":0,"12":0,"13":0,"14":0,"15":0,"16":0,"17":0,"18":0,"19":0,"20":0,"21":0,"22":0,"23":0,"24":0,"25":0,"26":0,"27":0,"28":0,"29":0,"30":0,"31":0,"32":0,"33":0,"34":0,"35":0,"36":0,"37":0,"38":0,"39":0,"40":0,"41":0,"42":0,"43":0,"44":0,"45":0,"46":0,"47":0,"48":0,"49":0,"50":0,"51":0,"52":4,"53":4},"f":{"0":0,"1":0,"2":0,"3":0,"4":0,"5":0,"6":0,"7":0,"8":0},"b":{"0":[0,0],"1":[0],"2":[0],"3":[0],"4":[0],"5":[0],"6":[0],"7":[0],"8":[0,0],"9":[0,0]}}
,"/Users/akeilsmith/hive-2/backend/src/domains/structure/StructureService.ts": {"path":"/Users/akeilsmith/hive-2/backend/src/domains/structure/StructureService.ts","statementMap":{"0":{"start":{"line":1,"column":0},"end":{"line":1,"column":38}},"1":{"start":{"line":2,"column":0},"end":{"line":2,"column":47}},"2":{"start":{"line":4,"column":0},"end":{"line":4,"column":70}},"3":{"start":{"line":6,"column":0},"end":{"line":6,"column":46}},"4":{"start":{"line":68,"column":4},"end":{"line":106,"column":5}},"5":{"start":{"line":69,"column":21},"end":{"line":95,"column":8}},"6":{"start":{"line":71,"column":26},"end":{"line":75,"column":null}},"7":{"start":{"line":78,"column":20},"end":{"line":78,"column":37}},"8":{"start":{"line":81,"column":8},"end":{"line":92,"column":10}},"9":{"start":{"line":94,"column":8},"end":{"line":94,"column":19}},"10":{"start":{"line":97,"column":6},"end":{"line":100,"column":9}},"11":{"start":{"line":102,"column":6},"end":{"line":102,"column":39}},"12":{"start":{"line":104,"column":6},"end":{"line":104,"column":64}},"13":{"start":{"line":105,"column":6},"end":{"line":105,"column":60}},"14":{"start":{"line":113,"column":4},"end":{"line":197,"column":5}},"15":{"start":{"line":115,"column":27},"end":{"line":121,"column":null}},"16":{"start":{"line":124,"column":6},"end":{"line":126,"column":7}},"17":{"start":{"line":125,"column":8},"end":{"line":125,"column":52}},"18":{"start":{"line":128,"column":21},"end":{"line":128,"column":41}},"19":{"start":{"line":131,"column":40},"end":{"line":138,"column":8}},"20":{"start":{"line":141,"column":6},"end":{"line":141,"column":100}},"21":{"start":{"line":142,"column":23},"end":{"line":142,"column":65}},"22":{"start":{"line":144,"column":6},"end":{"line":147,"column":7}},"23":{"start":{"line":145,"column":8},"end":{"line":145,"column":52}},"24":{"start":{"line":146,"column":8},"end":{"line":146,"column":24}},"25":{"start":{"line":149,"column":23},"end":{"line":149,"column":37}},"26":{"start":{"line":152,"column":20},"end":{"line":152,"column":58}},"27":{"start":{"line":155,"column":6},"end":{"line":175,"column":9}},"28":{"start":{"line":157,"column":30},"end":{"line":159,"column":null}},"29":{"start":{"line":161,"column":24},"end":{"line":161,"column":58}},"30":{"start":{"line":164,"column":8},"end":{"line":168,"column":10}},"31":{"start":{"line":171,"column":8},"end":{"line":174,"column":10}},"32":{"start":{"line":177,"column":6},"end":{"line":181,"column":9}},"33":{"start":{"line":183,"column":45},"end":{"line":190,"column":8}},"34":{"start":{"line":192,"column":6},"end":{"line":192,"column":32}},"35":{"start":{"line":194,"column":6},"end":{"line":194,"column":68}},"36":{"start":{"line":195,"column":6},"end":{"line":195,"column":50}},"37":{"start":{"line":196,"column":6},"end":{"line":196,"column":67}},"38":{"start":{"line":204,"column":4},"end":{"line":217,"column":5}},"39":{"start":{"line":205,"column":21},"end":{"line":207,"column":null}},"40":{"start":{"line":210,"column":6},"end":{"line":212,"column":7}},"41":{"start":{"line":211,"column":8},"end":{"line":211,"column":52}},"42":{"start":{"line":214,"column":6},"end":{"line":214,"column":47}},"43":{"start":{"line":216,"column":6},"end":{"line":216,"column":57}},"44":{"start":{"line":224,"column":4},"end":{"line":248,"column":5}},"45":{"start":{"line":225,"column":21},"end":{"line":230,"column":null}},"46":{"start":{"line":233,"column":6},"end":{"line":235,"column":7}},"47":{"start":{"line":234,"column":8},"end":{"line":234,"column":65}},"48":{"start":{"line":237,"column":18},"end":{"line":237,"column":32}},"49":{"start":{"line":238,"column":6},"end":{"line":245,"column":9}},"50":{"start":{"line":247,"column":6},"end":{"line":247,"column":62}},"51":{"start":{"line":255,"column":4},"end":{"line":330,"column":5}},"52":{"start":{"line":257,"column":29},"end":{"line":257,"column":64}},"53":{"start":{"line":258,"column":6},"end":{"line":260,"column":7}},"54":{"start":{"line":259,"column":8},"end":{"line":259,"column":30}},"55":{"start":{"line":262,"column":23},"end":{"line":262,"column":52}},"56":{"start":{"line":265,"column":6},"end":{"line":265,"column":52}},"57":{"start":{"line":267,"column":25},"end":{"line":267,"column":26}},"58":{"start":{"line":270,"column":6},"end":{"line":317,"column":9}},"59":{"start":{"line":271,"column":8},"end":{"line":286,"column":9}},"60":{"start":{"line":273,"column":27},"end":{"line":275,"column":null}},"61":{"start":{"line":278,"column":10},"end":{"line":285,"column":11}},"62":{"start":{"line":279,"column":12},"end":{"line":283,"column":14}},"63":{"start":{"line":284,"column":12},"end":{"line":284,"column":27}},"64":{"start":{"line":289,"column":8},"end":{"line":302,"column":9}},"65":{"start":{"line":290,"column":27},"end":{"line":292,"column":null}},"66":{"start":{"line":295,"column":10},"end":{"line":301,"column":11}},"67":{"start":{"line":296,"column":12},"end":{"line":300,"column":14}},"68":{"start":{"line":305,"column":8},"end":{"line":310,"column":10}},"69":{"start":{"line":313,"column":8},"end":{"line":316,"column":10}},"70":{"start":{"line":319,"column":6},"end":{"line":323,"column":9}},"71":{"start":{"line":325,"column":6},"end":{"line":325,"column":43}},"72":{"start":{"line":327,"column":6},"end":{"line":327,"column":65}},"73":{"start":{"line":328,"column":6},"end":{"line":328,"column":50}},"74":{"start":{"line":329,"column":6},"end":{"line":329,"column":64}},"75":{"start":{"line":337,"column":4},"end":{"line":344,"column":5}},"76":{"start":{"line":338,"column":6},"end":{"line":341,"column":8}},"77":{"start":{"line":343,"column":6},"end":{"line":343,"column":76}},"78":{"start":{"line":352,"column":16},"end":{"line":352,"column":19}},"79":{"start":{"line":355,"column":4},"end":{"line":357,"column":5}},"80":{"start":{"line":356,"column":6},"end":{"line":356,"column":19}},"81":{"start":{"line":360,"column":25},"end":{"line":360,"column":61}},"82":{"start":{"line":360,"column":54},"end":{"line":360,"column":60}},"83":{"start":{"line":361,"column":4},"end":{"line":361,"column":55}},"84":{"start":{"line":361,"column":42},"end":{"line":361,"column":55}},"85":{"start":{"line":362,"column":4},"end":{"line":362,"column":61}},"86":{"start":{"line":362,"column":48},"end":{"line":362,"column":61}},"87":{"start":{"line":365,"column":4},"end":{"line":367,"column":5}},"88":{"start":{"line":366,"column":6},"end":{"line":366,"column":19}},"89":{"start":{"line":369,"column":4},"end":{"line":369,"column":32}},"90":{"start":{"line":376,"column":4},"end":{"line":383,"column":6}},"91":{"start":{"line":59,"column":0},"end":{"line":59,"column":13}},"92":{"start":{"line":387,"column":13},"end":{"line":387,"column":55}}},"fnMap":{"0":{"name":"(anonymous_0)","decl":{"start":{"line":63,"column":2},"end":{"line":63,"column":7}},"loc":{"start":{"line":66,"column":30},"end":{"line":107,"column":3}}},"1":{"name":"(anonymous_1)","decl":{"start":{"line":69,"column":42},"end":{"line":69,"column":47}},"loc":{"start":{"line":69,"column":59},"end":{"line":95,"column":7}}},"2":{"name":"(anonymous_2)","decl":{"start":{"line":112,"column":2},"end":{"line":112,"column":7}},"loc":{"start":{"line":112,"column":36},"end":{"line":198,"column":3}}},"3":{"name":"(anonymous_3)","decl":{"start":{"line":155,"column":27},"end":{"line":155,"column":32}},"loc":{"start":{"line":155,"column":44},"end":{"line":175,"column":7}}},"4":{"name":"(anonymous_4)","decl":{"start":{"line":203,"column":2},"end":{"line":203,"column":7}},"loc":{"start":{"line":203,"column":26},"end":{"line":218,"column":3}}},"5":{"name":"(anonymous_5)","decl":{"start":{"line":223,"column":2},"end":{"line":223,"column":7}},"loc":{"start":{"line":223,"column":37},"end":{"line":249,"column":3}}},"6":{"name":"(anonymous_6)","decl":{"start":{"line":254,"column":2},"end":{"line":254,"column":7}},"loc":{"start":{"line":254,"column":66},"end":{"line":331,"column":3}}},"7":{"name":"(anonymous_7)","decl":{"start":{"line":270,"column":27},"end":{"line":270,"column":32}},"loc":{"start":{"line":270,"column":44},"end":{"line":317,"column":7}}},"8":{"name":"(anonymous_8)","decl":{"start":{"line":336,"column":10},"end":{"line":336,"column":15}},"loc":{"start":{"line":336,"column":68},"end":{"line":345,"column":3}}},"9":{"name":"(anonymous_9)","decl":{"start":{"line":351,"column":10},"end":{"line":351,"column":24}},"loc":{"start":{"line":351,"column":79},"end":{"line":370,"column":3}}},"10":{"name":"(anonymous_10)","decl":{"start":{"line":360,"column":47},"end":{"line":360,"column":48}},"loc":{"start":{"line":360,"column":54},"end":{"line":360,"column":60}}},"11":{"name":"(anonymous_11)","decl":{"start":{"line":375,"column":10},"end":{"line":375,"column":18}},"loc":{"start":{"line":375,"column":27},"end":{"line":384,"column":3}}}},"branchMap":{"0":{"loc":{"start":{"line":90,"column":12},"end":{"line":90,"column":48}},"type":"binary-expr","locations":[{"start":{"line":90,"column":12},"end":{"line":90,"column":40}},{"start":{"line":90,"column":44},"end":{"line":90,"column":48}}]},"1":{"loc":{"start":{"line":124,"column":6},"end":{"line":126,"column":7}},"type":"if","locations":[{"start":{"line":124,"column":6},"end":{"line":126,"column":7}}]},"2":{"loc":{"start":{"line":144,"column":6},"end":{"line":147,"column":7}},"type":"if","locations":[{"start":{"line":144,"column":6},"end":{"line":147,"column":7}}]},"3":{"loc":{"start":{"line":210,"column":6},"end":{"line":212,"column":7}},"type":"if","locations":[{"start":{"line":210,"column":6},"end":{"line":212,"column":7}}]},"4":{"loc":{"start":{"line":233,"column":6},"end":{"line":235,"column":7}},"type":"if","locations":[{"start":{"line":233,"column":6},"end":{"line":235,"column":7}}]},"5":{"loc":{"start":{"line":258,"column":6},"end":{"line":260,"column":7}},"type":"if","locations":[{"start":{"line":258,"column":6},"end":{"line":260,"column":7}}]},"6":{"loc":{"start":{"line":278,"column":10},"end":{"line":285,"column":11}},"type":"if","locations":[{"start":{"line":278,"column":10},"end":{"line":285,"column":11}}]},"7":{"loc":{"start":{"line":295,"column":10},"end":{"line":301,"column":11}},"type":"if","locations":[{"start":{"line":295,"column":10},"end":{"line":301,"column":11}}]},"8":{"loc":{"start":{"line":355,"column":4},"end":{"line":357,"column":5}},"type":"if","locations":[{"start":{"line":355,"column":4},"end":{"line":357,"column":5}}]},"9":{"loc":{"start":{"line":361,"column":4},"end":{"line":361,"column":55}},"type":"if","locations":[{"start":{"line":361,"column":4},"end":{"line":361,"column":55}}]},"10":{"loc":{"start":{"line":362,"column":4},"end":{"line":362,"column":61}},"type":"if","locations":[{"start":{"line":362,"column":4},"end":{"line":362,"column":61}}]},"11":{"loc":{"start":{"line":365,"column":4},"end":{"line":367,"column":5}},"type":"if","locations":[{"start":{"line":365,"column":4},"end":{"line":367,"column":5}}]},"12":{"loc":{"start":{"line":365,"column":8},"end":{"line":365,"column":60}},"type":"binary-expr","locations":[{"start":{"line":365,"column":8},"end":{"line":365,"column":26}},{"start":{"line":365,"column":30},"end":{"line":365,"column":60}}]}},"s":{"0":5,"1":5,"2":5,"3":5,"4":2,"5":2,"6":2,"7":2,"8":2,"9":2,"10":1,"11":1,"12":1,"13":1,"14":4,"15":4,"16":4,"17":1,"18":3,"19":3,"20":3,"21":3,"22":3,"23":2,"24":2,"25":1,"26":1,"27":1,"28":2,"29":2,"30":2,"31":2,"32":1,"33":1,"34":1,"35":0,"36":0,"37":0,"38":2,"39":2,"40":2,"41":1,"42":1,"43":0,"44":5,"45":5,"46":5,"47":2,"48":3,"49":3,"50":0,"51":3,"52":3,"53":3,"54":1,"55":2,"56":2,"57":2,"58":2,"59":2,"60":6,"61":6,"62":4,"63":4,"64":2,"65":2,"66":2,"67":2,"68":2,"69":2,"70":2,"71":2,"72":0,"73":0,"74":0,"75":4,"76":4,"77":0,"78":3,"79":3,"80":2,"81":3,"82":12,"83":3,"84":3,"85":3,"86":3,"87":3,"88":2,"89":3,"90":3,"91":5,"92":5},"f":{"0":2,"1":2,"2":4,"3":2,"4":2,"5":5,"6":3,"7":2,"8":4,"9":3,"10":12,"11":3},"b":{"0":[2,0],"1":[1],"2":[2],"3":[1],"4":[2],"5":[1],"6":[4],"7":[2],"8":[2],"9":[3],"10":[3],"11":[2],"12":[3,3]}}
,"/Users/akeilsmith/hive-2/backend/src/domains/users/UserService.ts": {"path":"/Users/akeilsmith/hive-2/backend/src/domains/users/UserService.ts","statementMap":{"0":{"start":{"line":1,"column":0},"end":{"line":1,"column":39}},"1":{"start":{"line":2,"column":0},"end":{"line":2,"column":49}},"2":{"start":{"line":3,"column":0},"end":{"line":3,"column":38}},"3":{"start":{"line":4,"column":0},"end":{"line":4,"column":35}},"4":{"start":{"line":5,"column":0},"end":{"line":5,"column":70}},"5":{"start":{"line":64,"column":33},"end":{"line":64,"column":35}},"6":{"start":{"line":70,"column":4},"end":{"line":101,"column":5}},"7":{"start":{"line":72,"column":27},"end":{"line":74,"column":null}},"8":{"start":{"line":77,"column":6},"end":{"line":79,"column":7}},"9":{"start":{"line":78,"column":8},"end":{"line":78,"column":66}},"10":{"start":{"line":82,"column":27},"end":{"line":82,"column":71}},"11":{"start":{"line":85,"column":21},"end":{"line":89,"column":null}},"12":{"start":{"line":92,"column":22},"end":{"line":92,"column":36}},"13":{"start":{"line":93,"column":19},"end":{"line":93,"column":42}},"14":{"start":{"line":96,"column":20},"end":{"line":96,"column":44}},"15":{"start":{"line":98,"column":6},"end":{"line":98,"column":33}},"16":{"start":{"line":100,"column":6},"end":{"line":100,"column":63}},"17":{"start":{"line":108,"column":4},"end":{"line":136,"column":5}},"18":{"start":{"line":110,"column":21},"end":{"line":114,"column":null}},"19":{"start":{"line":117,"column":6},"end":{"line":119,"column":7}},"20":{"start":{"line":118,"column":8},"end":{"line":118,"column":71}},"21":{"start":{"line":121,"column":22},"end":{"line":121,"column":36}},"22":{"start":{"line":124,"column":22},"end":{"line":124,"column":74}},"23":{"start":{"line":126,"column":6},"end":{"line":128,"column":7}},"24":{"start":{"line":127,"column":8},"end":{"line":127,"column":71}},"25":{"start":{"line":130,"column":19},"end":{"line":130,"column":42}},"26":{"start":{"line":131,"column":20},"end":{"line":131,"column":44}},"27":{"start":{"line":133,"column":6},"end":{"line":133,"column":33}},"28":{"start":{"line":135,"column":6},"end":{"line":135,"column":55}},"29":{"start":{"line":143,"column":4},"end":{"line":159,"column":5}},"30":{"start":{"line":144,"column":21},"end":{"line":148,"column":null}},"31":{"start":{"line":151,"column":6},"end":{"line":153,"column":7}},"32":{"start":{"line":152,"column":8},"end":{"line":152,"column":54}},"33":{"start":{"line":155,"column":19},"end":{"line":155,"column":49}},"34":{"start":{"line":156,"column":6},"end":{"line":156,"column":22}},"35":{"start":{"line":158,"column":6},"end":{"line":158,"column":58}},"36":{"start":{"line":166,"column":20},"end":{"line":169,"column":6}},"37":{"start":{"line":171,"column":33},"end":{"line":173,"column":6}},"38":{"start":{"line":175,"column":4},"end":{"line":175,"column":52}},"39":{"start":{"line":183,"column":4},"end":{"line":190,"column":6}},"40":{"start":{"line":63,"column":0},"end":{"line":63,"column":13}},"41":{"start":{"line":194,"column":13},"end":{"line":194,"column":45}}},"fnMap":{"0":{"name":"(anonymous_1)","decl":{"start":{"line":69,"column":2},"end":{"line":69,"column":7}},"loc":{"start":{"line":69,"column":37},"end":{"line":102,"column":3}}},"1":{"name":"(anonymous_2)","decl":{"start":{"line":107,"column":2},"end":{"line":107,"column":7}},"loc":{"start":{"line":107,"column":31},"end":{"line":137,"column":3}}},"2":{"name":"(anonymous_3)","decl":{"start":{"line":142,"column":2},"end":{"line":142,"column":7}},"loc":{"start":{"line":142,"column":28},"end":{"line":160,"column":3}}},"3":{"name":"(anonymous_4)","decl":{"start":{"line":165,"column":10},"end":{"line":165,"column":23}},"loc":{"start":{"line":165,"column":34},"end":{"line":176,"column":3}}},"4":{"name":"(anonymous_5)","decl":{"start":{"line":182,"column":10},"end":{"line":182,"column":19}},"loc":{"start":{"line":182,"column":28},"end":{"line":191,"column":3}}}},"branchMap":{"0":{"loc":{"start":{"line":77,"column":6},"end":{"line":79,"column":7}},"type":"if","locations":[{"start":{"line":77,"column":6},"end":{"line":79,"column":7}}]},"1":{"loc":{"start":{"line":117,"column":6},"end":{"line":119,"column":7}},"type":"if","locations":[{"start":{"line":117,"column":6},"end":{"line":119,"column":7}}]},"2":{"loc":{"start":{"line":126,"column":6},"end":{"line":128,"column":7}},"type":"if","locations":[{"start":{"line":126,"column":6},"end":{"line":128,"column":7}}]},"3":{"loc":{"start":{"line":151,"column":6},"end":{"line":153,"column":7}},"type":"if","locations":[{"start":{"line":151,"column":6},"end":{"line":153,"column":7}}]},"4":{"loc":{"start":{"line":187,"column":17},"end":{"line":187,"column":39}},"type":"binary-expr","locations":[{"start":{"line":187,"column":17},"end":{"line":187,"column":31}},{"start":{"line":187,"column":35},"end":{"line":187,"column":39}}]}},"s":{"0":4,"1":4,"2":4,"3":4,"4":4,"5":4,"6":0,"7":0,"8":0,"9":0,"10":0,"11":0,"12":0,"13":0,"14":0,"15":0,"16":0,"17":0,"18":0,"19":0,"20":0,"21":0,"22":0,"23":0,"24":0,"25":0,"26":0,"27":0,"28":0,"29":0,"30":0,"31":0,"32":0,"33":0,"34":0,"35":0,"36":0,"37":0,"38":0,"39":0,"40":4,"41":4},"f":{"0":0,"1":0,"2":0,"3":0,"4":0},"b":{"0":[0],"1":[0],"2":[0],"3":[0],"4":[0,0]}}
,"/Users/akeilsmith/hive-2/backend/src/domains/workspace/WorkspaceService.ts": {"path":"/Users/akeilsmith/hive-2/backend/src/domains/workspace/WorkspaceService.ts","statementMap":{"0":{"start":{"line":1,"column":0},"end":{"line":1,"column":38}},"1":{"start":{"line":2,"column":0},"end":{"line":2,"column":70}},"2":{"start":{"line":62,"column":4},"end":{"line":109,"column":5}},"3":{"start":{"line":64,"column":23},"end":{"line":66,"column":null}},"4":{"start":{"line":69,"column":6},"end":{"line":71,"column":7}},"5":{"start":{"line":70,"column":8},"end":{"line":70,"column":71}},"6":{"start":{"line":74,"column":21},"end":{"line":104,"column":8}},"7":{"start":{"line":76,"column":32},"end":{"line":91,"column":null}},"8":{"start":{"line":94,"column":26},"end":{"line":94,"column":49}},"9":{"start":{"line":97,"column":8},"end":{"line":101,"column":10}},"10":{"start":{"line":103,"column":8},"end":{"line":103,"column":25}},"11":{"start":{"line":106,"column":6},"end":{"line":106,"column":45}},"12":{"start":{"line":108,"column":6},"end":{"line":108,"column":66}},"13":{"start":{"line":116,"column":4},"end":{"line":126,"column":5}},"14":{"start":{"line":117,"column":21},"end":{"line":117,"column":83}},"15":{"start":{"line":119,"column":6},"end":{"line":121,"column":7}},"16":{"start":{"line":120,"column":8},"end":{"line":120,"column":55}},"17":{"start":{"line":123,"column":6},"end":{"line":123,"column":53}},"18":{"start":{"line":125,"column":6},"end":{"line":125,"column":63}},"19":{"start":{"line":133,"column":4},"end":{"line":143,"column":5}},"20":{"start":{"line":134,"column":21},"end":{"line":134,"column":87}},"21":{"start":{"line":136,"column":6},"end":{"line":138,"column":7}},"22":{"start":{"line":137,"column":8},"end":{"line":137,"column":51}},"23":{"start":{"line":140,"column":6},"end":{"line":140,"column":53}},"24":{"start":{"line":142,"column":6},"end":{"line":142,"column":63}},"25":{"start":{"line":150,"column":4},"end":{"line":164,"column":5}},"26":{"start":{"line":151,"column":21},"end":{"line":157,"column":null}},"27":{"start":{"line":160,"column":25},"end":{"line":160,"column":75}},"28":{"start":{"line":160,"column":50},"end":{"line":160,"column":74}},"29":{"start":{"line":161,"column":6},"end":{"line":161,"column":28}},"30":{"start":{"line":163,"column":6},"end":{"line":163,"column":65}},"31":{"start":{"line":174,"column":4},"end":{"line":227,"column":5}},"32":{"start":{"line":175,"column":35},"end":{"line":175,"column":37}},"33":{"start":{"line":176,"column":28},"end":{"line":176,"column":30}},"34":{"start":{"line":177,"column":23},"end":{"line":177,"column":24}},"35":{"start":{"line":179,"column":6},"end":{"line":182,"column":7}},"36":{"start":{"line":180,"column":8},"end":{"line":180,"column":51}},"37":{"start":{"line":181,"column":8},"end":{"line":181,"column":34}},"38":{"start":{"line":183,"column":6},"end":{"line":186,"column":7}},"39":{"start":{"line":184,"column":8},"end":{"line":184,"column":52}},"40":{"start":{"line":185,"column":8},"end":{"line":185,"column":35}},"41":{"start":{"line":187,"column":6},"end":{"line":190,"column":7}},"42":{"start":{"line":188,"column":8},"end":{"line":188,"column":52}},"43":{"start":{"line":189,"column":8},"end":{"line":189,"column":35}},"44":{"start":{"line":191,"column":6},"end":{"line":194,"column":7}},"45":{"start":{"line":192,"column":8},"end":{"line":192,"column":58}},"46":{"start":{"line":193,"column":8},"end":{"line":193,"column":41}},"47":{"start":{"line":195,"column":6},"end":{"line":198,"column":7}},"48":{"start":{"line":196,"column":8},"end":{"line":196,"column":55}},"49":{"start":{"line":197,"column":8},"end":{"line":197,"column":38}},"50":{"start":{"line":199,"column":6},"end":{"line":202,"column":7}},"51":{"start":{"line":200,"column":8},"end":{"line":200,"column":55}},"52":{"start":{"line":201,"column":8},"end":{"line":201,"column":38}},"53":{"start":{"line":204,"column":6},"end":{"line":207,"column":7}},"54":{"start":{"line":206,"column":8},"end":{"line":206,"column":32}},"55":{"start":{"line":209,"column":6},"end":{"line":209,"column":44}},"56":{"start":{"line":210,"column":6},"end":{"line":210,"column":22}},"57":{"start":{"line":212,"column":21},"end":{"line":217,"column":null}},"58":{"start":{"line":220,"column":6},"end":{"line":222,"column":7}},"59":{"start":{"line":221,"column":8},"end":{"line":221,"column":55}},"60":{"start":{"line":224,"column":6},"end":{"line":224,"column":53}},"61":{"start":{"line":226,"column":6},"end":{"line":226,"column":66}},"62":{"start":{"line":234,"column":4},"end":{"line":244,"column":5}},"63":{"start":{"line":235,"column":21},"end":{"line":235,"column":81}},"64":{"start":{"line":237,"column":6},"end":{"line":239,"column":7}},"65":{"start":{"line":238,"column":8},"end":{"line":238,"column":55}},"66":{"start":{"line":241,"column":6},"end":{"line":241,"column":27}},"67":{"start":{"line":243,"column":6},"end":{"line":243,"column":66}},"68":{"start":{"line":251,"column
[...]
,"/Users/akeilsmith/hive-2/backend/src/infra/db/migrate.ts": {"path":"/Users/akeilsmith/hive-2/backend/src/infra/db/migrate.ts","statementMap":{"0":{"start":{"line":55,"column":0},"end":{"line":55,"column":7}},"1":{"start":{"line":91,"column":0},"end":{"line":91,"column":7}},"2":{"start":{"line":1,"column":0},"end":{"line":1,"column":23}},"3":{"start":{"line":2,"column":0},"end":{"line":2,"column":30}},"4":{"start":{"line":3,"column":0},"end":{"line":3,"column":47}},"5":{"start":{"line":4,"column":0},"end":{"line":4,"column":28}},"6":{"start":{"line":5,"column":0},"end":{"line":5,"column":46}},"7":{"start":{"line":19,"column":2},"end":{"line":25,"column":5}},"8":{"start":{"line":29,"column":17},"end":{"line":30,"column":null}},"9":{"start":{"line":32,"column":2},"end":{"line":32,"column":47}},"10":{"start":{"line":32,"column":40},"end":{"line":32,"column":44}},"11":{"start":{"line":36,"column":24},"end":{"line":36,"column":62}},"12":{"start":{"line":37,"column":16},"end":{"line":39,"column":11}},"13":{"start":{"line":38,"column":19},"end":{"line":38,"column":37}},"14":{"start":{"line":41,"column":2},"end":{"line":52,"column":5}},"15":{"start":{"line":42,"column":18},"end":{"line":42,"column":53}},"16":{"start":{"line":43,"column":4},"end":{"line":45,"column":5}},"17":{"start":{"line":44,"column":6},"end":{"line":44,"column":65}},"18":{"start":{"line":47,"column":15},"end":{"line":47,"column":37}},"19":{"start":{"line":48,"column":17},"end":{"line":48,"column":25}},"20":{"start":{"line":49,"column":16},"end":{"line":49,"column":68}},"21":{"start":{"line":51,"column":4},"end":{"line":51,"column":39}},"22":{"start":{"line":56,"column":2},"end":{"line":56,"column":49}},"23":{"start":{"line":58,"column":2},"end":{"line":58,"column":21}},"24":{"start":{"line":59,"column":2},"end":{"line":59,"column":32}},"25":{"start":{"line":61,"column":18},"end":{"line":61,"column":46}},"26":{"start":{"line":62,"column":21},"end":{"line":62,"column":41}},"27":{"start":{"line":64,"column":18},"end":{"line":64,"column":62}},"28":{"start":{"line":64,"column":43},"end":{"line":64,"column":61}},"29":{"start":{"line":66,"column":2},"end":{"line":69,"column":3}},"30":{"start":{"line":67,"column":4},"end":{"line":67,"column":41}},"31":{"start":{"line":68,"column":4},"end":{"line":68,"column":11}},"32":{"start":{"line":71,"column":2},"end":{"line":86,"column":3}},"33":{"start":{"line":72,"column":4},"end":{"line":72,"column":73}},"34":{"start":{"line":74,"column":4},"end":{"line":83,"column":7}},"35":{"start":{"line":76,"column":6},"end":{"line":76,"column":40}},"36":{"start":{"line":79,"column":6},"end":{"line":82,"column":8}},"37":{"start":{"line":85,"column":4},"end":{"line":85,"column":66}},"38":{"start":{"line":88,"column":2},"end":{"line":88,"column":54}},"39":{"start":{"line":92,"column":2},"end":{"line":92,"column":67}},"40":{"start":{"line":93,"column":2},"end":{"line":93,"column":70}},"41":{"start":{"line":97,"column":0},"end":{"line":122,"column":1}},"42":{"start":{"line":98,"column":18},"end":{"line":98,"column":41}},"43":{"start":{"line":100,"column":2},"end":{"line":121,"column":3}},"44":{"start":{"line":101,"column":4},"end":{"line":109,"column":9}},"45":{"start":{"line":103,"column":8},"end":{"line":103,"column":43}},"46":{"start":{"line":104,"column":8},"end":{"line":104,"column":24}},"47":{"start":{"line":107,"column":8},"end":{"line":107,"column":87}},"48":{"start":{"line":108,"column":8},"end":{"line":108,"column":24}},"49":{"start":{"line":110,"column":9},"end":{"line":121,"column":3}},"50":{"start":{"line":111,"column":4},"end":{"line":116,"column":9}},"51":{"start":{"line":112,"column":18},"end":{"line":112,"column":33}},"52":{"start":{"line":114,"column":8},"end":{"line":114,"column":51}},"53":{"start":{"line":115,"column":8},"end":{"line":115,"column":24}},"54":{"start":{"line":118,"column":4},"end":{"line":118,"column":48}},"55":{"start":{"line":119,"column":4},"end":{"line":119,"column":52}},"56":{"start":{"line":120,"column":4},"end":{"line":120,"column":20}}},"fnMap":{"0":{"name":"ensureMigrationsTable","decl":{"start":{"line":18,"column":15},"end":{"line":18,"column":36}},"loc":{"start":{"line":18,"column":36},"end":{"line":26,"column":1}}},"1":{"name":"getAppliedMigrations","decl":{"start":{"line":28,"column":15},"end":{"line":28,"column":35}},"loc":{"start":{"line":28,"column":35},"end":{"line":33,"column":1}}},"2":{"name":"(anonymous_2)","decl":{"start":{"line":32,"column":33},"end":{"line":32,"column":34}},"loc":{"start":{"line":32,"column":40},"end":{"line":32,"column":44}}},"3":{"name":"loadMigrationFiles","decl":{"start":{"line":35,"column":9},"end":{"line":35,"column":27}},"loc":{"start":{"line":35,"column":27},"end":{"line":53,"column":1}}},"4":{"name":"(anonymous_4)","decl":{"start":{"line":38,"column":12},"end":{"line":38,"column":13}},"loc":{"start":{"line":38,"column":19},"end":{"line":38,"column":37}}},"5":{"name":"(anonymous_5)","decl":{"start":{"line":41,"column":19},"end":{"line":41,"column":20}},"loc":{"start":{"line":41,"column":32},"end":{"line":52,"column":3}}},"6":{"name":"runMigrations","decl":{"start":{"line":55,"column":22},"end":{"line":55,"column":35}},"loc":{"start":{"line":55,"column":35},"end":{"line":89,"column":1}}},"7":{"name":"(anonymous_7)","decl":{"start":{"line":64,"column":36},"end":{"line":64,"column":37}},"loc":{"start":{"line":64,"column":43},"end":{"line":64,"column":61}}},"8":{"name":"(anonymous_8)","decl":{"start":{"line":74,"column":25},"end":{"line":74,"column":30}},"loc":{"start":{"line":74,"column":42},"end":{"line":83,"column":5}}},"9":{"name":"rollbackMigration","decl":{"start":{"line":91,"column":22},"end":{"line":91,"column":39}},"loc":{"start":{"line":91,"column":39},"end":{"line":94,"column":1}}},"10":{"name":"(anonymous_10)","decl":{"start":{"line":102,"column":12},"end":{"line":102,"column":15}},"loc":{"start":{"line":102,"column":17},"end":{"line":105,"column":7}}},"11":{"name":"(anonymous_11)","decl":{"start":{"line":106,"column":13},"end":{"line":106,"column":14}},"loc":{"start":{"line":106,"column":23},"end":{"line":109,"column":7}}},"12":{"name":"(anonymous_12)","decl":{"start":{"line":112,"column":12},"end":{"line":112,"column":15}},"loc":{"start":{"line":112,"column":18},"end":{"line":112,"column":33}}},"13":{"name":"(anonymous_13)","decl":{"start":{"line":113,"column":13},"end":{"line":113,"column":14}},"loc":{"start":{"line":113,"column":23},"end":{"line":116,"column":7}}}},"branchMap":{"0":{"loc":{"start":{"line":43,"column":4},"end":{"line":45,"column":5}},"type":"if","locations":[{"start":{"line":43,"column":4},"end":{"line":45,"column":5}}]},"1":{"loc":{"start":{"line":66,"column":2},"end":{"line":69,"column":3}},"type":"if","locations":[{"start":{"line":66,"column":2},"end":{"line":69,"column":3}}]},"2":{"loc":{"start":{"line":97,"column":0},"end":{"line":122,"column":1}},"type":"if","locations":[{"start":{"line":97,"column":0},"end":{"line":122,"column":1}}]},"3":{"loc":{"start":{"line":98,"column":18},"end":{"line":98,"column":41}},"type":"binary-expr","locations":[{"start":{"line":98,"column":18},"end":{"line":98,"column":33}},{"start":{"line":98,"column":37},"end":{"line":98,"column":41}}]},"4":{"loc":{"start":{"line":100,"column":2},"end":{"line":121,"column":3}},"type":"if","locations":[{"start":{"line":100,"column":2},"end":{"line":121,"column":3}},{"start":{"line":110,"column":9},"end":{"line":121,"column":3}}]},"5":{"loc":{"start":{"line":110,"column":9},"end":{"line":121,"column":3}},"type":"if","locations":[{"start":{"line":110,"column":9},"end":{"line":121,"column":3}},{"start":{"line":117,"column":9},"end":{"line":121,"column":3}}]}},"s":{"0":5,"1":5,"2":5,"3":5,"4":5,"5":5,"6":5,"7":5,"8":5,"9":5,"10":0,"11":5,"12":5,"13":25,"14":5,"15":25,"16":25,"17":0,"18":25,"19":25,"20":25,"21":25,"22":5,"23":5,"24":5,"25":5,"26":5,"27":5,"28":25,"29":5,"30":0,"31":0,"32":5,"33":5,"34":5,"35":5,"36":0,"37":0,"38":0,"39":0,"40":0,"41":5,"42":0,"43":0,"44":0,"45":0,"46":0,"47":0,"48":0,"49":0,"50":0,"51":0,"52":0,"53":0,"54":0,"55":0,"56":0},"f":{"0":5,"1":5,"2":0,"3":5,"4":25,"5":25,"6":5,"7":25,"8":5,"9":0,"10":0,"11":0,"12":0,"13":0},"b":{"0":[0],"1":[0],"2":[0],"3":[0,0],"4":[0,0],"5":[0,0]}}
,"/Users/akeilsmith/hive-2/backend/src/shared/types/Result.ts": {"path":"/Users/akeilsmith/hive-2/backend/src/shared/types/Result.ts","statementMap":{"0":{"start":{"line":32,"column":0},"end":{"line":32,"column":16}},"1":{"start":{"line":39,"column":0},"end":{"line":39,"column":16}},"2":{"start":{"line":49,"column":0},"end":{"line":49,"column":16}},"3":{"start":{"line":56,"column":0},"end":{"line":56,"column":16}},"4":{"start":{"line":63,"column":0},"end":{"line":63,"column":16}},"5":{"start":{"line":71,"column":0},"end":{"line":71,"column":16}},"6":{"start":{"line":81,"column":0},"end":{"line":81,"column":16}},"7":{"start":{"line":88,"column":0},"end":{"line":88,"column":16}},"8":{"start":{"line":101,"column":0},"end":{"line":101,"column":16}},"9":{"start":{"line":114,"column":0},"end":{"line":114,"column":16}},"10":{"start":{"line":129,"column":0},"end":{"line":129,"column":16}},"11":{"start":{"line":33,"column":2},"end":{"line":33,"column":29}},"12":{"start":{"line":40,"column":2},"end":{"line":42,"column":3}},"13":{"start":{"line":41,"column":4},"end":{"line":41,"column":66}},"14":{"start":{"line":43,"column":2},"end":{"line":43,"column":31}},"15":{"start":{"line":50,"column":2},"end":{"line":50,"column":22}},"16":{"start":{"line":57,"column":2},"end":{"line":57,"column":28}},"17":{"start":{"line":64,"column":2},"end":{"line":64,"column":29}},"18":{"start":{"line":72,"column":2},"end":{"line":74,"column":3}},"19":{"start":{"line":73,"column":4},"end":{"line":73,"column":24}},"20":{"start":{"line":75,"column":2},"end":{"line":75,"column":69}},"21":{"start":{"line":82,"column":2},"end":{"line":82,"column":52}},"22":{"start":{"line":92,"column":2},"end":{"line":94,"column":3}},"23":{"start":{"line":93,"column":4},"end":{"line":93,"column":32}},"24":{"start":{"line":95,"column":2},"end":{"line":95,"column":16}},"25":{"start":{"line":105,"column":2},"end":{"line":107,"column":3}},"26":{"start":{"line":106,"column":4},"end":{"line":106,"column":28}},"27":{"start":{"line":108,"column":2},"end":{"line":108,"column":16}},"28":{"start":{"line":118,"column":2},"end":{"line":120,"column":3}},"29":{"start":{"line":119,"column":4},"end":{"line":119,"column":34}},"30":{"start":{"line":121,"column":2},"end":{"line":121,"column":32}},"31":{"start":{"line":130,"column":22},"end":{"line":130,"column":24}},"32":{"start":{"line":131,"column":25},"end":{"line":131,"column":27}},"33":{"start":{"line":133,"column":2},"end":{"line":139,"column":3}},"34":{"start":{"line":134,"column":4},"end":{"line":138,"column":5}},"35":{"start":{"line":135,"column":6},"end":{"line":135,"column":32}},"36":{"start":{"line":137,"column":6},"end":{"line":137,"column":39}},"37":{"start":{"line":141,"column":2},"end":{"line":143,"column":3}},"38":{"start":{"line":142,"column":4},"end":{"line":142,"column":26}},"39":{"start":{"line":145,"column":2},"end":{"line":145,"column":20}},"40":{"start":{"line":151,"column":13},"end":{"line":195,"column":2}},"41":{"start":{"line":152,"column":59},"end":{"line":157,"column":4}},"42":{"start":{"line":159,"column":55},"end":{"line":163,"column":4}},"43":{"start":{"line":165,"column":62},"end":{"line":169,"column":4}},"44":{"start":{"line":171,"column":56},"end":{"line":175,"column":4}},"45":{"start":{"line":177,"column":41},"end":{"line":181,"column":4}},"46":{"start":{"line":183,"column":67},"end":{"line":187,"column":4}},"47":{"start":{"line":189,"column":58},"end":{"line":194,"column":4}}},"fnMap":{"0":{"name":"Ok","decl":{"start":{"line":32,"column":16},"end":{"line":32,"column":18}},"loc":{"start":{"line":32,"column":30},"end":{"line":34,"column":1}}},"1":{"name":"Err","decl":{"start":{"line":39,"column":16},"end":{"line":39,"column":19}},"loc":{"start":{"line":39,"column":42},"end":{"line":44,"column":1}}},"2":{"name":"ErrSingle","decl":{"start":{"line":49,"column":16},"end":{"line":49,"column":25}},"loc":{"start":{"line":49,"column":45},"end":{"line":51,"column":1}}},"3":{"name":"isOk","decl":{"start":{"line":56,"column":16},"end":{"line":56,"column":20}},"loc":{"start":{"line":56,"column":47},"end":{"line":58,"column":1}}},"4":{"name":"isErr","decl":{"start":{"line":63,"column":16},"end":{"line":63,"column":21}},"loc":{"start":{"line":63,"column":48},"end":{"line":65,"column":1}}},"5":{"name":"unwrap","decl":{"start":{"line":71,"column":16},"end":{"line":71,"column":22}},"loc":{"start":{"line":71,"column":49},"end":{"line":76,"column":1}}},"6":{"name":"unwrapOr","decl":{"start":{"line":81,"column":16},"end":{"line":81,"column":24}},"loc":{"start":{"line":81,"column":68},"end":{"line":83,"column":1}}},"7":{"name":"map","decl":{"start":{"line":88,"column":16},"end":{"line":88,"column":19}},"loc":{"start":{"line":90,"column":21},"end":{"line":96,"column":1}}},"8":{"name":"flatMap","decl":{"start":{"line":101,"column":16},"end":{"line":101,"column":23}},"loc":{"start":{"line":103,"column":32},"end":{"line":109,"column":1}}},"9":{"name":"mapErr","decl":{"start":{"line":114,"column":16},"end":{"line":114,"column":22}},"loc":{"start":{"line":116,"column":26},"end":{"line":122,"column":1}}},"10":{"name":"combine","decl":{"start":{"line":129,"column":16},"end":{"line":129,"column":23}},"loc":{"start":{"line":129,"column":53},"end":{"line":146,"column":1}}},"11":{"name":"(anonymous_11)","decl":{"start":{"line":152,"column":14},"end":{"line":152,"column":15}},"loc":{"start":{"line":152,"column":59},"end":{"line":157,"column":4}}},"12":{"name":"(anonymous_12)","decl":{"start":{"line":159,"column":12},"end":{"line":159,"column":13}},"loc":{"start":{"line":159,"column":55},"end":{"line":163,"column":4}}},"13":{"name":"(anonymous_13)","decl":{"start":{"line":165,"column":16},"end":{"line":165,"column":17}},"loc":{"start":{"line":165,"column":62},"end":{"line":169,"column":4}}},"14":{"name":"(anonymous_14)","decl":{"start":{"line":171,"column":13},"end":{"line":171,"column":14}},"loc":{"start":{"line":171,"column":56},"end":{"line":175,"column":4}}},"15":{"name":"(anonymous_15)","decl":{"start":{"line":177,"column":12},"end":{"line":177,"column":13}},"loc":{"start":{"line":177,"column":41},"end":{"line":181,"column":4}}},"16":{"name":"(anonymous_16)","decl":{"start":{"line":183,"column":12},"end":{"line":183,"column":13}},"loc":{"start":{"line":183,"column":67},"end":{"line":187,"column":4}}},"17":{"name":"(anonymous_17)","decl":{"start":{"line":189,"column":12},"end":{"line":189,"column":13}},"loc":{"start":{"line":189,"column":58},"end":{"line":194,"column":4}}}},"branchMap":{"0":{"loc":{"start":{"line":40,"column":2},"end":{"line":42,"column":3}},"type":"if","locations":[{"start":{"line":40,"column":2},"end":{"line":42,"column":3}}]},"1":{"loc":{"start":{"line":40,"column":6},"end":{"line":40,"column":51}},"type":"binary-expr","locations":[{"start":{"line":40,"column":6},"end":{"line":40,"column":28}},{"start":{"line":40,"column":32},"end":{"line":40,"column":51}}]},"2":{"loc":{"start":{"line":72,"column":2},"end":{"line":74,"column":3}},"type":"if","locations":[{"start":{"line":72,"column":2},"end":{"line":74,"column":3}}]},"3":{"loc":{"start":{"line":82,"column":9},"end":{"line":82,"column":51}},"type":"cond-expr","locations":[{"start":{"line":82,"column":24},"end":{"line":82,"column":36}},{"start":{"line":82,"column":39},"end":{"line":82,"column":51}}]},"4":{"loc":{"start":{"line":92,"column":2},"end":{"line":94,"column":3}},"type":"if","locations":[{"start":{"line":92,"column":2},"end":{"line":94,"column":3}}]},"5":{"loc":{"start":{"line":105,"column":2},"end":{"line":107,"column":3}},"type":"if","locations":[{"start":{"line":105,"column":2},"end":{"line":107,"column":3}}]},"6":{"loc":{"start":{"line":118,"column":2},"end":{"line":120,"column":3}},"type":"if","locations":[{"start":{"line":118,"column":2},"end":{"line":120,"column":3}}]},"7":{"loc":{"start":{"line":134,"column":4},"end":{"line":138,"column":5}},"type":"if","locations":[{"start":{"line":134,"column":4},"end":{"line":138,"column":5}},{"start":{"line":136,"column":11},"end":{"line":138,"column":5}}]},"8":{"loc":{"start":{"line":141,"column":2},"end":{"line":143,"column":3}},"type":"if","locations":[{"start":{"line":141,"column":2},"end":{"line":143,"column":3}}]},"9":{"loc":{"start":{"line":161,"column":27},"end":{"line":161,"column":53}},"type":"cond-expr","locations":[{"start":{"line":161,"column":32},"end":{"line":161,"column":48}},{"start":{"line":161,"column":51},"end":{"line":161,"column":53}}]},"10":{"loc":{"start":{"line":165,"column":17},"end":{"line":165,"column":49}},"type":"default-arg","locations":[{"start":{"line":165,"column":35},"end":{"line":165,"column":49}}]},"11":{"loc":{"start":{"line":171,"column":14},"end":{"line":171,"column":43}},"type":"default-arg","locations":[{"start":{"line":171,"column":32},"end":{"line":171,"column":43}}]},"12":{"loc":{"start":{"line":183,"column":13},"end":{"line":183,"column":54}},"type":"default-arg","locations":[{"start":{"line":183,"column":31},"end":{"line":183,"column":54}}]}},"s":{"0":10,"1":10,"2":10,"3":10,"4":10,"5":10,"6":10,"7":10,"8":10,"9":10,"10":10,"11":62,"12":33,"13":2,"14":31,"15":1,"16":29,"17":15,"18":2,"19":1,"20":1,"21":2,"22":2,"23":1,"24":1,"25":3,"26":2,"27":1,"28":2,"29":1,"30":1,"31":3,"32":3,"33":3,"34":7,"35":5,"36":2,"37":3,"38":1,"39":2,"40":10,"41":3,"42":13,"43":1,"44":1,"45":1,"46":18,"47":4},"f":{"0":62,"1":33,"2":1,"3":29,"4":15,"5":2,"6":2,"7":2,"8":3,"9":2,"10":3,"11":3,"12":13,"13":1,"14":1,"15":1,"16":18,"17":4},"b":{"0":[2],"1":[33,32],"2":[1],"3":[1,1],"4":[1],"5":[2],"6":[1],"7":[5,2],"8":[1],"9":[12,1],"10":[1],"11":[0],"12":[5]}}
,"/Users/akeilsmith/hive-2/backend/src/shared/utils/logger.ts": {"path":"/Users/akeilsmith/hive-2/backend/src/shared/utils/logger.ts","statementMap":{"0":{"start":{"line":23,"column":0},"end":{"line":23,"column":16}},"1":{"start":{"line":38,"column":0},"end":{"line":38,"column":16}},"2":{"start":{"line":1,"column":0},"end":{"line":1,"column":24}},"3":{"start":{"line":2,"column":0},"end":{"line":2,"column":36}},"4":{"start":{"line":4,"column":22},"end":{"line":4,"column":60}},"5":{"start":{"line":6,"column":13},"end":{"line":18,"column":3}},"6":{"start":{"line":24,"column":13},"end":{"line":24,"column":42}},"7":{"start":{"line":25,"column":2},"end":{"line":25,"column":45}},"8":{"start":{"line":39,"column":2},"end":{"line":39,"column":31}}},"fnMap":{"0":{"name":"createLogger","decl":{"start":{"line":23,"column":16},"end":{"line":23,"column":28}},"loc":{"start":{"line":23,"column":51},"end":{"line":26,"column":1}}},"1":{"name":"withContext","decl":{"start":{"line":38,"column":16},"end":{"line":38,"column":27}},"loc":{"start":{"line":38,"column":47},"end":{"line":40,"column":1}}}},"branchMap":{"0":{"loc":{"start":{"line":7,"column":9},"end":{"line":7,"column":40}},"type":"binary-expr","locations":[{"start":{"line":7,"column":9},"end":{"line":7,"column":30}},{"start":{"line":7,"column":34},"end":{"line":7,"column":40}}]},"1":{"loc":{"start":{"line":8,"column":13},"end":{"line":17,"column":15}},"type":"cond-expr","locations":[{"start":{"line":9,"column":6},"end":{"line":16,"column":null}},{"start":{"line":17,"column":6},"end":{"line":17,"column":15}}]},"2":{"loc":{"start":{"line":24,"column":13},"end":{"line":24,"column":42}},"type":"binary-expr","locations":[{"start":{"line":24,"column":13},"end":{"line":24,"column":26}},{"start":{"line":24,"column":30},"end":{"line":24,"column":42}}]}},"s":{"0":9,"1":9,"2":9,"3":9,"4":9,"5":9,"6":0,"7":0,"8":0},"f":{"0":0,"1":0},"b":{"0":[9,0],"1":[0,9],"2":[0,0]}}
}
