TN:
SF:src/app.ts
FN:18,createApp
FN:21,(anonymous_2)
FN:32,(anonymous_3)
FN:42,(anonymous_4)
FN:67,(anonymous_5)
FNF:5
FNH:0
FNDA:0,createApp
FNDA:0,(anonymous_2)
FNDA:0,(anonymous_3)
FNDA:0,(anonymous_4)
FNDA:0,(anonymous_5)
DA:1,4
DA:2,4
DA:3,4
DA:4,4
DA:5,4
DA:6,4
DA:7,4
DA:8,4
DA:9,4
DA:10,4
DA:11,4
DA:12,4
DA:13,4
DA:18,4
DA:19,0
DA:21,0
DA:26,0
DA:32,0
DA:33,0
DA:42,0
DA:43,0
DA:53,0
DA:56,0
DA:57,0
DA:58,0
DA:59,0
DA:60,0
DA:61,0
DA:64,0
DA:67,0
DA:68,0
DA:80,0
LF:32
LH:14
BRF:0
BRH:0
end_of_record
TN:
SF:src/core/ai/AIService.ts
FN:26,(anonymous_1)
FN:88,(anonymous_2)
FN:148,(anonymous_3)
FN:181,(anonymous_4)
FN:216,(anonymous_5)
FN:230,(anonymous_6)
FN:232,(anonymous_7)
FN:233,(anonymous_8)
FNF:8
FNH:8
FNDA:2,(anonymous_1)
FNDA:2,(anonymous_2)
FNDA:1,(anonymous_3)
FNDA:2,(anonymous_4)
FNDA:2,(anonymous_5)
FNDA:1,(anonymous_6)
FNDA:3,(anonymous_7)
FNDA:2304,(anonymous_8)
DA:1,7
DA:2,7
DA:3,7
DA:4,7
DA:5,7
DA:6,7
DA:7,7
DA:21,7
DA:29,2
DA:30,2
DA:31,2
DA:34,0
DA:35,0
DA:37,0
DA:43,0
DA:52,0
DA:53,0
DA:57,0
DA:63,0
DA:64,0
DA:67,0
DA:70,0
DA:77,0
DA:79,0
DA:80,0
DA:91,2
DA:92,2
DA:93,2
DA:96,0
DA:97,0
DA:99,0
DA:104,0
DA:113,0
DA:114,0
DA:118,0
DA:124,0
DA:125,0
DA:128,0
DA:131,0
DA:138,0
DA:140,0
DA:141,0
DA:151,1
DA:152,1
DA:153,1
DA:156,0
DA:157,0
DA:159,0
DA:161,0
DA:162,0
DA:165,0
DA:171,0
DA:173,0
DA:174,0
DA:184,2
DA:210,2
DA:217,2
DA:224,2
DA:232,1
DA:233,2304
DA:236,1
DA:240,7
LF:62
LH:25
BRDA:29,0,0,2
BRDA:52,1,0,0
BRDA:63,2,0,0
BRDA:91,3,0,2
BRDA:113,4,0,0
BRDA:124,5,0,0
BRDA:151,6,0,1
BRDA:161,7,0,0
BRF:8
BRH:3
end_of_record
TN:
SF:src/core/ai/SchemaEnforcer.ts
FN:27,(anonymous_1)
FN:45,(anonymous_2)
FN:75,(anonymous_3)
FN:95,(anonymous_4)
FNF:4
FNH:0
FNDA:0,(anonymous_1)
FNDA:0,(anonymous_2)
FNDA:0,(anonymous_3)
FNDA:0,(anonymous_4)
DA:1,7
DA:2,7
DA:3,7
DA:16,7
DA:21,7
DA:22,7
DA:32,0
DA:34,0
DA:36,0
DA:37,0
DA:38,0
DA:42,0
DA:44,0
DA:45,0
DA:56,0
DA:61,0
DA:64,0
DA:66,0
DA:67,0
DA:89,0
DA:96,0
DA:100,7
LF:22
LH:7
BRDA:30,0,0,0
BRDA:36,1,0,0
BRDA:44,2,0,0
BRDA:45,3,0,0
BRDA:45,3,1,0
BRDA:47,4,0,0
BRDA:47,4,1,0
BRDA:79,5,0,0
BRF:8
BRH:0
end_of_record
TN:
SF:src/core/ai/prompts/file-tagging.ts
FN:22,buildFileTaggingPrompt
FNF:1
FNH:0
FNDA:0,buildFileTaggingPrompt
DA:22,7
DA:23,0
DA:83,7
LF:3
LH:2
BRDA:28,0,0,0
BRDA:28,0,1,0
BRDA:29,1,0,0
BRDA:29,1,1,0
BRDA:30,2,0,0
BRDA:30,2,1,0
BRDA:31,3,0,0
BRDA:31,3,1,0
BRDA:32,4,0,0
BRDA:32,4,1,0
BRF:10
BRH:0
end_of_record
TN:
SF:src/core/ai/prompts/structure-generation.ts
FN:32,buildStructurePrompt
FNF:1
FNH:0
FNDA:0,buildStructurePrompt
DA:32,7
DA:33,0
DA:103,7
LF:3
LH:2
BRDA:42,0,0,0
BRDA:42,0,1,0
BRF:2
BRH:0
end_of_record
TN:
SF:src/core/ai/providers/OpenAIProvider.ts
FN:52,(anonymous_1)
FN:68,(anonymous_2)
FN:115,(anonymous_3)
FN:150,(anonymous_4)
FN:163,(anonymous_5)
FN:188,(anonymous_6)
FN:225,(anonymous_7)
FNF:7
FNH:2
FNDA:7,(anonymous_1)
FNDA:0,(anonymous_2)
FNDA:0,(anonymous_3)
FNDA:0,(anonymous_4)
FNDA:0,(anonymous_5)
FNDA:0,(anonymous_6)
FNDA:7,(anonymous_7)
DA:1,7
DA:2,7
DA:3,7
DA:4,7
DA:48,7
DA:50,7
DA:53,7
DA:54,0
DA:57,7
DA:62,7
DA:72,0
DA:74,0
DA:75,0
DA:83,0
DA:84,0
DA:85,0
DA:88,0
DA:99,0
DA:100,0
DA:106,0
DA:108,0
DA:120,0
DA:122,0
DA:124,0
DA:129,0
DA:130,0
DA:134,0
DA:135,0
DA:136,0
DA:138,0
DA:143,0
DA:154,0
DA:156,0
DA:157,0
DA:163,0
DA:165,0
DA:171,0
DA:172,0
DA:179,0
DA:181,0
DA:189,0
DA:190,0
DA:197,0
DA:198,0
DA:203,0
DA:204,0
DA:207,0
DA:208,0
DA:213,0
DA:218,0
DA:219,0
DA:226,7
DA:227,0
DA:228,0
DA:234,7
LF:55
LH:11
BRDA:53,0,0,0
BRDA:70,1,0,0
BRDA:76,2,0,0
BRDA:76,2,1,0
BRDA:78,3,0,0
BRDA:78,3,1,0
BRDA:84,4,0,0
BRDA:84,5,0,0
BRDA:84,5,1,0
BRDA:92,6,0,0
BRDA:92,6,1,0
BRDA:93,7,0,0
BRDA:93,7,1,0
BRDA:94,8,0,0
BRDA:94,8,1,0
BRDA:118,9,0,0
BRDA:129,10,0,0
BRDA:152,11,0,0
BRDA:158,12,0,0
BRDA:158,12,1,0
BRDA:189,13,0,0
BRDA:197,14,0,0
BRDA:203,15,0,0
BRDA:207,16,0,0
BRDA:214,17,0,0
BRDA:214,17,1,0
BRDA:226,18,0,0
BRDA:227,19,0,0
BRF:28
BRH:0
end_of_record
TN:
SF:src/domains/filehub/FileHubService.ts
FN:65,(anonymous_0)
FN:88,(anonymous_1)
FN:150,(anonymous_2)
FN:200,(anonymous_3)
FN:248,(anonymous_4)
FN:294,(anonymous_5)
FN:305,(anonymous_6)
FN:322,(anonymous_7)
FN:337,(anonymous_8)
FNF:9
FNH:9
FNDA:2,(anonymous_0)
FNDA:4,(anonymous_1)
FNDA:3,(anonymous_2)
FNDA:3,(anonymous_3)
FNDA:4,(anonymous_4)
FNDA:2,(anonymous_5)
FNDA:2,(anonymous_6)
FNDA:4,(anonymous_7)
FNDA:8,(anonymous_8)
DA:1,5
DA:2,5
DA:4,5
DA:6,5
DA:7,5
DA:61,5
DA:66,2
DA:67,2
DA:74,1
DA:79,1
DA:81,1
DA:101,4
DA:103,4
DA:104,4
DA:105,3
DA:109,4
DA:110,3
DA:115,2
DA:116,1
DA:121,3
DA:140,3
DA:142,1
DA:143,1
DA:151,3
DA:153,3
DA:155,3
DA:156,1
DA:159,2
DA:162,2
DA:169,2
DA:171,2
DA:172,1
DA:176,1
DA:184,1
DA:190,1
DA:192,0
DA:193,0
DA:201,3
DA:203,3
DA:205,3
DA:206,1
DA:209,2
DA:212,2
DA:213,2
DA:215,2
DA:216,1
DA:219,1
DA:222,1
DA:231,1
DA:236,1
DA:238,1
DA:240,0
DA:241,0
DA:252,4
DA:253,4
DA:258,4
DA:259,4
DA:262,4
DA:263,1
DA:264,1
DA:265,1
DA:269,4
DA:270,1
DA:271,1
DA:272,1
DA:276,4
DA:277,1
DA:278,1
DA:279,1
DA:283,4
DA:284,4
DA:285,4
DA:286,4
DA:289,4
DA:290,4
DA:292,4
DA:294,3
DA:295,3
DA:297,1
DA:298,1
DA:306,2
DA:307,2
DA:309,2
DA:310,1
DA:313,1
DA:315,0
DA:323,4
DA:338,8
DA:359,5
LF:89
LH:84
BRDA:104,0,0,3
BRDA:109,1,0,3
BRDA:115,2,0,1
BRDA:132,3,0,3
BRDA:132,3,1,2
BRDA:133,4,0,3
BRDA:133,4,1,2
BRDA:134,5,0,3
BRDA:134,5,1,2
BRDA:136,6,0,3
BRDA:136,6,1,2
BRDA:155,7,0,1
BRDA:171,8,0,1
BRDA:205,9,0,1
BRDA:212,10,0,2
BRDA:212,10,1,0
BRDA:215,11,0,1
BRDA:262,12,0,1
BRDA:262,13,0,4
BRDA:262,13,1,1
BRDA:269,14,0,1
BRDA:276,15,0,1
BRDA:283,16,0,4
BRDA:290,17,0,4
BRDA:290,17,1,3
BRDA:309,18,0,1
BRDA:349,19,0,8
BRDA:349,19,1,4
BRF:28
BRH:27
end_of_record
TN:
SF:src/domains/messaging/ChannelService.ts
FN:37,(anonymous_0)
FN:79,(anonymous_1)
FN:96,(anonymous_2)
FN:105,(anonymous_3)
FN:115,(anonymous_4)
FN:129,(anonymous_5)
FN:139,(anonymous_6)
FN:185,(anonymous_7)
FN:202,(anonymous_8)
FN:220,(anonymous_9)
FN:240,(anonymous_10)
FNF:11
FNH:0
FNDA:0,(anonymous_0)
FNDA:0,(anonymous_1)
FNDA:0,(anonymous_2)
FNDA:0,(anonymous_3)
FNDA:0,(anonymous_4)
FNDA:0,(anonymous_5)
FNDA:0,(anonymous_6)
FNDA:0,(anonymous_7)
FNDA:0,(anonymous_8)
FNDA:0,(anonymous_9)
FNDA:0,(anonymous_10)
DA:1,4
DA:2,4
DA:31,4
DA:38,0
DA:40,0
DA:45,0
DA:46,0
DA:49,0
DA:63,0
DA:66,0
DA:67,0
DA:70,0
DA:72,0
DA:80,0
DA:81,0
DA:83,0
DA:84,0
DA:87,0
DA:89,0
DA:97,0
DA:98,0
DA:105,0
DA:106,0
DA:108,0
DA:119,0
DA:120,0
DA:129,0
DA:130,0
DA:132,0
DA:143,0
DA:144,0
DA:145,0
DA:146,0
DA:148,0
DA:149,0
DA:150,0
DA:152,0
DA:153,0
DA:154,0
DA:157,0
DA:158,0
DA:161,0
DA:162,0
DA:164,0
DA:172,0
DA:173,0
DA:176,0
DA:178,0
DA:186,0
DA:187,0
DA:189,0
DA:190,0
DA:193,0
DA:195,0
DA:203,0
DA:204,0
DA:211,0
DA:213,0
DA:221,0
DA:222,0
DA:227,0
DA:228,0
DA:231,0
DA:233,0
DA:241,0
DA:256,4
LF:66
LH:4
BRDA:45,0,0,0
BRDA:56,1,0,0
BRDA:56,1,1,0
BRDA:57,2,0,0
BRDA:57,2,1,0
BRDA:58,3,0,0
BRDA:58,3,1,0
BRDA:66,4,0,0
BRDA:83,5,0,0
BRDA:148,6,0,0
BRDA:152,7,0,0
BRDA:157,8,0,0
BRDA:172,9,0,0
BRDA:189,10,0,0
BRDA:227,11,0,0
BRF:15
BRH:0
end_of_record
TN:
SF:src/domains/messaging/MessageService.ts
FN:35,(anonymous_0)
FN:69,(anonymous_1)
FN:86,(anonymous_2)
FN:114,(anonymous_3)
FN:124,(anonymous_4)
FN:133,(anonymous_5)
FN:143,(anonymous_6)
FN:176,(anonymous_7)
FN:199,(anonymous_8)
FNF:9
FNH:0
FNDA:0,(anonymous_0)
FNDA:0,(anonymous_1)
FNDA:0,(anonymous_2)
FNDA:0,(anonymous_3)
FNDA:0,(anonymous_4)
FNDA:0,(anonymous_5)
FNDA:0,(anonymous_6)
FNDA:0,(anonymous_7)
FNDA:0,(anonymous_8)
DA:1,4
DA:2,4
DA:31,4
DA:36,0
DA:38,0
DA:45,0
DA:48,0
DA:60,0
DA:62,0
DA:70,0
DA:71,0
DA:73,0
DA:74,0
DA:77,0
DA:79,0
DA:91,0
DA:92,0
DA:102,0
DA:104,0
DA:105,0
DA:106,0
DA:109,0
DA:110,0
DA:112,0
DA:114,0
DA:115,0
DA:117,0
DA:125,0
DA:126,0
DA:133,0
DA:134,0
DA:136,0
DA:148,0
DA:150,0
DA:151,0
DA:152,0
DA:155,0
DA:156,0
DA:159,0
DA:167,0
DA:169,0
DA:177,0
DA:179,0
DA:180,0
DA:181,0
DA:184,0
DA:185,0
DA:188,0
DA:190,0
DA:192,0
DA:200,0
DA:217,4
LF:52
LH:4
BRDA:42,0,0,0
BRDA:42,0,1,0
BRDA:73,1,0,0
BRDA:88,2,0,0
BRDA:104,3,0,0
BRDA:151,4,0,0
BRDA:155,5,0,0
BRDA:180,6,0,0
BRDA:184,7,0,0
BRDA:206,8,0,0
BRDA:206,8,1,0
BRDA:208,9,0,0
BRDA:208,9,1,0
BRF:13
BRH:0
end_of_record
TN:
SF:src/domains/structure/StructureService.ts
FN:63,(anonymous_0)
FN:69,(anonymous_1)
FN:112,(anonymous_2)
FN:155,(anonymous_3)
FN:203,(anonymous_4)
FN:223,(anonymous_5)
FN:254,(anonymous_6)
FN:270,(anonymous_7)
FN:336,(anonymous_8)
FN:351,(anonymous_9)
FN:360,(anonymous_10)
FN:375,(anonymous_11)
FNF:12
FNH:12
FNDA:2,(anonymous_0)
FNDA:2,(anonymous_1)
FNDA:4,(anonymous_2)
FNDA:2,(anonymous_3)
FNDA:2,(anonymous_4)
FNDA:5,(anonymous_5)
FNDA:3,(anonymous_6)
FNDA:2,(anonymous_7)
FNDA:4,(anonymous_8)
FNDA:3,(anonymous_9)
FNDA:12,(anonymous_10)
FNDA:3,(anonymous_11)
DA:1,5
DA:2,5
DA:4,5
DA:6,5
DA:59,5
DA:68,2
DA:69,2
DA:71,2
DA:78,2
DA:81,2
DA:94,2
DA:97,1
DA:102,1
DA:104,1
DA:105,1
DA:113,4
DA:115,4
DA:124,4
DA:125,1
DA:128,3
DA:131,3
DA:141,3
DA:142,3
DA:144,3
DA:145,2
DA:146,2
DA:149,1
DA:152,1
DA:155,1
DA:157,2
DA:161,2
DA:164,2
DA:171,2
DA:177,1
DA:183,1
DA:192,1
DA:194,0
DA:195,0
DA:196,0
DA:204,2
DA:205,2
DA:210,2
DA:211,1
DA:214,1
DA:216,0
DA:224,5
DA:225,5
DA:233,5
DA:234,2
DA:237,3
DA:238,3
DA:247,0
DA:255,3
DA:257,3
DA:258,3
DA:259,1
DA:262,2
DA:265,2
DA:267,2
DA:270,2
DA:271,2
DA:273,6
DA:278,6
DA:279,4
DA:284,4
DA:289,2
DA:290,2
DA:295,2
DA:296,2
DA:305,2
DA:313,2
DA:319,2
DA:325,2
DA:327,0
DA:328,0
DA:329,0
DA:337,4
DA:338,4
DA:343,0
DA:352,3
DA:355,3
DA:356,2
DA:360,12
DA:361,3
DA:362,3
DA:365,3
DA:366,2
DA:369,3
DA:376,3
DA:387,5
LF:90
LH:81
BRDA:90,0,0,2
BRDA:90,0,1,0
BRDA:124,1,0,1
BRDA:144,2,0,2
BRDA:210,3,0,1
BRDA:233,4,0,2
BRDA:258,5,0,1
BRDA:278,6,0,4
BRDA:295,7,0,2
BRDA:355,8,0,2
BRDA:361,9,0,3
BRDA:362,10,0,3
BRDA:365,11,0,2
BRDA:365,12,0,3
BRDA:365,12,1,3
BRF:15
BRH:14
end_of_record
TN:
SF:src/domains/users/UserService.ts
FN:69,(anonymous_1)
FN:107,(anonymous_2)
FN:142,(anonymous_3)
FN:165,(anonymous_4)
FN:182,(anonymous_5)
FNF:5
FNH:0
FNDA:0,(anonymous_1)
FNDA:0,(anonymous_2)
FNDA:0,(anonymous_3)
FNDA:0,(anonymous_4)
FNDA:0,(anonymous_5)
DA:1,4
DA:2,4
DA:3,4
DA:4,4
DA:5,4
DA:63,4
DA:64,4
DA:70,0
DA:72,0
DA:77,0
DA:78,0
DA:82,0
DA:85,0
DA:92,0
DA:93,0
DA:96,0
DA:98,0
DA:100,0
DA:108,0
DA:110,0
DA:117,0
DA:118,0
DA:121,0
DA:124,0
DA:126,0
DA:127,0
DA:130,0
DA:131,0
DA:133,0
DA:135,0
DA:143,0
DA:144,0
DA:151,0
DA:152,0
DA:155,0
DA:156,0
DA:158,0
DA:166,0
DA:171,0
DA:175,0
DA:183,0
DA:194,4
LF:42
LH:8
BRDA:77,0,0,0
BRDA:117,1,0,0
BRDA:126,2,0,0
BRDA:151,3,0,0
BRDA:187,4,0,0
BRDA:187,4,1,0
BRF:6
BRH:0
end_of_record
TN:
SF:src/domains/workspace/WorkspaceService.ts
FN:61,(anonymous_0)
FN:74,(anonymous_1)
FN:115,(anonymous_2)
FN:132,(anonymous_3)
FN:149,(anonymous_4)
FN:160,(anonymous_5)
FN:170,(anonymous_6)
FN:233,(anonymous_7)
FN:250,(anonymous_8)
FN:267,(anonymous_9)
FN:287,(anonymous_10)
FNF:11
FNH:0
FNDA:0,(anonymous_0)
FNDA:0,(anonymous_1)
FNDA:0,(anonymous_2)
FNDA:0,(anonymous_3)
FNDA:0,(anonymous_4)
FNDA:0,(anonymous_5)
FNDA:0,(anonymous_6)
FNDA:0,(anonymous_7)
FNDA:0,(anonymous_8)
FNDA:0,(anonymous_9)
FNDA:0,(anonymous_10)
DA:1,4
DA:2,4
DA:57,4
DA:62,0
DA:64,0
DA:69,0
DA:70,0
DA:74,0
DA:76,0
DA:94,0
DA:97,0
DA:103,0
DA:106,0
DA:108,0
DA:116,0
DA:117,0
DA:119,0
DA:120,0
DA:123,0
DA:125,0
DA:133,0
DA:134,0
DA:136,0
DA:137,0
DA:140,0
DA:142,0
DA:150,0
DA:151,0
DA:160,0
DA:161,0
DA:163,0
DA:174,0
DA:175,0
DA:176,0
DA:177,0
DA:179,0
DA:180,0
DA:181,0
DA:183,0
DA:184,0
DA:185,0
DA:187,0
DA:188,0
DA:189,0
DA:191,0
DA:192,0
DA:193,0
DA:195,0
DA:196,0
DA:197,0
DA:199,0
DA:200,0
DA:201,0
DA:204,0
DA:206,0
DA:209,0
DA:210,0
DA:212,0
DA:220,0
DA:221,0
DA:224,0
DA:226,0
DA:234,0
DA:235,0
DA:237,0
DA:238,0
DA:241,0
DA:243,0
DA:251,0
DA:252,0
DA:258,0
DA:260,0
DA:271,0
DA:272,0
DA:278,0
DA:280,0
DA:288,0
DA:307,4
LF:78
LH:4
BRDA:69,0,0,0
BRDA:84,1,0,0
BRDA:84,1,1,0
BRDA:85,2,0,0
BRDA:85,2,1,0
BRDA:86,3,0,0
BRDA:86,3,1,0
BRDA:87,4,0,0
BRDA:87,4,1,0
BRDA:88,5,0,0
BRDA:88,5,1,0
BRDA:89,6,0,0
BRDA:89,6,1,0
BRDA:119,7,0,0
BRDA:136,8,0,0
BRDA:179,9,0,0
BRDA:183,10,0,0
BRDA:187,11,0,0
BRDA:191,12,0,0
BRDA:195,13,0,0
BRDA:199,14,0,0
BRDA:204,15,0,0
BRDA:220,16,0,0
BRDA:237,17,0,0
BRDA:278,18,0,0
BRDA:278,18,1,0
BRDA:300,19,0,0
BRDA:300,19,1,0
BRF:28
BRH:0
end_of_record
TN:
SF:src/http/websocket.ts
FN:18,setupWebSocket
FN:27,(anonymous_2)
FN:44,(anonymous_3)
FN:53,(anonymous_4)
FN:59,(anonymous_5)
FN:65,(anonymous_6)
FN:71,(anonymous_7)
FN:78,(anonymous_8)
FN:86,(anonymous_9)
FN:103,broadcastMessage
FN:110,broadcastToWorkspace
FNF:11
FNH:0
FNDA:0,setupWebSocket
FNDA:0,(anonymous_2)
FNDA:0,(anonymous_3)
FNDA:0,(anonymous_4)
FNDA:0,(anonymous_5)
FNDA:0,(anonymous_6)
FNDA:0,(anonymous_7)
FNDA:0,(anonymous_8)
FNDA:0,(anonymous_9)
FNDA:0,broadcastMessage
FNDA:0,broadcastToWorkspace
DA:2,4
DA:3,4
DA:4,4
DA:5,4
DA:18,4
DA:19,0
DA:27,0
DA:28,0
DA:30,0
DA:31,0
DA:34,0
DA:35,0
DA:36,0
DA:37,0
DA:39,0
DA:44,0
DA:45,0
DA:47,0
DA:53,0
DA:54,0
DA:55,0
DA:59,0
DA:60,0
DA:61,0
DA:65,0
DA:66,0
DA:67,0
DA:71,0
DA:72,0
DA:78,0
DA:79,0
DA:86,0
DA:87,0
DA:95,0
DA:97,0
DA:103,4
DA:104,0
DA:110,4
DA:111,0
LF:39
LH:7
BRDA:30,0,0,0
BRF:1
BRH:0
end_of_record
TN:
SF:src/http/middleware/auth.ts
FN:29,authMiddleware
FN:85,optionalAuthMiddleware
FNF:2
FNH:0
FNDA:0,authMiddleware
FNDA:0,optionalAuthMiddleware
DA:2,4
DA:3,4
DA:4,4
DA:29,4
DA:33,0
DA:35,0
DA:37,0
DA:38,0
DA:44,0
DA:45,0
DA:51,0
DA:54,0
DA:57,0
DA:59,0
DA:60,0
DA:61,0
DA:66,0
DA:67,0
DA:74,0
DA:85,4
DA:89,0
DA:91,0
DA:92,0
DA:95,0
DA:96,0
DA:97,0
DA:98,0
LF:27
LH:5
BRDA:37,0,0,0
BRDA:44,1,0,0
BRDA:59,2,0,0
BRDA:60,3,0,0
BRDA:66,4,0,0
BRDA:91,5,0,0
BRDA:91,6,0,0
BRDA:91,6,1,0
BRF:8
BRH:0
end_of_record
TN:
SF:src/http/middleware/error-handler.ts
FN:9,errorHandler
FN:28,(anonymous_1)
FN:64,mapStatusCodeToIssue
FNF:3
FNH:0
FNDA:0,errorHandler
FNDA:0,(anonymous_1)
FNDA:0,mapStatusCodeToIssue
DA:2,4
DA:3,4
DA:4,4
DA:9,4
DA:14,0
DA:17,0
DA:27,0
DA:28,0
DA:36,0
DA:43,0
DA:44,0
DA:45,0
DA:52,0
DA:58,0
DA:65,0
DA:67,0
DA:69,0
DA:71,0
DA:73,0
DA:75,0
DA:77,0
LF:21
LH:4
BRDA:27,0,0,0
BRDA:43,1,0,0
BRDA:53,2,0,0
BRDA:53,2,1,0
BRDA:65,3,0,0
BRDA:65,3,1,0
BRDA:65,3,2,0
BRDA:65,3,3,0
BRDA:65,3,4,0
BRDA:65,3,5,0
BRF:10
BRH:0
end_of_record
TN:
SF:src/http/middleware/validation.ts
FN:8,validateBody
FN:9,(anonymous_1)
FN:23,validateQuery
FN:24,(anonymous_3)
FN:36,validateParams
FN:37,(anonymous_5)
FNF:6
FNH:0
FNDA:0,validateBody
FNDA:0,(anonymous_1)
FNDA:0,validateQuery
FNDA:0,(anonymous_3)
FNDA:0,validateParams
FNDA:0,(anonymous_5)
DA:8,4
DA:9,0
DA:10,0
DA:12,0
DA:15,0
DA:23,4
DA:24,0
DA:25,0
DA:26,0
DA:28,0
DA:36,4
DA:37,0
DA:38,0
DA:39,0
DA:41,0
LF:15
LH:3
BRF:0
BRH:0
end_of_record
TN:
SF:src/http/routes/auth.ts
FN:11,authRoutes
FN:21,(anonymous_1)
FN:41,(anonymous_2)
FN:61,(anonymous_3)
FNF:4
FNH:0
FNDA:0,authRoutes
FNDA:0,(anonymous_1)
FNDA:0,(anonymous_2)
FNDA:0,(anonymous_3)
DA:2,4
DA:3,4
DA:4,4
DA:5,4
DA:6,4
DA:11,4
DA:16,0
DA:22,0
DA:24,0
DA:25,0
DA:28,0
DA:36,0
DA:42,0
DA:44,0
DA:45,0
DA:48,0
DA:56,0
DA:63,0
DA:65,0
DA:67,0
DA:68,0
DA:71,0
LF:22
LH:6
BRDA:24,0,0,0
BRDA:44,1,0,0
BRDA:67,2,0,0
BRF:3
BRH:0
end_of_record
TN:
SF:src/http/routes/filehub.ts
FN:24,fileHubRoutes
FN:34,(anonymous_1)
FN:66,(anonymous_2)
FN:108,(anonymous_3)
FN:130,(anonymous_4)
FNF:5
FNH:0
FNDA:0,fileHubRoutes
FNDA:0,(anonymous_1)
FNDA:0,(anonymous_2)
FNDA:0,(anonymous_3)
FNDA:0,(anonymous_4)
DA:2,4
DA:3,4
DA:4,4
DA:5,4
DA:6,4
DA:7,4
DA:9,4
DA:13,4
DA:24,4
DA:29,0
DA:35,0
DA:36,0
DA:39,0
DA:40,0
DA:41,0
DA:47,0
DA:49,0
DA:50,0
DA:53,0
DA:61,0
DA:67,0
DA:68,0
DA:71,0
DA:72,0
DA:73,0
DA:77,0
DA:79,0
DA:89,0
DA:91,0
DA:92,0
DA:95,0
DA:103,0
DA:109,0
DA:111,0
DA:113,0
DA:114,0
DA:117,0
DA:125,0
DA:131,0
DA:133,0
DA:135,0
DA:136,0
DA:139,0
LF:43
LH:9
BRDA:40,0,0,0
BRDA:49,1,0,0
BRDA:72,2,0,0
BRDA:72,3,0,0
BRDA:72,3,1,0
BRDA:80,4,0,0
BRDA:80,4,1,0
BRDA:82,5,0,0
BRDA:82,5,1,0
BRDA:86,6,0,0
BRDA:86,6,1,0
BRDA:91,7,0,0
BRDA:113,8,0,0
BRDA:135,9,0,0
BRF:14
BRH:0
end_of_record
TN:
SF:src/http/routes/health.ts
FN:9,healthRoutes
FN:14,(anonymous_2)
FN:38,(anonymous_3)
FN:46,(anonymous_4)
FNF:4
FNH:0
FNDA:0,healthRoutes
FNDA:0,(anonymous_2)
FNDA:0,(anonymous_3)
FNDA:0,(anonymous_4)
DA:2,4
DA:3,4
DA:4,4
DA:9,4
DA:14,0
DA:15,0
DA:17,0
DA:29,0
DA:31,0
DA:38,0
DA:39,0
DA:46,0
DA:47,0
DA:49,0
DA:50,0
DA:56,0
LF:16
LH:4
BRDA:18,0,0,0
BRDA:18,0,1,0
BRDA:24,1,0,0
BRDA:24,1,1,0
BRDA:29,2,0,0
BRDA:29,2,1,0
BRDA:49,3,0,0
BRF:7
BRH:0
end_of_record
TN:
SF:src/http/routes/messaging.ts
FN:30,messagingRoutes
FN:40,(anonymous_1)
FN:73,(anonymous_2)
FN:95,(anonymous_3)
FN:120,(anonymous_4)
FN:152,(anonymous_5)
FN:177,(anonymous_6)
FNF:7
FNH:0
FNDA:0,messagingRoutes
FNDA:0,(anonymous_1)
FNDA:0,(anonymous_2)
FNDA:0,(anonymous_3)
FNDA:0,(anonymous_4)
FNDA:0,(anonymous_5)
FNDA:0,(anonymous_6)
DA:2,4
DA:3,4
DA:4,4
DA:5,4
DA:6,4
DA:7,4
DA:8,4
DA:10,4
DA:14,4
DA:18,4
DA:23,4
DA:30,4
DA:35,0
DA:41,0
DA:42,0
DA:45,0
DA:46,0
DA:47,0
DA:54,0
DA:56,0
DA:57,0
DA:60,0
DA:68,0
DA:74,0
DA:76,0
DA:78,0
DA:79,0
DA:82,0
DA:90,0
DA:96,0
DA:97,0
DA:98,0
DA:99,0
DA:101,0
DA:103,0
DA:104,0
DA:107,0
DA:115,0
DA:121,0
DA:122,0
DA:123,0
DA:125,0
DA:132,0
DA:133,0
DA:137,0
DA:139,0
DA:147,0
DA:153,0
DA:154,0
DA:155,0
DA:157,0
DA:159,0
DA:160,0
DA:161,0
DA:164,0
DA:172,0
DA:178,0
DA:179,0
DA:181,0
DA:183,0
DA:184,0
DA:185,0
DA:188,0
LF:63
LH:12
BRDA:46,0,0,0
BRDA:56,1,0,0
BRDA:78,2,0,0
BRDA:98,3,0,0
BRDA:98,3,1,0
BRDA:99,4,0,0
BRDA:99,4,1,0
BRDA:103,5,0,0
BRDA:132,6,0,0
BRDA:159,7,0,0
BRDA:160,8,0,0
BRDA:160,8,1,0
BRDA:183,9,0,0
BRDA:184,10,0,0
BRDA:184,10,1,0
BRF:15
BRH:0
end_of_record
TN:
SF:src/http/routes/structure.ts
FN:25,structureRoutes
FN:35,(anonymous_1)
FN:82,(anonymous_2)
FN:110,(anonymous_3)
FNF:4
FNH:0
FNDA:0,structureRoutes
FNDA:0,(anonymous_1)
FNDA:0,(anonymous_2)
FNDA:0,(anonymous_3)
DA:2,4
DA:3,4
DA:4,4
DA:5,4
DA:6,4
DA:7,4
DA:9,4
DA:18,4
DA:25,4
DA:30,0
DA:36,0
DA:37,0
DA:40,0
DA:41,0
DA:42,0
DA:49,0
DA:55,0
DA:56,0
DA:60,0
DA:62,0
DA:63,0
DA:66,0
DA:77,0
DA:83,0
DA:85,0
DA:87,0
DA:88,0
DA:92,0
DA:94,0
DA:105,0
DA:111,0
DA:112,0
DA:115,0
DA:116,0
DA:117,0
DA:120,0
DA:123,0
DA:124,0
DA:125,0
DA:132,0
DA:134,0
DA:135,0
DA:138,0
LF:43
LH:9
BRDA:41,0,0,0
BRDA:55,1,0,0
BRDA:62,2,0,0
BRDA:87,3,0,0
BRDA:96,4,0,0
BRDA:96,4,1,0
BRDA:116,5,0,0
BRDA:124,6,0,0
BRDA:134,7,0,0
BRF:9
BRH:0
end_of_record
TN:
SF:src/http/routes/workspaces.ts
FN:11,workspaceRoutes
FN:21,(anonymous_1)
FN:42,(anonymous_2)
FN:69,(anonymous_3)
FN:101,(anonymous_4)
FN:134,(anonymous_5)
FNF:6
FNH:0
FNDA:0,workspaceRoutes
FNDA:0,(anonymous_1)
FNDA:0,(anonymous_2)
FNDA:0,(anonymous_3)
FNDA:0,(anonymous_4)
FNDA:0,(anonymous_5)
DA:2,4
DA:3,4
DA:4,4
DA:5,4
DA:6,4
DA:11,4
DA:16,0
DA:22,0
DA:23,0
DA:25,0
DA:26,0
DA:29,0
DA:37,0
DA:43,0
DA:44,0
DA:46,0
DA:51,0
DA:52,0
DA:53,0
DA:56,0
DA:64,0
DA:70,0
DA:71,0
DA:74,0
DA:75,0
DA:76,0
DA:82,0
DA:84,0
DA:85,0
DA:88,0
DA:96,0
DA:102,0
DA:103,0
DA:104,0
DA:107,0
DA:108,0
DA:109,0
DA:115,0
DA:117,0
DA:118,0
DA:121,0
DA:129,0
DA:135,0
DA:136,0
DA:139,0
DA:140,0
DA:141,0
DA:144,0
DA:145,0
DA:151,0
DA:153,0
DA:154,0
DA:157,0
LF:53
LH:6
BRDA:25,0,0,0
BRDA:51,1,0,0
BRDA:52,2,0,0
BRDA:52,2,1,0
BRDA:75,3,0,0
BRDA:84,4,0,0
BRDA:108,5,0,0
BRDA:117,6,0,0
BRDA:140,7,0,0
BRDA:144,8,0,0
BRDA:153,9,0,0
BRF:11
BRH:0
end_of_record
TN:
SF:src/http/schemas/auth.ts
FNF:0
FNH:0
DA:1,4
DA:7,4
DA:15,4
DA:22,4
LF:4
LH:4
BRF:0
BRH:0
end_of_record
TN:
SF:src/http/schemas/workspace.ts
FNF:0
FNH:0
DA:1,4
DA:3,4
DA:20,4
DA:31,4
LF:4
LH:4
BRF:0
BRH:0
end_of_record
TN:
SF:src/infra/db/client.ts
FN:25,(anonymous_0)
FN:32,(anonymous_1)
FN:66,(anonymous_2)
FN:76,(anonymous_3)
FN:90,(anonymous_4)
FN:122,(anonymous_5)
FN:149,(anonymous_6)
FN:162,(anonymous_7)
FN:185,(anonymous_8)
FNF:9
FNH:7
FNDA:8,(anonymous_0)
FNDA:18,(anonymous_1)
FNDA:0,(anonymous_2)
FNDA:21,(anonymous_3)
FNDA:15,(anonymous_4)
FNDA:7,(anonymous_5)
FNDA:0,(anonymous_6)
FNDA:3,(anonymous_7)
FNDA:37,(anonymous_8)
DA:1,8
DA:2,8
DA:22,8
DA:23,8
DA:26,8
DA:33,18
DA:34,2
DA:35,2
DA:38,16
DA:39,16
DA:40,1
DA:43,15
DA:52,15
DA:53,15
DA:54,15
DA:55,15
DA:56,15
DA:57,15
DA:61,0
DA:62,0
DA:66,15
DA:67,0
DA:70,15
DA:77,21
DA:78,6
DA:81,15
DA:82,15
DA:83,15
DA:84,15
DA:91,15
DA:93,15
DA:94,1
DA:97,14
DA:98,14
DA:99,14
DA:100,11
DA:102,11
DA:108,11
DA:110,3
DA:115,3
DA:125,7
DA:127,7
DA:128,0
DA:131,7
DA:133,7
DA:134,7
DA:135,7
DA:136,1
DA:137,1
DA:139,6
DA:140,6
DA:142,7
DA:150,0
DA:152,0
DA:153,0
DA:156,0
DA:163,3
DA:164,1
DA:167,2
DA:168,2
DA:169,1
DA:178,1
DA:186,37
DA:187,0
DA:188,0
DA:190,0
DA:191,0
DA:198,8
LF:68
LH:56
BRDA:33,0,0,2
BRDA:39,1,0,1
BRDA:45,2,0,15
BRDA:45,2,1,10
BRDA:46,3,0,15
BRDA:46,3,1,10
BRDA:77,4,0,6
BRDA:93,5,0,1
BRDA:127,6,0,0
BRDA:152,7,0,0
BRDA:163,8,0,1
BRDA:186,9,0,0
BRDA:187,10,0,0
BRDA:187,11,0,0
BRDA:187,11,1,0
BRDA:190,12,0,0
BRDA:190,13,0,0
BRDA:190,13,1,0
BRF:18
BRH:9
end_of_record
TN:
SF:src/infra/db/migrate.ts
FN:18,ensureMigrationsTable
FN:28,getAppliedMigrations
FN:32,(anonymous_2)
FN:35,loadMigrationFiles
FN:38,(anonymous_4)
FN:41,(anonymous_5)
FN:55,runMigrations
FN:64,(anonymous_7)
FN:74,(anonymous_8)
FN:91,rollbackMigration
FN:102,(anonymous_10)
FN:106,(anonymous_11)
FN:112,(anonymous_12)
FN:113,(anonymous_13)
FNF:14
FNH:8
FNDA:5,ensureMigrationsTable
FNDA:5,getAppliedMigrations
FNDA:0,(anonymous_2)
FNDA:5,loadMigrationFiles
FNDA:25,(anonymous_4)
FNDA:25,(anonymous_5)
FNDA:5,runMigrations
FNDA:25,(anonymous_7)
FNDA:5,(anonymous_8)
FNDA:0,rollbackMigration
FNDA:0,(anonymous_10)
FNDA:0,(anonymous_11)
FNDA:0,(anonymous_12)
FNDA:0,(anonymous_13)
DA:1,5
DA:2,5
DA:3,5
DA:4,5
DA:5,5
DA:19,5
DA:29,5
DA:32,5
DA:36,5
DA:37,5
DA:38,25
DA:41,5
DA:42,25
DA:43,25
DA:44,0
DA:47,25
DA:48,25
DA:49,25
DA:51,25
DA:55,5
DA:56,5
DA:58,5
DA:59,5
DA:61,5
DA:62,5
DA:64,25
DA:66,5
DA:67,0
DA:68,0
DA:71,5
DA:72,5
DA:74,5
DA:76,5
DA:79,0
DA:85,0
DA:88,0
DA:91,5
DA:92,0
DA:93,0
DA:97,5
DA:98,0
DA:100,0
DA:101,0
DA:103,0
DA:104,0
DA:107,0
DA:108,0
DA:110,0
DA:111,0
DA:112,0
DA:114,0
DA:115,0
DA:118,0
DA:119,0
DA:120,0
LF:55
LH:32
BRDA:43,0,0,0
BRDA:66,1,0,0
BRDA:97,2,0,0
BRDA:98,3,0,0
BRDA:98,3,1,0
BRDA:100,4,0,0
BRDA:100,4,1,0
BRDA:110,5,0,0
BRDA:110,5,1,0
BRF:9
BRH:0
end_of_record
TN:
SF:src/shared/types/Result.ts
FN:32,Ok
FN:39,Err
FN:49,ErrSingle
FN:56,isOk
FN:63,isErr
FN:71,unwrap
FN:81,unwrapOr
FN:88,map
FN:101,flatMap
FN:114,mapErr
FN:129,combine
FN:152,(anonymous_11)
FN:159,(anonymous_12)
FN:165,(anonymous_13)
FN:171,(anonymous_14)
FN:177,(anonymous_15)
FN:183,(anonymous_16)
FN:189,(anonymous_17)
FNF:18
FNH:18
FNDA:62,Ok
FNDA:33,Err
FNDA:1,ErrSingle
FNDA:29,isOk
FNDA:15,isErr
FNDA:2,unwrap
FNDA:2,unwrapOr
FNDA:2,map
FNDA:3,flatMap
FNDA:2,mapErr
FNDA:3,combine
FNDA:3,(anonymous_11)
FNDA:13,(anonymous_12)
FNDA:1,(anonymous_13)
FNDA:1,(anonymous_14)
FNDA:1,(anonymous_15)
FNDA:18,(anonymous_16)
FNDA:4,(anonymous_17)
DA:32,10
DA:33,62
DA:39,10
DA:40,33
DA:41,2
DA:43,31
DA:49,10
DA:50,1
DA:56,10
DA:57,29
DA:63,10
DA:64,15
DA:71,10
DA:72,2
DA:73,1
DA:75,1
DA:81,10
DA:82,2
DA:88,10
DA:92,2
DA:93,1
DA:95,1
DA:101,10
DA:105,3
DA:106,2
DA:108,1
DA:114,10
DA:118,2
DA:119,1
DA:121,1
DA:129,10
DA:130,3
DA:131,3
DA:133,3
DA:134,7
DA:135,5
DA:137,2
DA:141,3
DA:142,1
DA:145,2
DA:151,10
DA:152,3
DA:159,13
DA:165,1
DA:171,1
DA:177,1
DA:183,18
DA:189,4
LF:48
LH:48
BRDA:40,0,0,2
BRDA:40,1,0,33
BRDA:40,1,1,32
BRDA:72,2,0,1
BRDA:82,3,0,1
BRDA:82,3,1,1
BRDA:92,4,0,1
BRDA:105,5,0,2
BRDA:118,6,0,1
BRDA:134,7,0,5
BRDA:134,7,1,2
BRDA:141,8,0,1
BRDA:161,9,0,12
BRDA:161,9,1,1
BRDA:165,10,0,1
BRDA:171,11,0,0
BRDA:183,12,0,5
BRF:17
BRH:16
end_of_record
TN:
SF:src/shared/utils/logger.ts
FN:23,createLogger
FN:38,withContext
FNF:2
FNH:0
FNDA:0,createLogger
FNDA:0,withContext
DA:1,9
DA:2,9
DA:4,9
DA:6,9
DA:23,9
DA:24,0
DA:25,0
DA:38,9
DA:39,0
LF:9
LH:6
BRDA:7,0,0,9
BRDA:7,0,1,0
BRDA:8,1,0,0
BRDA:8,1,1,9
BRDA:24,2,0,0
BRDA:24,2,1,0
BRF:6
BRH:2
end_of_record
